<?xml version="1.0" encoding="UTF-8"?>
<robot generator="Rebot 7.0 (Python 3.11.4 on win32)" generated="2025-10-06T19:39:26.300385" rpa="false" schemaversion="5">
<suite id="s1" name="Robot-Selenium Summary">
<suite id="s1-s1" name="Scenario001" source="E:\HawKishZ\งาน2025+\QA\Practice_test_project\project_web\robot\tests\scenario001.robot">
<test id="s1-s1-t1" name="TC-SR-001" line="7">
<kw name="Open Browser To Login Page" owner="keywords">
<kw name="Evaluate" owner="BuiltIn">
<msg time="2025-10-06T18:59:06.728808" level="INFO">${options} = &lt;selenium.webdriver.chrome.options.Options object at 0x00000156D434A110&gt;</msg>
<var>${options}</var>
<arg>sys.modules['selenium.webdriver'].ChromeOptions()</arg>
<arg>sys, selenium.webdriver</arg>
<doc>Evaluates the given expression in Python and returns the result.</doc>
<status status="PASS" start="2025-10-06T18:59:06.728808" elapsed="0.000000"/>
</kw>
<kw name="Create List" owner="BuiltIn">
<msg time="2025-10-06T18:59:06.729806" level="INFO">${args} = ['--disable-blink-features=AutomationControlled', '--incognito']</msg>
<var>${args}</var>
<arg>--disable-blink-features=AutomationControlled</arg>
<arg>--incognito</arg>
<doc>Returns a list containing given items.</doc>
<status status="PASS" start="2025-10-06T18:59:06.729806" elapsed="0.000000"/>
</kw>
<for flavor="IN">
<iter>
<kw name="Call Method" owner="BuiltIn">
<arg>${options}</arg>
<arg>add_argument</arg>
<arg>${arg}</arg>
<doc>Calls the named method of the given object with the provided arguments.</doc>
<status status="PASS" start="2025-10-06T18:59:06.729806" elapsed="0.000000"/>
</kw>
<var name="${arg}">--disable-blink-features=AutomationControlled</var>
<status status="PASS" start="2025-10-06T18:59:06.729806" elapsed="0.000000"/>
</iter>
<iter>
<kw name="Call Method" owner="BuiltIn">
<arg>${options}</arg>
<arg>add_argument</arg>
<arg>${arg}</arg>
<doc>Calls the named method of the given object with the provided arguments.</doc>
<status status="PASS" start="2025-10-06T18:59:06.729806" elapsed="0.000997"/>
</kw>
<var name="${arg}">--incognito</var>
<status status="PASS" start="2025-10-06T18:59:06.729806" elapsed="0.000997"/>
</iter>
<var>${arg}</var>
<value>@{args}</value>
<status status="PASS" start="2025-10-06T18:59:06.729806" elapsed="0.000997"/>
</for>
<kw name="Create Dictionary" owner="BuiltIn">
<msg time="2025-10-06T18:59:06.730803" level="INFO">&amp;{prefs} = { credentials_enable_service=False | profile.password_manager_enabled=False }</msg>
<var>&amp;{prefs}</var>
<arg>credentials_enable_service=False</arg>
<arg>profile.password_manager_enabled=False</arg>
<doc>Creates and returns a dictionary based on the given ``items``.</doc>
<status status="PASS" start="2025-10-06T18:59:06.730803" elapsed="0.000000"/>
</kw>
<kw name="Call Method" owner="BuiltIn">
<arg>${options}</arg>
<arg>add_experimental_option</arg>
<arg>prefs</arg>
<arg>${prefs}</arg>
<doc>Calls the named method of the given object with the provided arguments.</doc>
<status status="PASS" start="2025-10-06T18:59:06.730803" elapsed="0.000000"/>
</kw>
<kw name="Create Webdriver" owner="SeleniumLibrary">
<msg time="2025-10-06T18:59:06.731801" level="INFO">Creating an instance of the Chrome WebDriver.</msg>
<arg>Chrome</arg>
<arg>options=${options}</arg>
<doc>Creates an instance of Selenium WebDriver.</doc>
<status status="PASS" start="2025-10-06T18:59:06.731801" elapsed="2.899189"/>
</kw>
<kw name="Maximize Browser Window" owner="SeleniumLibrary">
<doc>Maximizes current browser window.</doc>
<status status="PASS" start="2025-10-06T18:59:09.630990" elapsed="0.021942"/>
</kw>
<kw name="Go To" owner="SeleniumLibrary">
<msg time="2025-10-06T18:59:09.652932" level="INFO">Opening url 'https://co-newsproject.com/'</msg>
<arg>${URL}</arg>
<doc>Navigates the current browser window to the provided ``url``.</doc>
<status status="PASS" start="2025-10-06T18:59:09.652932" elapsed="0.353129"/>
</kw>
<status status="PASS" start="2025-10-06T18:59:06.727811" elapsed="3.278250"/>
</kw>
<kw name="Login As Admin" owner="keywords">
<kw name="Input Text" owner="SeleniumLibrary">
<msg time="2025-10-06T18:59:10.007059" level="INFO">Typing text 'abcd' into text field 'id=login'.</msg>
<arg>id=login</arg>
<arg>${USERNAME}</arg>
<doc>Types the given ``text`` into the text field identified by ``locator``.</doc>
<status status="PASS" start="2025-10-06T18:59:10.007059" elapsed="0.068386"/>
</kw>
<kw name="Input Text" owner="SeleniumLibrary">
<msg time="2025-10-06T18:59:10.075445" level="INFO">Typing text '1234' into text field 'id=password'.</msg>
<arg>id=password</arg>
<arg>${PASSWORD}</arg>
<doc>Types the given ``text`` into the text field identified by ``locator``.</doc>
<status status="PASS" start="2025-10-06T18:59:10.075445" elapsed="0.048870"/>
</kw>
<kw name="Click Button" owner="SeleniumLibrary">
<msg time="2025-10-06T18:59:10.124315" level="INFO">Clicking button 'xpath=//*[@id="loginForm"]/button'.</msg>
<arg>xpath=//*[@id="loginForm"]/button</arg>
<doc>Clicks the button identified by ``locator``.</doc>
<status status="PASS" start="2025-10-06T18:59:10.124315" elapsed="0.050864"/>
</kw>
<kw name="Handle Alert" owner="SeleniumLibrary">
<msg time="2025-10-06T18:59:10.175179" level="INFO">HANDLE::&lt;class 'NoneType'&gt;::None</msg>
<arg>accept</arg>
<doc>Handles the current alert and returns its message.</doc>
<status status="PASS" start="2025-10-06T18:59:10.175179" elapsed="0.505029"/>
</kw>
<kw name="Wait Until Location Contains" owner="SeleniumLibrary">
<arg>dashboard</arg>
<doc>Waits until the current URL contains ``expected``.</doc>
<status status="PASS" start="2025-10-06T18:59:10.680208" elapsed="0.061031"/>
</kw>
<status status="PASS" start="2025-10-06T18:59:10.007059" elapsed="0.734180"/>
</kw>
<kw name="Navigate to News Dashboard" owner="keywords">
<kw name="Click Element" owner="SeleniumLibrary">
<msg time="2025-10-06T18:59:10.742237" level="INFO">Clicking element 'id=newsDropdown'.</msg>
<arg>id=newsDropdown</arg>
<doc>Click the element identified by ``locator``.</doc>
<status status="PASS" start="2025-10-06T18:59:10.742237" elapsed="0.052861"/>
</kw>
<kw name="Click Element" owner="SeleniumLibrary">
<msg time="2025-10-06T18:59:10.795098" level="INFO">Clicking element 'xpath=//*[@id="newsDropdownContent"]/a[1]'.</msg>
<arg>xpath=//*[@id="newsDropdownContent"]/a[1]</arg>
<doc>Click the element identified by ``locator``.</doc>
<status status="PASS" start="2025-10-06T18:59:10.795098" elapsed="0.079802"/>
</kw>
<kw name="Wait Until Page Contains Element" owner="SeleniumLibrary">
<arg>xpath=//tbody[@id="newsList"]</arg>
<arg>timeout=10s</arg>
<doc>Waits until the element ``locator`` appears on the current page.</doc>
<status status="PASS" start="2025-10-06T18:59:10.875898" elapsed="0.010970"/>
</kw>
<status status="PASS" start="2025-10-06T18:59:10.742237" elapsed="0.144631"/>
</kw>
<kw name="Navigate to Add News Page" owner="keywords">
<kw name="Click Element" owner="SeleniumLibrary">
<msg time="2025-10-06T18:59:10.887865" level="INFO">Clicking element 'xpath=//*[@id="content"]/a[1]'.</msg>
<arg>xpath=//*[@id="content"]/a[1]</arg>
<doc>Click the element identified by ``locator``.</doc>
<status status="PASS" start="2025-10-06T18:59:10.887865" elapsed="0.102360"/>
</kw>
<status status="PASS" start="2025-10-06T18:59:10.887865" elapsed="0.102360"/>
</kw>
<kw name="Add News" owner="keywords">
<kw name="Get Current Date" owner="DateTime">
<msg time="2025-10-06T18:59:10.991221" level="INFO">${NEWS_DATE} = 2025-10-06T18:59</msg>
<var>${NEWS_DATE}</var>
<arg>result_format=%Y-%m-%dT%H:%M</arg>
<doc>Returns current local or UTC time with an optional increment.</doc>
<status status="PASS" start="2025-10-06T18:59:10.991221" elapsed="0.000000"/>
</kw>
<kw name="Input Text" owner="SeleniumLibrary">
<msg time="2025-10-06T18:59:10.991221" level="INFO">Typing text 'ทดสอบ Robot Framework' into text field 'id=newsName'.</msg>
<arg>id=newsName</arg>
<arg>${TITLE}</arg>
<doc>Types the given ``text`` into the text field identified by ``locator``.</doc>
<status status="PASS" start="2025-10-06T18:59:10.991221" elapsed="0.052860"/>
</kw>
<kw name="Input Text" owner="SeleniumLibrary">
<msg time="2025-10-06T18:59:11.044081" level="INFO">Typing text 'ทดสอบเนื้อหา' into text field 'id=newsDetails'.</msg>
<arg>id=newsDetails</arg>
<arg>${DETAIL}</arg>
<doc>Types the given ``text`` into the text field identified by ``locator``.</doc>
<status status="PASS" start="2025-10-06T18:59:11.044081" elapsed="0.041887"/>
</kw>
<kw name="Input Text" owner="SeleniumLibrary">
<msg time="2025-10-06T18:59:11.085968" level="INFO">Typing text '2025-10-06T18:59' into text field 'id=newsDate'.</msg>
<arg>id=newsDate</arg>
<arg>${NEWS_DATE}</arg>
<doc>Types the given ``text`` into the text field identified by ``locator``.</doc>
<status status="PASS" start="2025-10-06T18:59:11.085968" elapsed="0.050865"/>
</kw>
<kw name="Click Element" owner="SeleniumLibrary">
<msg time="2025-10-06T18:59:11.136833" level="INFO">Clicking element 'id=newsDetails'.</msg>
<arg>id=newsDetails</arg>
<doc>Click the element identified by ``locator``.</doc>
<status status="PASS" start="2025-10-06T18:59:11.136833" elapsed="0.032912"/>
</kw>
<kw name="Select From List By Label" owner="SeleniumLibrary">
<msg time="2025-10-06T18:59:11.169745" level="INFO">Selecting options from selection list 'id=catId' by label กีฬา.</msg>
<arg>id=catId</arg>
<arg>${CATEGORY}</arg>
<doc>Selects options from selection list ``locator`` by ``labels``.</doc>
<status status="PASS" start="2025-10-06T18:59:11.169745" elapsed="0.028923"/>
</kw>
<kw name="Select From List By Label" owner="SeleniumLibrary">
<msg time="2025-10-06T18:59:11.198668" level="INFO">Selecting options from selection list 'id=majorId' by label 0.</msg>
<arg>id=majorId</arg>
<arg>${MAJOR}</arg>
<doc>Selects options from selection list ``locator`` by ``labels``.</doc>
<status status="PASS" start="2025-10-06T18:59:11.198668" elapsed="0.023936"/>
</kw>
<kw name="Click Button" owner="SeleniumLibrary">
<msg time="2025-10-06T18:59:11.222604" level="INFO">Clicking button 'xpath=//*[@id="addNewsForm"]/button[2]'.</msg>
<arg>xpath=//*[@id="addNewsForm"]/button[2]</arg>
<doc>Clicks the button identified by ``locator``.</doc>
<status status="PASS" start="2025-10-06T18:59:11.222604" elapsed="0.052859"/>
</kw>
<kw name="Handle Alert" owner="SeleniumLibrary">
<msg time="2025-10-06T18:59:11.275463" level="INFO">HANDLE::&lt;class 'NoneType'&gt;::None</msg>
<arg>accept</arg>
<doc>Handles the current alert and returns its message.</doc>
<status status="PASS" start="2025-10-06T18:59:11.275463" elapsed="0.505360"/>
</kw>
<kw name="Wait Until Location Contains" owner="SeleniumLibrary">
<arg>expected=${URL}views/news/news.html</arg>
<doc>Waits until the current URL contains ``expected``.</doc>
<status status="PASS" start="2025-10-06T18:59:11.781822" elapsed="0.019945"/>
</kw>
<kw name="Wait Until Page Contains" owner="SeleniumLibrary">
<arg>text=${TITLE}</arg>
<arg>timeout=10s</arg>
<doc>Waits until ``text`` appears on the current page.</doc>
<status status="PASS" start="2025-10-06T18:59:11.801767" elapsed="0.212929"/>
</kw>
<status status="PASS" start="2025-10-06T18:59:10.990225" elapsed="1.024471"/>
</kw>
<kw name="Close All Browsers" owner="SeleniumLibrary">
<doc>Closes all open browsers and resets the browser cache.</doc>
<status status="PASS" start="2025-10-06T18:59:12.015695" elapsed="6.170685"/>
</kw>
<status status="PASS" start="2025-10-06T18:59:06.727811" elapsed="11.458569"/>
</test>
<test id="s1-s1-t2" name="TC-SR-002" line="15">
<kw name="Open Browser To Login Page" owner="keywords">
<kw name="Evaluate" owner="BuiltIn">
<msg time="2025-10-06T18:59:18.188355" level="INFO">${options} = &lt;selenium.webdriver.chrome.options.Options object at 0x00000156D42E3D50&gt;</msg>
<var>${options}</var>
<arg>sys.modules['selenium.webdriver'].ChromeOptions()</arg>
<arg>sys, selenium.webdriver</arg>
<doc>Evaluates the given expression in Python and returns the result.</doc>
<status status="PASS" start="2025-10-06T18:59:18.188355" elapsed="0.000000"/>
</kw>
<kw name="Create List" owner="BuiltIn">
<msg time="2025-10-06T18:59:18.188355" level="INFO">${args} = ['--disable-blink-features=AutomationControlled', '--incognito']</msg>
<var>${args}</var>
<arg>--disable-blink-features=AutomationControlled</arg>
<arg>--incognito</arg>
<doc>Returns a list containing given items.</doc>
<status status="PASS" start="2025-10-06T18:59:18.188355" elapsed="0.000000"/>
</kw>
<for flavor="IN">
<iter>
<kw name="Call Method" owner="BuiltIn">
<arg>${options}</arg>
<arg>add_argument</arg>
<arg>${arg}</arg>
<doc>Calls the named method of the given object with the provided arguments.</doc>
<status status="PASS" start="2025-10-06T18:59:18.188355" elapsed="0.000000"/>
</kw>
<var name="${arg}">--disable-blink-features=AutomationControlled</var>
<status status="PASS" start="2025-10-06T18:59:18.188355" elapsed="0.000999"/>
</iter>
<iter>
<kw name="Call Method" owner="BuiltIn">
<arg>${options}</arg>
<arg>add_argument</arg>
<arg>${arg}</arg>
<doc>Calls the named method of the given object with the provided arguments.</doc>
<status status="PASS" start="2025-10-06T18:59:18.189354" elapsed="0.000000"/>
</kw>
<var name="${arg}">--incognito</var>
<status status="PASS" start="2025-10-06T18:59:18.189354" elapsed="0.000000"/>
</iter>
<var>${arg}</var>
<value>@{args}</value>
<status status="PASS" start="2025-10-06T18:59:18.188355" elapsed="0.000999"/>
</for>
<kw name="Create Dictionary" owner="BuiltIn">
<msg time="2025-10-06T18:59:18.189354" level="INFO">&amp;{prefs} = { credentials_enable_service=False | profile.password_manager_enabled=False }</msg>
<var>&amp;{prefs}</var>
<arg>credentials_enable_service=False</arg>
<arg>profile.password_manager_enabled=False</arg>
<doc>Creates and returns a dictionary based on the given ``items``.</doc>
<status status="PASS" start="2025-10-06T18:59:18.189354" elapsed="0.000000"/>
</kw>
<kw name="Call Method" owner="BuiltIn">
<arg>${options}</arg>
<arg>add_experimental_option</arg>
<arg>prefs</arg>
<arg>${prefs}</arg>
<doc>Calls the named method of the given object with the provided arguments.</doc>
<status status="PASS" start="2025-10-06T18:59:18.189354" elapsed="0.000000"/>
</kw>
<kw name="Create Webdriver" owner="SeleniumLibrary">
<msg time="2025-10-06T18:59:18.190352" level="INFO">Creating an instance of the Chrome WebDriver.</msg>
<arg>Chrome</arg>
<arg>options=${options}</arg>
<doc>Creates an instance of Selenium WebDriver.</doc>
<status status="PASS" start="2025-10-06T18:59:18.190352" elapsed="1.281388"/>
</kw>
<kw name="Maximize Browser Window" owner="SeleniumLibrary">
<doc>Maximizes current browser window.</doc>
<status status="PASS" start="2025-10-06T18:59:19.471740" elapsed="0.022939"/>
</kw>
<kw name="Go To" owner="SeleniumLibrary">
<msg time="2025-10-06T18:59:19.494679" level="INFO">Opening url 'https://co-newsproject.com/'</msg>
<arg>${URL}</arg>
<doc>Navigates the current browser window to the provided ``url``.</doc>
<status status="PASS" start="2025-10-06T18:59:19.494679" elapsed="0.191414"/>
</kw>
<status status="PASS" start="2025-10-06T18:59:18.187329" elapsed="1.498764"/>
</kw>
<kw name="Login As Admin" owner="keywords">
<kw name="Input Text" owner="SeleniumLibrary">
<msg time="2025-10-06T18:59:19.687090" level="INFO">Typing text 'abcd' into text field 'id=login'.</msg>
<arg>id=login</arg>
<arg>${USERNAME}</arg>
<doc>Types the given ``text`` into the text field identified by ``locator``.</doc>
<status status="PASS" start="2025-10-06T18:59:19.687090" elapsed="0.069812"/>
</kw>
<kw name="Input Text" owner="SeleniumLibrary">
<msg time="2025-10-06T18:59:19.757901" level="INFO">Typing text '1234' into text field 'id=password'.</msg>
<arg>id=password</arg>
<arg>${PASSWORD}</arg>
<doc>Types the given ``text`` into the text field identified by ``locator``.</doc>
<status status="PASS" start="2025-10-06T18:59:19.757901" elapsed="0.047870"/>
</kw>
<kw name="Click Button" owner="SeleniumLibrary">
<msg time="2025-10-06T18:59:19.805771" level="INFO">Clicking button 'xpath=//*[@id="loginForm"]/button'.</msg>
<arg>xpath=//*[@id="loginForm"]/button</arg>
<doc>Clicks the button identified by ``locator``.</doc>
<status status="PASS" start="2025-10-06T18:59:19.805771" elapsed="0.054854"/>
</kw>
<kw name="Handle Alert" owner="SeleniumLibrary">
<msg time="2025-10-06T18:59:19.861624" level="INFO">HANDLE::&lt;class 'NoneType'&gt;::None</msg>
<arg>accept</arg>
<doc>Handles the current alert and returns its message.</doc>
<status status="PASS" start="2025-10-06T18:59:19.860625" elapsed="0.506153"/>
</kw>
<kw name="Wait Until Location Contains" owner="SeleniumLibrary">
<arg>dashboard</arg>
<doc>Waits until the current URL contains ``expected``.</doc>
<status status="PASS" start="2025-10-06T18:59:20.366778" elapsed="0.071807"/>
</kw>
<status status="PASS" start="2025-10-06T18:59:19.687090" elapsed="0.751495"/>
</kw>
<kw name="Navigate to News Dashboard" owner="keywords">
<kw name="Click Element" owner="SeleniumLibrary">
<msg time="2025-10-06T18:59:20.439583" level="INFO">Clicking element 'id=newsDropdown'.</msg>
<arg>id=newsDropdown</arg>
<doc>Click the element identified by ``locator``.</doc>
<status status="PASS" start="2025-10-06T18:59:20.439583" elapsed="0.058842"/>
</kw>
<kw name="Click Element" owner="SeleniumLibrary">
<msg time="2025-10-06T18:59:20.499424" level="INFO">Clicking element 'xpath=//*[@id="newsDropdownContent"]/a[1]'.</msg>
<arg>xpath=//*[@id="newsDropdownContent"]/a[1]</arg>
<doc>Click the element identified by ``locator``.</doc>
<status status="PASS" start="2025-10-06T18:59:20.498425" elapsed="0.081392"/>
</kw>
<kw name="Wait Until Page Contains Element" owner="SeleniumLibrary">
<arg>xpath=//tbody[@id="newsList"]</arg>
<arg>timeout=10s</arg>
<doc>Waits until the element ``locator`` appears on the current page.</doc>
<status status="PASS" start="2025-10-06T18:59:20.579817" elapsed="0.011968"/>
</kw>
<status status="PASS" start="2025-10-06T18:59:20.439583" elapsed="0.152202"/>
</kw>
<kw name="Search and Navigate to Edit News Page" owner="keywords">
<kw name="Select From List By Label" owner="SeleniumLibrary">
<msg time="2025-10-06T18:59:20.591785" level="INFO">Selecting options from selection list 'id=searchType' by label ค้นหาตามชื่อข่าว.</msg>
<arg>id=searchType</arg>
<arg>${SEARCH_TYPE_1}</arg>
<doc>Selects options from selection list ``locator`` by ``labels``.</doc>
<status status="PASS" start="2025-10-06T18:59:20.591785" elapsed="0.028346"/>
</kw>
<kw name="Input Text" owner="SeleniumLibrary">
<msg time="2025-10-06T18:59:20.620131" level="INFO">Typing text 'ทดสอบ Robot Framework' into text field 'id=searchInput'.</msg>
<arg>id=searchInput</arg>
<arg>${TITLE}</arg>
<doc>Types the given ``text`` into the text field identified by ``locator``.</doc>
<status status="PASS" start="2025-10-06T18:59:20.620131" elapsed="0.052638"/>
</kw>
<kw name="Set Variable" owner="BuiltIn">
<msg time="2025-10-06T18:59:20.673768" level="INFO">${xpath} = //tbody[@id="newsList"]/tr[td[2][normalize-space(text())="ทดสอบ Robot Framework"]]/td[last()]/button[contains(@onclick, 'editNews')]</msg>
<var>${xpath}</var>
<arg>//tbody[@id="newsList"]/tr[td[2][normalize-space(text())="${news_title}"]]/td[last()]/button[contains(@onclick, 'editNews')]</arg>
<doc>Returns the given values which can then be assigned to a variables.</doc>
<status status="PASS" start="2025-10-06T18:59:20.673768" elapsed="0.000000"/>
</kw>
<kw name="Wait Until Element Is Visible" owner="SeleniumLibrary">
<arg>xpath=${xpath}</arg>
<arg>timeout=5s</arg>
<doc>Waits until the element ``locator`` is visible.</doc>
<status status="PASS" start="2025-10-06T18:59:20.673768" elapsed="0.088176"/>
</kw>
<kw name="Click Element" owner="SeleniumLibrary">
<msg time="2025-10-06T18:59:20.762941" level="INFO">Clicking element 'xpath=//tbody[@id="newsList"]/tr[td[2][normalize-space(text())="ทดสอบ Robot Framework"]]/td[last()]/button[contains(@onclick, 'editNews')]'.</msg>
<arg>xpath=${xpath}</arg>
<doc>Click the element identified by ``locator``.</doc>
<status status="PASS" start="2025-10-06T18:59:20.761944" elapsed="0.078308"/>
</kw>
<kw name="Wait Until Location Contains" owner="SeleniumLibrary">
<arg>expected=${URL}views/news/edit-news.html</arg>
<arg>timeout=5s</arg>
<doc>Waits until the current URL contains ``expected``.</doc>
<status status="PASS" start="2025-10-06T18:59:20.840252" elapsed="0.006980"/>
</kw>
<arg>${TITLE}</arg>
<status status="PASS" start="2025-10-06T18:59:20.591785" elapsed="0.255447"/>
</kw>
<kw name="Edit News" owner="keywords">
<kw name="Get Current Date" owner="DateTime">
<msg time="2025-10-06T18:59:20.848229" level="INFO">${NEWS_DATE} = 2025-10-06T18:59</msg>
<var>${NEWS_DATE}</var>
<arg>result_format=%Y-%m-%dT%H:%M</arg>
<doc>Returns current local or UTC time with an optional increment.</doc>
<status status="PASS" start="2025-10-06T18:59:20.848229" elapsed="0.000000"/>
</kw>
<kw name="Wait Until Element Is Visible" owner="SeleniumLibrary">
<arg>id=newsDetails</arg>
<arg>timeout=5s</arg>
<doc>Waits until the element ``locator`` is visible.</doc>
<status status="PASS" start="2025-10-06T18:59:20.848229" elapsed="0.011969"/>
</kw>
<kw name="Execute Javascript" owner="SeleniumLibrary">
<msg time="2025-10-06T18:59:20.861194" level="INFO">Executing JavaScript:
document.getElementById("newsDetails").value = ""
Without any arguments.</msg>
<arg>document.getElementById("newsDetails").value = ""</arg>
<doc>Executes the given JavaScript code with possible arguments.</doc>
<status status="PASS" start="2025-10-06T18:59:20.860198" elapsed="0.002991"/>
</kw>
<kw name="Input Text" owner="SeleniumLibrary">
<msg time="2025-10-06T18:59:20.863189" level="INFO">Typing text 'ทดสอบ แก้ไข' into text field 'id=newsDetails'.</msg>
<arg>id=newsDetails</arg>
<arg>${EDIT_DETAIL}</arg>
<doc>Types the given ``text`` into the text field identified by ``locator``.</doc>
<status status="PASS" start="2025-10-06T18:59:20.863189" elapsed="0.038897"/>
</kw>
<kw name="Execute Javascript" owner="SeleniumLibrary">
<msg time="2025-10-06T18:59:20.903084" level="INFO">Executing JavaScript:
document.getElementById("newsDate").value = "2025-10-06T18:59";
Without any arguments.</msg>
<arg>document.getElementById("newsDate").value = "${NEWS_DATE}";</arg>
<doc>Executes the given JavaScript code with possible arguments.</doc>
<status status="PASS" start="2025-10-06T18:59:20.902086" elapsed="0.003990"/>
</kw>
<kw name="Sleep" owner="BuiltIn">
<msg time="2025-10-06T18:59:23.906539" level="INFO">Slept 3 seconds.</msg>
<arg>3s</arg>
<doc>Pauses the test executed for the given time.</doc>
<status status="PASS" start="2025-10-06T18:59:20.906076" elapsed="3.000463"/>
</kw>
<kw name="Click Element" owner="SeleniumLibrary">
<msg time="2025-10-06T18:59:23.906539" level="INFO">Clicking element 'id=newsDetails'.</msg>
<arg>id=newsDetails</arg>
<doc>Click the element identified by ``locator``.</doc>
<status status="PASS" start="2025-10-06T18:59:23.906539" elapsed="0.031924"/>
</kw>
<kw name="Click Button" owner="SeleniumLibrary">
<msg time="2025-10-06T18:59:23.938463" level="INFO">Clicking button 'xpath=//*[@id="editNewsForm"]/button[2]'.</msg>
<arg>xpath=//*[@id="editNewsForm"]/button[2]</arg>
<doc>Clicks the button identified by ``locator``.</doc>
<status status="PASS" start="2025-10-06T18:59:23.938463" elapsed="0.042876"/>
</kw>
<kw name="Handle Alert" owner="SeleniumLibrary">
<msg time="2025-10-06T18:59:23.981339" level="INFO">HANDLE::&lt;class 'NoneType'&gt;::None</msg>
<arg>accept</arg>
<doc>Handles the current alert and returns its message.</doc>
<status status="PASS" start="2025-10-06T18:59:23.981339" elapsed="0.504117"/>
</kw>
<kw name="Wait Until Location Contains" owner="SeleniumLibrary">
<arg>expected=${URL}views/news/news.html</arg>
<doc>Waits until the current URL contains ``expected``.</doc>
<status status="PASS" start="2025-10-06T18:59:24.486453" elapsed="0.024934"/>
</kw>
<kw name="Wait Until Page Contains" owner="SeleniumLibrary">
<arg>text=${EDIT_DETAIL}</arg>
<arg>timeout=10s</arg>
<doc>Waits until ``text`` appears on the current page.</doc>
<status status="PASS" start="2025-10-06T18:59:24.511387" elapsed="0.214039"/>
</kw>
<status status="PASS" start="2025-10-06T18:59:20.848229" elapsed="3.877197"/>
</kw>
<kw name="Close All Browsers" owner="SeleniumLibrary">
<doc>Closes all open browsers and resets the browser cache.</doc>
<status status="PASS" start="2025-10-06T18:59:24.726423" elapsed="6.198721"/>
</kw>
<status status="PASS" start="2025-10-06T18:59:18.187329" elapsed="12.737815"/>
</test>
<test id="s1-s1-t3" name="TC-SR-003" line="23">
<kw name="Open Browser To Login Page" owner="keywords">
<kw name="Evaluate" owner="BuiltIn">
<msg time="2025-10-06T18:59:30.927476" level="INFO">${options} = &lt;selenium.webdriver.chrome.options.Options object at 0x00000156D4362810&gt;</msg>
<var>${options}</var>
<arg>sys.modules['selenium.webdriver'].ChromeOptions()</arg>
<arg>sys, selenium.webdriver</arg>
<doc>Evaluates the given expression in Python and returns the result.</doc>
<status status="PASS" start="2025-10-06T18:59:30.927476" elapsed="0.000000"/>
</kw>
<kw name="Create List" owner="BuiltIn">
<msg time="2025-10-06T18:59:30.927476" level="INFO">${args} = ['--disable-blink-features=AutomationControlled', '--incognito']</msg>
<var>${args}</var>
<arg>--disable-blink-features=AutomationControlled</arg>
<arg>--incognito</arg>
<doc>Returns a list containing given items.</doc>
<status status="PASS" start="2025-10-06T18:59:30.927476" elapsed="0.000000"/>
</kw>
<for flavor="IN">
<iter>
<kw name="Call Method" owner="BuiltIn">
<arg>${options}</arg>
<arg>add_argument</arg>
<arg>${arg}</arg>
<doc>Calls the named method of the given object with the provided arguments.</doc>
<status status="PASS" start="2025-10-06T18:59:30.927476" elapsed="0.000000"/>
</kw>
<var name="${arg}">--disable-blink-features=AutomationControlled</var>
<status status="PASS" start="2025-10-06T18:59:30.927476" elapsed="0.000997"/>
</iter>
<iter>
<kw name="Call Method" owner="BuiltIn">
<arg>${options}</arg>
<arg>add_argument</arg>
<arg>${arg}</arg>
<doc>Calls the named method of the given object with the provided arguments.</doc>
<status status="PASS" start="2025-10-06T18:59:30.928473" elapsed="0.000000"/>
</kw>
<var name="${arg}">--incognito</var>
<status status="PASS" start="2025-10-06T18:59:30.928473" elapsed="0.000000"/>
</iter>
<var>${arg}</var>
<value>@{args}</value>
<status status="PASS" start="2025-10-06T18:59:30.927476" elapsed="0.000997"/>
</for>
<kw name="Create Dictionary" owner="BuiltIn">
<msg time="2025-10-06T18:59:30.928473" level="INFO">&amp;{prefs} = { credentials_enable_service=False | profile.password_manager_enabled=False }</msg>
<var>&amp;{prefs}</var>
<arg>credentials_enable_service=False</arg>
<arg>profile.password_manager_enabled=False</arg>
<doc>Creates and returns a dictionary based on the given ``items``.</doc>
<status status="PASS" start="2025-10-06T18:59:30.928473" elapsed="0.000000"/>
</kw>
<kw name="Call Method" owner="BuiltIn">
<arg>${options}</arg>
<arg>add_experimental_option</arg>
<arg>prefs</arg>
<arg>${prefs}</arg>
<doc>Calls the named method of the given object with the provided arguments.</doc>
<status status="PASS" start="2025-10-06T18:59:30.928473" elapsed="0.000000"/>
</kw>
<kw name="Create Webdriver" owner="SeleniumLibrary">
<msg time="2025-10-06T18:59:30.929470" level="INFO">Creating an instance of the Chrome WebDriver.</msg>
<arg>Chrome</arg>
<arg>options=${options}</arg>
<doc>Creates an instance of Selenium WebDriver.</doc>
<status status="PASS" start="2025-10-06T18:59:30.929470" elapsed="1.215414"/>
</kw>
<kw name="Maximize Browser Window" owner="SeleniumLibrary">
<doc>Maximizes current browser window.</doc>
<status status="PASS" start="2025-10-06T18:59:32.144884" elapsed="0.023935"/>
</kw>
<kw name="Go To" owner="SeleniumLibrary">
<msg time="2025-10-06T18:59:32.168819" level="INFO">Opening url 'https://co-newsproject.com/'</msg>
<arg>${URL}</arg>
<doc>Navigates the current browser window to the provided ``url``.</doc>
<status status="PASS" start="2025-10-06T18:59:32.168819" elapsed="0.347406"/>
</kw>
<status status="PASS" start="2025-10-06T18:59:30.926476" elapsed="1.589749"/>
</kw>
<kw name="Login As Admin" owner="keywords">
<kw name="Input Text" owner="SeleniumLibrary">
<msg time="2025-10-06T18:59:32.517221" level="INFO">Typing text 'abcd' into text field 'id=login'.</msg>
<arg>id=login</arg>
<arg>${USERNAME}</arg>
<doc>Types the given ``text`` into the text field identified by ``locator``.</doc>
<status status="PASS" start="2025-10-06T18:59:32.517221" elapsed="0.065824"/>
</kw>
<kw name="Input Text" owner="SeleniumLibrary">
<msg time="2025-10-06T18:59:32.584043" level="INFO">Typing text '1234' into text field 'id=password'.</msg>
<arg>id=password</arg>
<arg>${PASSWORD}</arg>
<doc>Types the given ``text`` into the text field identified by ``locator``.</doc>
<status status="PASS" start="2025-10-06T18:59:32.583045" elapsed="0.044882"/>
</kw>
<kw name="Click Button" owner="SeleniumLibrary">
<msg time="2025-10-06T18:59:32.627927" level="INFO">Clicking button 'xpath=//*[@id="loginForm"]/button'.</msg>
<arg>xpath=//*[@id="loginForm"]/button</arg>
<doc>Clicks the button identified by ``locator``.</doc>
<status status="PASS" start="2025-10-06T18:59:32.627927" elapsed="0.051862"/>
</kw>
<kw name="Handle Alert" owner="SeleniumLibrary">
<msg time="2025-10-06T18:59:32.679789" level="INFO">HANDLE::&lt;class 'NoneType'&gt;::None</msg>
<arg>accept</arg>
<doc>Handles the current alert and returns its message.</doc>
<status status="PASS" start="2025-10-06T18:59:32.679789" elapsed="0.505442"/>
</kw>
<kw name="Wait Until Location Contains" owner="SeleniumLibrary">
<arg>dashboard</arg>
<doc>Waits until the current URL contains ``expected``.</doc>
<status status="PASS" start="2025-10-06T18:59:33.185231" elapsed="0.050622"/>
</kw>
<status status="PASS" start="2025-10-06T18:59:32.516225" elapsed="0.720628"/>
</kw>
<kw name="Navigate to News Dashboard" owner="keywords">
<kw name="Click Element" owner="SeleniumLibrary">
<msg time="2025-10-06T18:59:33.236853" level="INFO">Clicking element 'id=newsDropdown'.</msg>
<arg>id=newsDropdown</arg>
<doc>Click the element identified by ``locator``.</doc>
<status status="PASS" start="2025-10-06T18:59:33.236853" elapsed="0.052857"/>
</kw>
<kw name="Click Element" owner="SeleniumLibrary">
<msg time="2025-10-06T18:59:33.289710" level="INFO">Clicking element 'xpath=//*[@id="newsDropdownContent"]/a[1]'.</msg>
<arg>xpath=//*[@id="newsDropdownContent"]/a[1]</arg>
<doc>Click the element identified by ``locator``.</doc>
<status status="PASS" start="2025-10-06T18:59:33.289710" elapsed="0.074255"/>
</kw>
<kw name="Wait Until Page Contains Element" owner="SeleniumLibrary">
<arg>xpath=//tbody[@id="newsList"]</arg>
<arg>timeout=10s</arg>
<doc>Waits until the element ``locator`` appears on the current page.</doc>
<status status="PASS" start="2025-10-06T18:59:33.363965" elapsed="0.012966"/>
</kw>
<status status="PASS" start="2025-10-06T18:59:33.236853" elapsed="0.140078"/>
</kw>
<kw name="Search and Delete News" owner="keywords">
<kw name="Select From List By Label" owner="SeleniumLibrary">
<msg time="2025-10-06T18:59:33.377928" level="INFO">Selecting options from selection list 'id=searchType' by label ค้นหาตามชื่อข่าว.</msg>
<arg>id=searchType</arg>
<arg>${SEARCH_TYPE_1}</arg>
<doc>Selects options from selection list ``locator`` by ``labels``.</doc>
<status status="PASS" start="2025-10-06T18:59:33.376931" elapsed="0.028922"/>
</kw>
<kw name="Input Text" owner="SeleniumLibrary">
<msg time="2025-10-06T18:59:33.406850" level="INFO">Typing text 'ทดสอบ Robot Framework' into text field 'id=searchInput'.</msg>
<arg>id=searchInput</arg>
<arg>${TITLE}</arg>
<doc>Types the given ``text`` into the text field identified by ``locator``.</doc>
<status status="PASS" start="2025-10-06T18:59:33.406850" elapsed="0.075204"/>
</kw>
<kw name="Set Variable" owner="BuiltIn">
<msg time="2025-10-06T18:59:33.482054" level="INFO">${xpath} = //tbody[@id="newsList"]/tr[td[2][normalize-space(text())="ทดสอบ Robot Framework"]]/td[last()]/button[contains(@onclick, 'deleteNews')]</msg>
<var>${xpath}</var>
<arg>//tbody[@id="newsList"]/tr[td[2][normalize-space(text())="${news_title}"]]/td[last()]/button[contains(@onclick, 'deleteNews')]</arg>
<doc>Returns the given values which can then be assigned to a variables.</doc>
<status status="PASS" start="2025-10-06T18:59:33.482054" elapsed="0.000998"/>
</kw>
<kw name="Wait Until Element Is Visible" owner="SeleniumLibrary">
<arg>xpath=${xpath}</arg>
<arg>timeout=5s</arg>
<doc>Waits until the element ``locator`` is visible.</doc>
<status status="PASS" start="2025-10-06T18:59:33.483052" elapsed="0.013962"/>
</kw>
<kw name="Click Element" owner="SeleniumLibrary">
<msg time="2025-10-06T18:59:33.497014" level="INFO">Clicking element 'xpath=//tbody[@id="newsList"]/tr[td[2][normalize-space(text())="ทดสอบ Robot Framework"]]/td[last()]/button[contains(@onclick, 'deleteNews')]'.</msg>
<arg>xpath=${xpath}</arg>
<doc>Click the element identified by ``locator``.</doc>
<status status="PASS" start="2025-10-06T18:59:33.497014" elapsed="0.036902"/>
</kw>
<kw name="Handle Alert" owner="SeleniumLibrary">
<msg time="2025-10-06T18:59:33.533916" level="INFO">HANDLE::&lt;class 'NoneType'&gt;::None</msg>
<arg>accept</arg>
<doc>Handles the current alert and returns its message.</doc>
<status status="PASS" start="2025-10-06T18:59:33.533916" elapsed="0.003989"/>
</kw>
<kw name="Handle Alert" owner="SeleniumLibrary">
<msg time="2025-10-06T18:59:33.537905" level="INFO">HANDLE::&lt;class 'NoneType'&gt;::None</msg>
<arg>accept</arg>
<doc>Handles the current alert and returns its message.</doc>
<status status="PASS" start="2025-10-06T18:59:33.537905" elapsed="0.506739"/>
</kw>
<kw name="Wait Until Page Does Not Contain" owner="SeleniumLibrary">
<arg>${news_title}</arg>
<arg>timeout=5s</arg>
<doc>Waits until ``text`` disappears from the current page.</doc>
<status status="PASS" start="2025-10-06T18:59:34.044644" elapsed="0.029082"/>
</kw>
<arg>${TITLE}</arg>
<status status="PASS" start="2025-10-06T18:59:33.376931" elapsed="0.696795"/>
</kw>
<kw name="Close All Browsers" owner="SeleniumLibrary">
<doc>Closes all open browsers and resets the browser cache.</doc>
<status status="PASS" start="2025-10-06T18:59:34.073726" elapsed="6.164474"/>
</kw>
<status status="PASS" start="2025-10-06T18:59:30.926476" elapsed="9.311724"/>
</test>
<doc>Scenario 01 - ตรวจสอบฟังก์ชันการจัดการข้อมูลข่าวในระบบ</doc>
<status status="PASS" start="2025-10-06T18:59:06.445906" elapsed="33.793293"/>
</suite>
<suite id="s1-s2" name="Scenario002" source="E:\HawKishZ\งาน2025+\QA\Practice_test_project\project_web\robot\tests\scenario002.robot">
<test id="s1-s2-t1" name="TC-SR-004" line="9">
<kw name="Open Browser To Login Page" owner="keywords">
<kw name="Evaluate" owner="BuiltIn">
<msg time="2025-10-06T18:59:53.362665" level="INFO">${options} = &lt;selenium.webdriver.chrome.options.Options object at 0x0000022C186490D0&gt;</msg>
<var>${options}</var>
<arg>sys.modules['selenium.webdriver'].ChromeOptions()</arg>
<arg>sys, selenium.webdriver</arg>
<doc>Evaluates the given expression in Python and returns the result.</doc>
<status status="PASS" start="2025-10-06T18:59:53.362665" elapsed="0.000000"/>
</kw>
<kw name="Create List" owner="BuiltIn">
<msg time="2025-10-06T18:59:53.363628" level="INFO">${args} = ['--disable-blink-features=AutomationControlled', '--incognito']</msg>
<var>${args}</var>
<arg>--disable-blink-features=AutomationControlled</arg>
<arg>--incognito</arg>
<doc>Returns a list containing given items.</doc>
<status status="PASS" start="2025-10-06T18:59:53.363628" elapsed="0.000000"/>
</kw>
<for flavor="IN">
<iter>
<kw name="Call Method" owner="BuiltIn">
<arg>${options}</arg>
<arg>add_argument</arg>
<arg>${arg}</arg>
<doc>Calls the named method of the given object with the provided arguments.</doc>
<status status="PASS" start="2025-10-06T18:59:53.363628" elapsed="0.000000"/>
</kw>
<var name="${arg}">--disable-blink-features=AutomationControlled</var>
<status status="PASS" start="2025-10-06T18:59:53.363628" elapsed="0.000000"/>
</iter>
<iter>
<kw name="Call Method" owner="BuiltIn">
<arg>${options}</arg>
<arg>add_argument</arg>
<arg>${arg}</arg>
<doc>Calls the named method of the given object with the provided arguments.</doc>
<status status="PASS" start="2025-10-06T18:59:53.363628" elapsed="0.000997"/>
</kw>
<var name="${arg}">--incognito</var>
<status status="PASS" start="2025-10-06T18:59:53.363628" elapsed="0.000997"/>
</iter>
<var>${arg}</var>
<value>@{args}</value>
<status status="PASS" start="2025-10-06T18:59:53.363628" elapsed="0.000997"/>
</for>
<kw name="Create Dictionary" owner="BuiltIn">
<msg time="2025-10-06T18:59:53.364625" level="INFO">&amp;{prefs} = { credentials_enable_service=False | profile.password_manager_enabled=False }</msg>
<var>&amp;{prefs}</var>
<arg>credentials_enable_service=False</arg>
<arg>profile.password_manager_enabled=False</arg>
<doc>Creates and returns a dictionary based on the given ``items``.</doc>
<status status="PASS" start="2025-10-06T18:59:53.364625" elapsed="0.000000"/>
</kw>
<kw name="Call Method" owner="BuiltIn">
<arg>${options}</arg>
<arg>add_experimental_option</arg>
<arg>prefs</arg>
<arg>${prefs}</arg>
<doc>Calls the named method of the given object with the provided arguments.</doc>
<status status="PASS" start="2025-10-06T18:59:53.364625" elapsed="0.000000"/>
</kw>
<kw name="Create Webdriver" owner="SeleniumLibrary">
<msg time="2025-10-06T18:59:53.365623" level="INFO">Creating an instance of the Chrome WebDriver.</msg>
<arg>Chrome</arg>
<arg>options=${options}</arg>
<doc>Creates an instance of Selenium WebDriver.</doc>
<status status="PASS" start="2025-10-06T18:59:53.365623" elapsed="1.278726"/>
</kw>
<kw name="Maximize Browser Window" owner="SeleniumLibrary">
<doc>Maximizes current browser window.</doc>
<status status="PASS" start="2025-10-06T18:59:54.644349" elapsed="0.023947"/>
</kw>
<kw name="Go To" owner="SeleniumLibrary">
<msg time="2025-10-06T18:59:54.669281" level="INFO">Opening url 'https://co-newsproject.com/'</msg>
<arg>${URL}</arg>
<doc>Navigates the current browser window to the provided ``url``.</doc>
<status status="PASS" start="2025-10-06T18:59:54.668296" elapsed="0.388269"/>
</kw>
<status status="PASS" start="2025-10-06T18:59:53.361634" elapsed="1.695929"/>
</kw>
<kw name="Login As Admin" owner="keywords">
<kw name="Input Text" owner="SeleniumLibrary">
<msg time="2025-10-06T18:59:55.058561" level="INFO">Typing text 'abcd' into text field 'id=login'.</msg>
<arg>id=login</arg>
<arg>${USERNAME}</arg>
<doc>Types the given ``text`` into the text field identified by ``locator``.</doc>
<status status="PASS" start="2025-10-06T18:59:55.057563" elapsed="0.067818"/>
</kw>
<kw name="Input Text" owner="SeleniumLibrary">
<msg time="2025-10-06T18:59:55.126379" level="INFO">Typing text '1234' into text field 'id=password'.</msg>
<arg>id=password</arg>
<arg>${PASSWORD}</arg>
<doc>Types the given ``text`` into the text field identified by ``locator``.</doc>
<status status="PASS" start="2025-10-06T18:59:55.126379" elapsed="0.046033"/>
</kw>
<kw name="Click Button" owner="SeleniumLibrary">
<msg time="2025-10-06T18:59:55.173410" level="INFO">Clicking button 'xpath=//*[@id="loginForm"]/button'.</msg>
<arg>xpath=//*[@id="loginForm"]/button</arg>
<doc>Clicks the button identified by ``locator``.</doc>
<status status="PASS" start="2025-10-06T18:59:55.172412" elapsed="0.051861"/>
</kw>
<kw name="Handle Alert" owner="SeleniumLibrary">
<msg time="2025-10-06T18:59:55.224273" level="INFO">HANDLE::&lt;class 'NoneType'&gt;::None</msg>
<arg>accept</arg>
<doc>Handles the current alert and returns its message.</doc>
<status status="PASS" start="2025-10-06T18:59:55.224273" elapsed="0.505128"/>
</kw>
<kw name="Wait Until Location Contains" owner="SeleniumLibrary">
<arg>dashboard</arg>
<doc>Waits until the current URL contains ``expected``.</doc>
<status status="PASS" start="2025-10-06T18:59:55.729401" elapsed="0.057216"/>
</kw>
<status status="PASS" start="2025-10-06T18:59:55.057563" elapsed="0.729054"/>
</kw>
<kw name="Navigate to News Dashboard" owner="keywords">
<kw name="Click Element" owner="SeleniumLibrary">
<msg time="2025-10-06T18:59:55.787614" level="INFO">Clicking element 'id=newsDropdown'.</msg>
<arg>id=newsDropdown</arg>
<doc>Click the element identified by ``locator``.</doc>
<status status="PASS" start="2025-10-06T18:59:55.787614" elapsed="0.056422"/>
</kw>
<kw name="Click Element" owner="SeleniumLibrary">
<msg time="2025-10-06T18:59:55.844036" level="INFO">Clicking element 'xpath=//*[@id="newsDropdownContent"]/a[1]'.</msg>
<arg>xpath=//*[@id="newsDropdownContent"]/a[1]</arg>
<doc>Click the element identified by ``locator``.</doc>
<status status="PASS" start="2025-10-06T18:59:55.844036" elapsed="0.078324"/>
</kw>
<kw name="Wait Until Page Contains Element" owner="SeleniumLibrary">
<arg>xpath=//tbody[@id="newsList"]</arg>
<arg>timeout=10s</arg>
<doc>Waits until the element ``locator`` appears on the current page.</doc>
<status status="PASS" start="2025-10-06T18:59:55.922360" elapsed="0.011969"/>
</kw>
<status status="PASS" start="2025-10-06T18:59:55.786617" elapsed="0.147712"/>
</kw>
<kw name="Wait Until Location Contains" owner="SeleniumLibrary">
<arg>expected=${URL}views/news/news.html</arg>
<doc>Waits until the current URL contains ``expected``.</doc>
<status status="PASS" start="2025-10-06T18:59:55.934329" elapsed="0.002991"/>
</kw>
<kw name="Sleep" owner="BuiltIn">
<msg time="2025-10-06T18:59:57.938019" level="INFO">Slept 2 seconds.</msg>
<arg>2s</arg>
<doc>Pauses the test executed for the given time.</doc>
<status status="PASS" start="2025-10-06T18:59:55.937320" elapsed="2.000699"/>
</kw>
<kw name="Close All Browsers" owner="SeleniumLibrary">
<doc>Closes all open browsers and resets the browser cache.</doc>
<status status="PASS" start="2025-10-06T18:59:57.938019" elapsed="6.160406"/>
</kw>
<status status="PASS" start="2025-10-06T18:59:53.361634" elapsed="10.736791"/>
</test>
<test id="s1-s2-t2" name="TC-SR-005" line="17">
<kw name="Open Browser To Login Page" owner="keywords">
<kw name="Evaluate" owner="BuiltIn">
<msg time="2025-10-06T19:00:04.100443" level="INFO">${options} = &lt;selenium.webdriver.chrome.options.Options object at 0x0000022C18675210&gt;</msg>
<var>${options}</var>
<arg>sys.modules['selenium.webdriver'].ChromeOptions()</arg>
<arg>sys, selenium.webdriver</arg>
<doc>Evaluates the given expression in Python and returns the result.</doc>
<status status="PASS" start="2025-10-06T19:00:04.100443" elapsed="0.000000"/>
</kw>
<kw name="Create List" owner="BuiltIn">
<msg time="2025-10-06T19:00:04.101417" level="INFO">${args} = ['--disable-blink-features=AutomationControlled', '--incognito']</msg>
<var>${args}</var>
<arg>--disable-blink-features=AutomationControlled</arg>
<arg>--incognito</arg>
<doc>Returns a list containing given items.</doc>
<status status="PASS" start="2025-10-06T19:00:04.101417" elapsed="0.000000"/>
</kw>
<for flavor="IN">
<iter>
<kw name="Call Method" owner="BuiltIn">
<arg>${options}</arg>
<arg>add_argument</arg>
<arg>${arg}</arg>
<doc>Calls the named method of the given object with the provided arguments.</doc>
<status status="PASS" start="2025-10-06T19:00:04.101417" elapsed="0.000000"/>
</kw>
<var name="${arg}">--disable-blink-features=AutomationControlled</var>
<status status="PASS" start="2025-10-06T19:00:04.101417" elapsed="0.000000"/>
</iter>
<iter>
<kw name="Call Method" owner="BuiltIn">
<arg>${options}</arg>
<arg>add_argument</arg>
<arg>${arg}</arg>
<doc>Calls the named method of the given object with the provided arguments.</doc>
<status status="PASS" start="2025-10-06T19:00:04.101417" elapsed="0.000000"/>
</kw>
<var name="${arg}">--incognito</var>
<status status="PASS" start="2025-10-06T19:00:04.101417" elapsed="0.000997"/>
</iter>
<var>${arg}</var>
<value>@{args}</value>
<status status="PASS" start="2025-10-06T19:00:04.101417" elapsed="0.000997"/>
</for>
<kw name="Create Dictionary" owner="BuiltIn">
<msg time="2025-10-06T19:00:04.102414" level="INFO">&amp;{prefs} = { credentials_enable_service=False | profile.password_manager_enabled=False }</msg>
<var>&amp;{prefs}</var>
<arg>credentials_enable_service=False</arg>
<arg>profile.password_manager_enabled=False</arg>
<doc>Creates and returns a dictionary based on the given ``items``.</doc>
<status status="PASS" start="2025-10-06T19:00:04.102414" elapsed="0.000000"/>
</kw>
<kw name="Call Method" owner="BuiltIn">
<arg>${options}</arg>
<arg>add_experimental_option</arg>
<arg>prefs</arg>
<arg>${prefs}</arg>
<doc>Calls the named method of the given object with the provided arguments.</doc>
<status status="PASS" start="2025-10-06T19:00:04.102414" elapsed="0.000000"/>
</kw>
<kw name="Create Webdriver" owner="SeleniumLibrary">
<msg time="2025-10-06T19:00:04.102414" level="INFO">Creating an instance of the Chrome WebDriver.</msg>
<arg>Chrome</arg>
<arg>options=${options}</arg>
<doc>Creates an instance of Selenium WebDriver.</doc>
<status status="PASS" start="2025-10-06T19:00:04.102414" elapsed="1.264254"/>
</kw>
<kw name="Maximize Browser Window" owner="SeleniumLibrary">
<doc>Maximizes current browser window.</doc>
<status status="PASS" start="2025-10-06T19:00:05.366668" elapsed="0.022939"/>
</kw>
<kw name="Go To" owner="SeleniumLibrary">
<msg time="2025-10-06T19:00:05.389607" level="INFO">Opening url 'https://co-newsproject.com/'</msg>
<arg>${URL}</arg>
<doc>Navigates the current browser window to the provided ``url``.</doc>
<status status="PASS" start="2025-10-06T19:00:05.389607" elapsed="0.198977"/>
</kw>
<status status="PASS" start="2025-10-06T19:00:04.100443" elapsed="1.488141"/>
</kw>
<kw name="Login As Admin" owner="keywords">
<kw name="Input Text" owner="SeleniumLibrary">
<msg time="2025-10-06T19:00:05.590577" level="INFO">Typing text 'abcd' into text field 'id=login'.</msg>
<arg>id=login</arg>
<arg>${USERNAME}</arg>
<doc>Types the given ``text`` into the text field identified by ``locator``.</doc>
<status status="PASS" start="2025-10-06T19:00:05.589582" elapsed="0.071807"/>
</kw>
<kw name="Input Text" owner="SeleniumLibrary">
<msg time="2025-10-06T19:00:05.662386" level="INFO">Typing text '1234' into text field 'id=password'.</msg>
<arg>id=password</arg>
<arg>${PASSWORD}</arg>
<doc>Types the given ``text`` into the text field identified by ``locator``.</doc>
<status status="PASS" start="2025-10-06T19:00:05.661389" elapsed="0.047871"/>
</kw>
<kw name="Click Button" owner="SeleniumLibrary">
<msg time="2025-10-06T19:00:05.709260" level="INFO">Clicking button 'xpath=//*[@id="loginForm"]/button'.</msg>
<arg>xpath=//*[@id="loginForm"]/button</arg>
<doc>Clicks the button identified by ``locator``.</doc>
<status status="PASS" start="2025-10-06T19:00:05.709260" elapsed="0.050864"/>
</kw>
<kw name="Handle Alert" owner="SeleniumLibrary">
<msg time="2025-10-06T19:00:05.760124" level="INFO">HANDLE::&lt;class 'NoneType'&gt;::None</msg>
<arg>accept</arg>
<doc>Handles the current alert and returns its message.</doc>
<status status="PASS" start="2025-10-06T19:00:05.760124" elapsed="0.505223"/>
</kw>
<kw name="Wait Until Location Contains" owner="SeleniumLibrary">
<arg>dashboard</arg>
<doc>Waits until the current URL contains ``expected``.</doc>
<status status="PASS" start="2025-10-06T19:00:06.265347" elapsed="0.072809"/>
</kw>
<status status="PASS" start="2025-10-06T19:00:05.589582" elapsed="0.748574"/>
</kw>
<kw name="Navigate to Picture Dashboard" owner="keywords">
<kw name="Click Element" owner="SeleniumLibrary">
<msg time="2025-10-06T19:00:06.339153" level="INFO">Clicking element 'id=newsDropdown'.</msg>
<arg>id=newsDropdown</arg>
<doc>Click the element identified by ``locator``.</doc>
<status status="PASS" start="2025-10-06T19:00:06.338156" elapsed="0.053386"/>
</kw>
<kw name="Click Element" owner="SeleniumLibrary">
<msg time="2025-10-06T19:00:06.392540" level="INFO">Clicking element 'xpath=//*[@id="newsDropdownContent"]/a[3]'.</msg>
<arg>xpath=//*[@id="newsDropdownContent"]/a[3]</arg>
<doc>Click the element identified by ``locator``.</doc>
<status status="PASS" start="2025-10-06T19:00:06.391542" elapsed="0.205959"/>
</kw>
<kw name="Wait Until Page Contains Element" owner="SeleniumLibrary">
<arg>xpath=//*[@id="gallery"]</arg>
<doc>Waits until the element ``locator`` appears on the current page.</doc>
<status status="PASS" start="2025-10-06T19:00:06.597501" elapsed="0.006980"/>
</kw>
<status status="PASS" start="2025-10-06T19:00:06.338156" elapsed="0.267323"/>
</kw>
<kw name="Wait Until Location Contains" owner="SeleniumLibrary">
<arg>expected=${URL}views/picture/picture.html</arg>
<doc>Waits until the current URL contains ``expected``.</doc>
<status status="PASS" start="2025-10-06T19:00:06.605479" elapsed="0.001995"/>
</kw>
<kw name="Sleep" owner="BuiltIn">
<msg time="2025-10-06T19:00:08.607767" level="INFO">Slept 2 seconds.</msg>
<arg>2s</arg>
<doc>Pauses the test executed for the given time.</doc>
<status status="PASS" start="2025-10-06T19:00:06.607474" elapsed="2.000293"/>
</kw>
<kw name="Close All Browsers" owner="SeleniumLibrary">
<doc>Closes all open browsers and resets the browser cache.</doc>
<status status="PASS" start="2025-10-06T19:00:08.607767" elapsed="6.157202"/>
</kw>
<status status="PASS" start="2025-10-06T19:00:04.099431" elapsed="10.665538"/>
</test>
<test id="s1-s2-t3" name="TC-SR-006" line="25">
<kw name="Open Browser To Login Page" owner="keywords">
<kw name="Evaluate" owner="BuiltIn">
<msg time="2025-10-06T19:00:14.766964" level="INFO">${options} = &lt;selenium.webdriver.chrome.options.Options object at 0x0000022C18674910&gt;</msg>
<var>${options}</var>
<arg>sys.modules['selenium.webdriver'].ChromeOptions()</arg>
<arg>sys, selenium.webdriver</arg>
<doc>Evaluates the given expression in Python and returns the result.</doc>
<status status="PASS" start="2025-10-06T19:00:14.766964" elapsed="0.000000"/>
</kw>
<kw name="Create List" owner="BuiltIn">
<msg time="2025-10-06T19:00:14.767962" level="INFO">${args} = ['--disable-blink-features=AutomationControlled', '--incognito']</msg>
<var>${args}</var>
<arg>--disable-blink-features=AutomationControlled</arg>
<arg>--incognito</arg>
<doc>Returns a list containing given items.</doc>
<status status="PASS" start="2025-10-06T19:00:14.766964" elapsed="0.000998"/>
</kw>
<for flavor="IN">
<iter>
<kw name="Call Method" owner="BuiltIn">
<arg>${options}</arg>
<arg>add_argument</arg>
<arg>${arg}</arg>
<doc>Calls the named method of the given object with the provided arguments.</doc>
<status status="PASS" start="2025-10-06T19:00:14.767962" elapsed="0.000000"/>
</kw>
<var name="${arg}">--disable-blink-features=AutomationControlled</var>
<status status="PASS" start="2025-10-06T19:00:14.767962" elapsed="0.000000"/>
</iter>
<iter>
<kw name="Call Method" owner="BuiltIn">
<arg>${options}</arg>
<arg>add_argument</arg>
<arg>${arg}</arg>
<doc>Calls the named method of the given object with the provided arguments.</doc>
<status status="PASS" start="2025-10-06T19:00:14.767962" elapsed="0.000000"/>
</kw>
<var name="${arg}">--incognito</var>
<status status="PASS" start="2025-10-06T19:00:14.767962" elapsed="0.000000"/>
</iter>
<var>${arg}</var>
<value>@{args}</value>
<status status="PASS" start="2025-10-06T19:00:14.767962" elapsed="0.000000"/>
</for>
<kw name="Create Dictionary" owner="BuiltIn">
<msg time="2025-10-06T19:00:14.768959" level="INFO">&amp;{prefs} = { credentials_enable_service=False | profile.password_manager_enabled=False }</msg>
<var>&amp;{prefs}</var>
<arg>credentials_enable_service=False</arg>
<arg>profile.password_manager_enabled=False</arg>
<doc>Creates and returns a dictionary based on the given ``items``.</doc>
<status status="PASS" start="2025-10-06T19:00:14.768959" elapsed="0.000000"/>
</kw>
<kw name="Call Method" owner="BuiltIn">
<arg>${options}</arg>
<arg>add_experimental_option</arg>
<arg>prefs</arg>
<arg>${prefs}</arg>
<doc>Calls the named method of the given object with the provided arguments.</doc>
<status status="PASS" start="2025-10-06T19:00:14.768959" elapsed="0.000000"/>
</kw>
<kw name="Create Webdriver" owner="SeleniumLibrary">
<msg time="2025-10-06T19:00:14.768959" level="INFO">Creating an instance of the Chrome WebDriver.</msg>
<arg>Chrome</arg>
<arg>options=${options}</arg>
<doc>Creates an instance of Selenium WebDriver.</doc>
<status status="PASS" start="2025-10-06T19:00:14.768959" elapsed="1.264820"/>
</kw>
<kw name="Maximize Browser Window" owner="SeleniumLibrary">
<doc>Maximizes current browser window.</doc>
<status status="PASS" start="2025-10-06T19:00:16.033779" elapsed="0.020944"/>
</kw>
<kw name="Go To" owner="SeleniumLibrary">
<msg time="2025-10-06T19:00:16.054723" level="INFO">Opening url 'https://co-newsproject.com/'</msg>
<arg>${URL}</arg>
<doc>Navigates the current browser window to the provided ``url``.</doc>
<status status="PASS" start="2025-10-06T19:00:16.054723" elapsed="0.213436"/>
</kw>
<status status="PASS" start="2025-10-06T19:00:14.766964" elapsed="1.501195"/>
</kw>
<kw name="Login As Admin" owner="keywords">
<kw name="Input Text" owner="SeleniumLibrary">
<msg time="2025-10-06T19:00:16.269156" level="INFO">Typing text 'abcd' into text field 'id=login'.</msg>
<arg>id=login</arg>
<arg>${USERNAME}</arg>
<doc>Types the given ``text`` into the text field identified by ``locator``.</doc>
<status status="PASS" start="2025-10-06T19:00:16.269156" elapsed="0.075307"/>
</kw>
<kw name="Input Text" owner="SeleniumLibrary">
<msg time="2025-10-06T19:00:16.345460" level="INFO">Typing text '1234' into text field 'id=password'.</msg>
<arg>id=password</arg>
<arg>${PASSWORD}</arg>
<doc>Types the given ``text`` into the text field identified by ``locator``.</doc>
<status status="PASS" start="2025-10-06T19:00:16.345460" elapsed="0.047872"/>
</kw>
<kw name="Click Button" owner="SeleniumLibrary">
<msg time="2025-10-06T19:00:16.394328" level="INFO">Clicking button 'xpath=//*[@id="loginForm"]/button'.</msg>
<arg>xpath=//*[@id="loginForm"]/button</arg>
<doc>Clicks the button identified by ``locator``.</doc>
<status status="PASS" start="2025-10-06T19:00:16.393332" elapsed="0.051861"/>
</kw>
<kw name="Handle Alert" owner="SeleniumLibrary">
<msg time="2025-10-06T19:00:16.445193" level="INFO">HANDLE::&lt;class 'NoneType'&gt;::None</msg>
<arg>accept</arg>
<doc>Handles the current alert and returns its message.</doc>
<status status="PASS" start="2025-10-06T19:00:16.445193" elapsed="0.504661"/>
</kw>
<kw name="Wait Until Location Contains" owner="SeleniumLibrary">
<arg>dashboard</arg>
<doc>Waits until the current URL contains ``expected``.</doc>
<status status="PASS" start="2025-10-06T19:00:16.950852" elapsed="0.069811"/>
</kw>
<status status="PASS" start="2025-10-06T19:00:16.268159" elapsed="0.752504"/>
</kw>
<kw name="Logout" owner="keywords">
<kw name="Click Button" owner="SeleniumLibrary">
<msg time="2025-10-06T19:00:17.021661" level="INFO">Clicking button 'id=logoutButton'.</msg>
<arg>id=logoutButton</arg>
<doc>Clicks the button identified by ``locator``.</doc>
<status status="PASS" start="2025-10-06T19:00:17.021661" elapsed="0.106310"/>
</kw>
<status status="PASS" start="2025-10-06T19:00:17.021661" elapsed="0.106310"/>
</kw>
<kw name="Wait Until Location Contains" owner="SeleniumLibrary">
<arg>expected=${URL}views/login.html</arg>
<doc>Waits until the current URL contains ``expected``.</doc>
<status status="PASS" start="2025-10-06T19:00:17.128969" elapsed="0.007980"/>
</kw>
<kw name="Execute Javascript" owner="SeleniumLibrary">
<msg time="2025-10-06T19:00:17.137945" level="INFO">Executing JavaScript:
return window.localStorage.getItem("isLoggedIn");
Without any arguments.</msg>
<msg time="2025-10-06T19:00:17.140937" level="INFO">${session} = None</msg>
<var>${session}</var>
<arg>return window.localStorage.getItem("isLoggedIn");</arg>
<doc>Executes the given JavaScript code with possible arguments.</doc>
<status status="PASS" start="2025-10-06T19:00:17.137945" elapsed="0.002992"/>
</kw>
<kw name="Should Be Equal" owner="BuiltIn">
<arg>${session}</arg>
<arg>${None}</arg>
<doc>Fails if the given objects are unequal.</doc>
<status status="PASS" start="2025-10-06T19:00:17.141935" elapsed="0.000000"/>
</kw>
<kw name="Sleep" owner="BuiltIn">
<msg time="2025-10-06T19:00:19.142836" level="INFO">Slept 2 seconds.</msg>
<arg>2s</arg>
<doc>Pauses the test executed for the given time.</doc>
<status status="PASS" start="2025-10-06T19:00:17.141935" elapsed="2.000901"/>
</kw>
<kw name="Close All Browsers" owner="SeleniumLibrary">
<doc>Closes all open browsers and resets the browser cache.</doc>
<status status="PASS" start="2025-10-06T19:00:19.142836" elapsed="7.678731"/>
</kw>
<status status="PASS" start="2025-10-06T19:00:14.765967" elapsed="12.055600"/>
</test>
<doc>Scenario 02 - ตรวจสอบการทำงานของแถบนำทาง (Navigation Bar)</doc>
<status status="PASS" start="2025-10-06T18:59:53.132449" elapsed="33.690114"/>
</suite>
<suite id="s1-s3" name="Scenario003" source="E:\HawKishZ\งาน2025+\QA\Practice_test_project\project_web\robot\tests\scenario003.robot">
<test id="s1-s3-t1" name="TC-SR-007" line="7">
<kw name="Open Browser To Login Page" owner="keywords">
<kw name="Evaluate" owner="BuiltIn">
<msg time="2025-10-06T19:33:23.924219" level="INFO">${options} = &lt;selenium.webdriver.chrome.options.Options object at 0x0000024FED136A50&gt;</msg>
<var>${options}</var>
<arg>sys.modules['selenium.webdriver'].ChromeOptions()</arg>
<arg>sys, selenium.webdriver</arg>
<doc>Evaluates the given expression in Python and returns the result.</doc>
<status status="PASS" start="2025-10-06T19:33:23.924219" elapsed="0.000000"/>
</kw>
<kw name="Create List" owner="BuiltIn">
<msg time="2025-10-06T19:33:23.925216" level="INFO">${args} = ['--disable-blink-features=AutomationControlled', '--incognito']</msg>
<var>${args}</var>
<arg>--disable-blink-features=AutomationControlled</arg>
<arg>--incognito</arg>
<doc>Returns a list containing given items.</doc>
<status status="PASS" start="2025-10-06T19:33:23.925216" elapsed="0.000000"/>
</kw>
<for flavor="IN">
<iter>
<kw name="Call Method" owner="BuiltIn">
<arg>${options}</arg>
<arg>add_argument</arg>
<arg>${arg}</arg>
<doc>Calls the named method of the given object with the provided arguments.</doc>
<status status="PASS" start="2025-10-06T19:33:23.925216" elapsed="0.000000"/>
</kw>
<var name="${arg}">--disable-blink-features=AutomationControlled</var>
<status status="PASS" start="2025-10-06T19:33:23.925216" elapsed="0.000000"/>
</iter>
<iter>
<kw name="Call Method" owner="BuiltIn">
<arg>${options}</arg>
<arg>add_argument</arg>
<arg>${arg}</arg>
<doc>Calls the named method of the given object with the provided arguments.</doc>
<status status="PASS" start="2025-10-06T19:33:23.925216" elapsed="0.000998"/>
</kw>
<var name="${arg}">--incognito</var>
<status status="PASS" start="2025-10-06T19:33:23.925216" elapsed="0.000998"/>
</iter>
<var>${arg}</var>
<value>@{args}</value>
<status status="PASS" start="2025-10-06T19:33:23.925216" elapsed="0.000998"/>
</for>
<kw name="Create Dictionary" owner="BuiltIn">
<msg time="2025-10-06T19:33:23.926214" level="INFO">&amp;{prefs} = { credentials_enable_service=False | profile.password_manager_enabled=False }</msg>
<var>&amp;{prefs}</var>
<arg>credentials_enable_service=False</arg>
<arg>profile.password_manager_enabled=False</arg>
<doc>Creates and returns a dictionary based on the given ``items``.</doc>
<status status="PASS" start="2025-10-06T19:33:23.926214" elapsed="0.000000"/>
</kw>
<kw name="Call Method" owner="BuiltIn">
<arg>${options}</arg>
<arg>add_experimental_option</arg>
<arg>prefs</arg>
<arg>${prefs}</arg>
<doc>Calls the named method of the given object with the provided arguments.</doc>
<status status="PASS" start="2025-10-06T19:33:23.926214" elapsed="0.000000"/>
</kw>
<kw name="Create Webdriver" owner="SeleniumLibrary">
<msg time="2025-10-06T19:33:23.927212" level="INFO">Creating an instance of the Chrome WebDriver.</msg>
<arg>Chrome</arg>
<arg>options=${options}</arg>
<doc>Creates an instance of Selenium WebDriver.</doc>
<status status="PASS" start="2025-10-06T19:33:23.927212" elapsed="1.353246"/>
</kw>
<kw name="Maximize Browser Window" owner="SeleniumLibrary">
<doc>Maximizes current browser window.</doc>
<status status="PASS" start="2025-10-06T19:33:25.280458" elapsed="0.037899"/>
</kw>
<kw name="Go To" owner="SeleniumLibrary">
<msg time="2025-10-06T19:33:25.319355" level="INFO">Opening url 'https://co-newsproject.com/'</msg>
<arg>${URL}</arg>
<doc>Navigates the current browser window to the provided ``url``.</doc>
<status status="PASS" start="2025-10-06T19:33:25.319355" elapsed="0.249842"/>
</kw>
<status status="PASS" start="2025-10-06T19:33:23.923259" elapsed="1.645938"/>
</kw>
<kw name="Login As Admin" owner="keywords">
<kw name="Input Text" owner="SeleniumLibrary">
<msg time="2025-10-06T19:33:25.570194" level="INFO">Typing text 'abcd' into text field 'id=login'.</msg>
<arg>id=login</arg>
<arg>${USERNAME}</arg>
<doc>Types the given ``text`` into the text field identified by ``locator``.</doc>
<status status="PASS" start="2025-10-06T19:33:25.570194" elapsed="0.083448"/>
</kw>
<kw name="Input Text" owner="SeleniumLibrary">
<msg time="2025-10-06T19:33:25.654637" level="INFO">Typing text '1234' into text field 'id=password'.</msg>
<arg>id=password</arg>
<arg>${PASSWORD}</arg>
<doc>Types the given ``text`` into the text field identified by ``locator``.</doc>
<status status="PASS" start="2025-10-06T19:33:25.654637" elapsed="0.052858"/>
</kw>
<kw name="Click Button" owner="SeleniumLibrary">
<msg time="2025-10-06T19:33:25.708492" level="INFO">Clicking button 'xpath=//*[@id="loginForm"]/button'.</msg>
<arg>xpath=//*[@id="loginForm"]/button</arg>
<doc>Clicks the button identified by ``locator``.</doc>
<status status="PASS" start="2025-10-06T19:33:25.708492" elapsed="0.054858"/>
</kw>
<kw name="Handle Alert" owner="SeleniumLibrary">
<msg time="2025-10-06T19:33:25.764347" level="INFO">HANDLE::&lt;class 'NoneType'&gt;::None</msg>
<arg>accept</arg>
<doc>Handles the current alert and returns its message.</doc>
<status status="PASS" start="2025-10-06T19:33:25.763350" elapsed="0.505630"/>
</kw>
<kw name="Wait Until Location Contains" owner="SeleniumLibrary">
<arg>dashboard</arg>
<doc>Waits until the current URL contains ``expected``.</doc>
<status status="PASS" start="2025-10-06T19:33:26.268980" elapsed="0.059838"/>
</kw>
<status status="PASS" start="2025-10-06T19:33:25.569197" elapsed="0.760617"/>
</kw>
<kw name="Navigate to Picture Dashboard" owner="keywords">
<kw name="Click Element" owner="SeleniumLibrary">
<msg time="2025-10-06T19:33:26.330813" level="INFO">Clicking element 'id=newsDropdown'.</msg>
<arg>id=newsDropdown</arg>
<doc>Click the element identified by ``locator``.</doc>
<status status="PASS" start="2025-10-06T19:33:26.329814" elapsed="0.056851"/>
</kw>
<kw name="Click Element" owner="SeleniumLibrary">
<msg time="2025-10-06T19:33:26.387662" level="INFO">Clicking element 'xpath=//*[@id="newsDropdownContent"]/a[3]'.</msg>
<arg>xpath=//*[@id="newsDropdownContent"]/a[3]</arg>
<doc>Click the element identified by ``locator``.</doc>
<status status="PASS" start="2025-10-06T19:33:26.387662" elapsed="0.120678"/>
</kw>
<kw name="Wait Until Page Contains Element" owner="SeleniumLibrary">
<arg>xpath=//*[@id="gallery"]</arg>
<doc>Waits until the element ``locator`` appears on the current page.</doc>
<status status="PASS" start="2025-10-06T19:33:26.508340" elapsed="0.007978"/>
</kw>
<status status="PASS" start="2025-10-06T19:33:26.329814" elapsed="0.186504"/>
</kw>
<kw name="Navigate to Add Picture Page" owner="keywords">
<kw name="Click Element" owner="SeleniumLibrary">
<msg time="2025-10-06T19:33:26.517315" level="INFO">Clicking element 'xpath=//*[@id="content"]/a'.</msg>
<arg>xpath=//*[@id="content"]/a</arg>
<doc>Click the element identified by ``locator``.</doc>
<status status="PASS" start="2025-10-06T19:33:26.517315" elapsed="0.413893"/>
</kw>
<status status="PASS" start="2025-10-06T19:33:26.517315" elapsed="0.413893"/>
</kw>
<kw name="Sleep" owner="BuiltIn">
<msg time="2025-10-06T19:33:27.932256" level="INFO">Slept 1 second.</msg>
<arg>1s</arg>
<doc>Pauses the test executed for the given time.</doc>
<status status="PASS" start="2025-10-06T19:33:26.932206" elapsed="1.000050"/>
</kw>
<kw name="Select From List By Value" owner="SeleniumLibrary">
<msg time="2025-10-06T19:33:27.933224" level="INFO">Selecting options from selection list 'xpath=//*[@id="newsId"]' by value 449.</msg>
<arg>xpath=//*[@id="newsId"]</arg>
<arg>449</arg>
<doc>Selects options from selection list ``locator`` by ``values``.</doc>
<status status="PASS" start="2025-10-06T19:33:27.932256" elapsed="0.049352"/>
</kw>
<kw name="Sleep" owner="BuiltIn">
<msg time="2025-10-06T19:33:28.983327" level="INFO">Slept 1 second.</msg>
<arg>1s</arg>
<doc>Pauses the test executed for the given time.</doc>
<status status="PASS" start="2025-10-06T19:33:27.981608" elapsed="1.001719"/>
</kw>
<kw name="Upload False Cover Image" owner="keywords">
<kw name="Choose File" owner="SeleniumLibrary">
<msg time="2025-10-06T19:33:28.984322" level="INFO">Sending E:\HawKishZ\งาน2025+\QA\Practice_test_project\project_web\NewsImage\crime1.png to browser.</msg>
<arg>xpath=//*[@id="coverImage"]</arg>
<arg>E:/HawKishZ/งาน2025+/QA/Practice_test_project/project_web/NewsImage/crime1.png</arg>
<doc>Inputs the ``file_path`` into the file input field ``locator``.</doc>
<status status="PASS" start="2025-10-06T19:33:28.983327" elapsed="0.027923"/>
</kw>
<status status="PASS" start="2025-10-06T19:33:28.983327" elapsed="0.028920"/>
</kw>
<kw name="Sleep" owner="BuiltIn">
<msg time="2025-10-06T19:33:30.012496" level="INFO">Slept 1 second.</msg>
<arg>1s</arg>
<doc>Pauses the test executed for the given time.</doc>
<status status="PASS" start="2025-10-06T19:33:29.012247" elapsed="1.000249"/>
</kw>
<kw name="Upload Multiple Content Pictures" owner="keywords">
<kw name="Normalize Path" owner="OperatingSystem">
<msg time="2025-10-06T19:33:30.013490" level="INFO">${file1} = E:\HawKishZ\งาน2025+\QA\Practice_test_project\project_web\NewsImage\sport2.1.png</msg>
<var>${file1}</var>
<arg>${IMG_PATH1}</arg>
<doc>Normalizes the given path.</doc>
<status status="PASS" start="2025-10-06T19:33:30.013490" elapsed="0.000000"/>
</kw>
<kw name="Normalize Path" owner="OperatingSystem">
<msg time="2025-10-06T19:33:30.013490" level="INFO">${file2} = E:\HawKishZ\งาน2025+\QA\Practice_test_project\project_web\NewsImage\sport2.2.png</msg>
<var>${file2}</var>
<arg>${IMG_PATH2}</arg>
<doc>Normalizes the given path.</doc>
<status status="PASS" start="2025-10-06T19:33:30.013490" elapsed="0.000000"/>
</kw>
<kw name="Catenate" owner="BuiltIn">
<msg time="2025-10-06T19:33:30.013490" level="INFO">${js} = const input = document.getElementById("contentImages"); const dt = new DataTransfer(); const file1 = new File([""], "E:\HawKishZ\งาน2025+\QA\Practice_test_project\project_web\NewsImage\sport2.1.png", ...</msg>
<var>${js}</var>
<arg>const input = document.getElementById("contentImages");</arg>
<arg>const dt = new DataTransfer();</arg>
<arg>const file1 = new File([""], "${file1}", { type: "image/png" });</arg>
<arg>const file2 = new File([""], "${file2}", { type: "image/png" });</arg>
<arg>dt.items.add(file1);</arg>
<arg>dt.items.add(file2);</arg>
<arg>input.files = dt.files;</arg>
<doc>Catenates the given items together and returns the resulted string.</doc>
<status status="PASS" start="2025-10-06T19:33:30.013490" elapsed="0.000000"/>
</kw>
<kw name="Execute Javascript" owner="SeleniumLibrary">
<msg time="2025-10-06T19:33:30.014487" level="INFO">Executing JavaScript:
const input = document.getElementById("contentImages"); const dt = new DataTransfer(); const file1 = new File([""], "E:\HawKishZ\งาน2025+\QA\Practice_test_project\project_web\NewsImage\sport2.1.png", { type: "image/png" }); const file2 = new File([""], "E:\HawKishZ\งาน2025+\QA\Practice_test_project\project_web\NewsImage\sport2.2.png", { type: "image/png" }); dt.items.add(file1); dt.items.add(file2); input.files = dt.files;
Without any arguments.</msg>
<arg>${js}</arg>
<doc>Executes the given JavaScript code with possible arguments.</doc>
<status status="PASS" start="2025-10-06T19:33:30.013490" elapsed="0.004988"/>
</kw>
<status status="PASS" start="2025-10-06T19:33:30.012496" elapsed="0.005982"/>
</kw>
<kw name="Sleep" owner="BuiltIn">
<msg time="2025-10-06T19:33:31.019422" level="INFO">Slept 1 second.</msg>
<arg>1s</arg>
<doc>Pauses the test executed for the given time.</doc>
<status status="PASS" start="2025-10-06T19:33:30.018478" elapsed="1.000944"/>
</kw>
<kw name="Click Button" owner="SeleniumLibrary">
<msg time="2025-10-06T19:33:31.019422" level="INFO">Clicking button 'xpath=//*[@id="uploadForm"]/button'.</msg>
<arg>xpath=//*[@id="uploadForm"]/button</arg>
<doc>Clicks the button identified by ``locator``.</doc>
<status status="PASS" start="2025-10-06T19:33:31.019422" elapsed="0.051486"/>
</kw>
<kw name="Sleep" owner="BuiltIn">
<msg time="2025-10-06T19:33:36.072282" level="INFO">Slept 5 seconds.</msg>
<arg>5s</arg>
<doc>Pauses the test executed for the given time.</doc>
<status status="PASS" start="2025-10-06T19:33:31.070908" elapsed="5.001374"/>
</kw>
<kw name="Should Warning about Cover Image Filename" owner="keywords">
<kw name="Handle Alert" owner="SeleniumLibrary">
<msg time="2025-10-06T19:33:36.073276" level="INFO">HANDLE::&lt;class 'NoneType'&gt;::None</msg>
<msg time="2025-10-06T19:33:36.077265" level="INFO">${warning} = Cover image filename must start with "cover_".</msg>
<var>${warning}</var>
<arg>action=accept</arg>
<doc>Handles the current alert and returns its message.</doc>
<status status="PASS" start="2025-10-06T19:33:36.073276" elapsed="0.003989"/>
</kw>
<kw name="Should Be Equal" owner="BuiltIn">
<arg>${warning}</arg>
<arg>Cover image filename must start with "cover_".</arg>
<doc>Fails if the given objects are unequal.</doc>
<status status="PASS" start="2025-10-06T19:33:36.077265" elapsed="0.000000"/>
</kw>
<status status="PASS" start="2025-10-06T19:33:36.073276" elapsed="0.003989"/>
</kw>
<kw name="Sleep" owner="BuiltIn">
<msg time="2025-10-06T19:33:39.078875" level="INFO">Slept 3 seconds.</msg>
<arg>3s</arg>
<doc>Pauses the test executed for the given time.</doc>
<status status="PASS" start="2025-10-06T19:33:36.078262" elapsed="3.000613"/>
</kw>
<kw name="Close All Browsers" owner="SeleniumLibrary">
<doc>Closes all open browsers and resets the browser cache.</doc>
<status status="PASS" start="2025-10-06T19:33:39.078875" elapsed="6.198558"/>
</kw>
<status status="PASS" start="2025-10-06T19:33:23.923259" elapsed="21.355170"/>
</test>
<test id="s1-s3-t2" name="TC-SR-008" line="25">
<kw name="Open Browser To Login Page" owner="keywords">
<kw name="Evaluate" owner="BuiltIn">
<msg time="2025-10-06T19:33:45.280424" level="INFO">${options} = &lt;selenium.webdriver.chrome.options.Options object at 0x0000024FED17D450&gt;</msg>
<var>${options}</var>
<arg>sys.modules['selenium.webdriver'].ChromeOptions()</arg>
<arg>sys, selenium.webdriver</arg>
<doc>Evaluates the given expression in Python and returns the result.</doc>
<status status="PASS" start="2025-10-06T19:33:45.279427" elapsed="0.000997"/>
</kw>
<kw name="Create List" owner="BuiltIn">
<msg time="2025-10-06T19:33:45.280424" level="INFO">${args} = ['--disable-blink-features=AutomationControlled', '--incognito']</msg>
<var>${args}</var>
<arg>--disable-blink-features=AutomationControlled</arg>
<arg>--incognito</arg>
<doc>Returns a list containing given items.</doc>
<status status="PASS" start="2025-10-06T19:33:45.280424" elapsed="0.000000"/>
</kw>
<for flavor="IN">
<iter>
<kw name="Call Method" owner="BuiltIn">
<arg>${options}</arg>
<arg>add_argument</arg>
<arg>${arg}</arg>
<doc>Calls the named method of the given object with the provided arguments.</doc>
<status status="PASS" start="2025-10-06T19:33:45.281422" elapsed="0.000000"/>
</kw>
<var name="${arg}">--disable-blink-features=AutomationControlled</var>
<status status="PASS" start="2025-10-06T19:33:45.280424" elapsed="0.000998"/>
</iter>
<iter>
<kw name="Call Method" owner="BuiltIn">
<arg>${options}</arg>
<arg>add_argument</arg>
<arg>${arg}</arg>
<doc>Calls the named method of the given object with the provided arguments.</doc>
<status status="PASS" start="2025-10-06T19:33:45.281422" elapsed="0.000000"/>
</kw>
<var name="${arg}">--incognito</var>
<status status="PASS" start="2025-10-06T19:33:45.281422" elapsed="0.000000"/>
</iter>
<var>${arg}</var>
<value>@{args}</value>
<status status="PASS" start="2025-10-06T19:33:45.280424" elapsed="0.000998"/>
</for>
<kw name="Create Dictionary" owner="BuiltIn">
<msg time="2025-10-06T19:33:45.281422" level="INFO">&amp;{prefs} = { credentials_enable_service=False | profile.password_manager_enabled=False }</msg>
<var>&amp;{prefs}</var>
<arg>credentials_enable_service=False</arg>
<arg>profile.password_manager_enabled=False</arg>
<doc>Creates and returns a dictionary based on the given ``items``.</doc>
<status status="PASS" start="2025-10-06T19:33:45.281422" elapsed="0.000997"/>
</kw>
<kw name="Call Method" owner="BuiltIn">
<arg>${options}</arg>
<arg>add_experimental_option</arg>
<arg>prefs</arg>
<arg>${prefs}</arg>
<doc>Calls the named method of the given object with the provided arguments.</doc>
<status status="PASS" start="2025-10-06T19:33:45.282419" elapsed="0.000000"/>
</kw>
<kw name="Create Webdriver" owner="SeleniumLibrary">
<msg time="2025-10-06T19:33:45.282419" level="INFO">Creating an instance of the Chrome WebDriver.</msg>
<arg>Chrome</arg>
<arg>options=${options}</arg>
<doc>Creates an instance of Selenium WebDriver.</doc>
<status status="PASS" start="2025-10-06T19:33:45.282419" elapsed="1.384420"/>
</kw>
<kw name="Maximize Browser Window" owner="SeleniumLibrary">
<doc>Maximizes current browser window.</doc>
<status status="PASS" start="2025-10-06T19:33:46.666839" elapsed="0.022938"/>
</kw>
<kw name="Go To" owner="SeleniumLibrary">
<msg time="2025-10-06T19:33:46.690774" level="INFO">Opening url 'https://co-newsproject.com/'</msg>
<arg>${URL}</arg>
<doc>Navigates the current browser window to the provided ``url``.</doc>
<status status="PASS" start="2025-10-06T19:33:46.689777" elapsed="0.225398"/>
</kw>
<status status="PASS" start="2025-10-06T19:33:45.279427" elapsed="1.635748"/>
</kw>
<kw name="Login As Admin" owner="keywords">
<kw name="Input Text" owner="SeleniumLibrary">
<msg time="2025-10-06T19:33:46.916173" level="INFO">Typing text 'abcd' into text field 'id=login'.</msg>
<arg>id=login</arg>
<arg>${USERNAME}</arg>
<doc>Types the given ``text`` into the text field identified by ``locator``.</doc>
<status status="PASS" start="2025-10-06T19:33:46.916173" elapsed="0.079786"/>
</kw>
<kw name="Input Text" owner="SeleniumLibrary">
<msg time="2025-10-06T19:33:46.995959" level="INFO">Typing text '1234' into text field 'id=password'.</msg>
<arg>id=password</arg>
<arg>${PASSWORD}</arg>
<doc>Types the given ``text`` into the text field identified by ``locator``.</doc>
<status status="PASS" start="2025-10-06T19:33:46.995959" elapsed="0.048870"/>
</kw>
<kw name="Click Button" owner="SeleniumLibrary">
<msg time="2025-10-06T19:33:47.045828" level="INFO">Clicking button 'xpath=//*[@id="loginForm"]/button'.</msg>
<arg>xpath=//*[@id="loginForm"]/button</arg>
<doc>Clicks the button identified by ``locator``.</doc>
<status status="PASS" start="2025-10-06T19:33:47.045828" elapsed="0.054851"/>
</kw>
<kw name="Handle Alert" owner="SeleniumLibrary">
<msg time="2025-10-06T19:33:47.101677" level="INFO">HANDLE::&lt;class 'NoneType'&gt;::None</msg>
<arg>accept</arg>
<doc>Handles the current alert and returns its message.</doc>
<status status="PASS" start="2025-10-06T19:33:47.101677" elapsed="0.510651"/>
</kw>
<kw name="Wait Until Location Contains" owner="SeleniumLibrary">
<arg>dashboard</arg>
<doc>Waits until the current URL contains ``expected``.</doc>
<status status="PASS" start="2025-10-06T19:33:47.612328" elapsed="0.063829"/>
</kw>
<status status="PASS" start="2025-10-06T19:33:46.915175" elapsed="0.760982"/>
</kw>
<kw name="Navigate to Picture Dashboard" owner="keywords">
<kw name="Click Element" owner="SeleniumLibrary">
<msg time="2025-10-06T19:33:47.677155" level="INFO">Clicking element 'id=newsDropdown'.</msg>
<arg>id=newsDropdown</arg>
<doc>Click the element identified by ``locator``.</doc>
<status status="PASS" start="2025-10-06T19:33:47.676157" elapsed="0.058844"/>
</kw>
<kw name="Click Element" owner="SeleniumLibrary">
<msg time="2025-10-06T19:33:47.735001" level="INFO">Clicking element 'xpath=//*[@id="newsDropdownContent"]/a[3]'.</msg>
<arg>xpath=//*[@id="newsDropdownContent"]/a[3]</arg>
<doc>Click the element identified by ``locator``.</doc>
<status status="PASS" start="2025-10-06T19:33:47.735001" elapsed="0.117685"/>
</kw>
<kw name="Wait Until Page Contains Element" owner="SeleniumLibrary">
<arg>xpath=//*[@id="gallery"]</arg>
<doc>Waits until the element ``locator`` appears on the current page.</doc>
<status status="PASS" start="2025-10-06T19:33:47.853684" elapsed="0.008975"/>
</kw>
<status status="PASS" start="2025-10-06T19:33:47.676157" elapsed="0.186502"/>
</kw>
<kw name="Navigate to Add Picture Page" owner="keywords">
<kw name="Click Element" owner="SeleniumLibrary">
<msg time="2025-10-06T19:33:47.863657" level="INFO">Clicking element 'xpath=//*[@id="content"]/a'.</msg>
<arg>xpath=//*[@id="content"]/a</arg>
<doc>Click the element identified by ``locator``.</doc>
<status status="PASS" start="2025-10-06T19:33:47.862659" elapsed="0.370011"/>
</kw>
<status status="PASS" start="2025-10-06T19:33:47.862659" elapsed="0.371009"/>
</kw>
<kw name="Sleep" owner="BuiltIn">
<msg time="2025-10-06T19:33:49.234491" level="INFO">Slept 1 second.</msg>
<arg>1s</arg>
<doc>Pauses the test executed for the given time.</doc>
<status status="PASS" start="2025-10-06T19:33:48.233668" elapsed="1.000823"/>
</kw>
<kw name="Select From List By Value" owner="SeleniumLibrary">
<msg time="2025-10-06T19:33:49.234491" level="INFO">Selecting options from selection list 'xpath=//*[@id="newsId"]' by value 449.</msg>
<arg>xpath=//*[@id="newsId"]</arg>
<arg>449</arg>
<doc>Selects options from selection list ``locator`` by ``values``.</doc>
<status status="PASS" start="2025-10-06T19:33:49.234491" elapsed="0.055851"/>
</kw>
<kw name="Sleep" owner="BuiltIn">
<msg time="2025-10-06T19:33:50.292248" level="INFO">Slept 1 second.</msg>
<arg>1s</arg>
<doc>Pauses the test executed for the given time.</doc>
<status status="PASS" start="2025-10-06T19:33:49.291340" elapsed="1.000908"/>
</kw>
<kw name="Choose File" owner="SeleniumLibrary">
<msg time="2025-10-06T19:33:50.292248" level="INFO">Sending E:\HawKishZ\งาน2025+\QA\Practice_test_project\project_web\NewsImage\Cover\cover_crime1.png to browser.</msg>
<arg>xpath=//*[@id="coverImage"]</arg>
<arg>E:/HawKishZ/งาน2025+/QA/Practice_test_project/project_web/NewsImage/Cover/cover_crime1.png</arg>
<doc>Inputs the ``file_path`` into the file input field ``locator``.</doc>
<status status="PASS" start="2025-10-06T19:33:50.292248" elapsed="0.019916"/>
</kw>
<kw name="Sleep" owner="BuiltIn">
<msg time="2025-10-06T19:33:51.314135" level="INFO">Slept 1 second.</msg>
<arg>1s</arg>
<doc>Pauses the test executed for the given time.</doc>
<status status="PASS" start="2025-10-06T19:33:50.313162" elapsed="1.000973"/>
</kw>
<kw name="Choose File" owner="SeleniumLibrary">
<msg time="2025-10-06T19:33:51.314135" level="INFO">Sending E:\HawKishZ\งาน2025+\QA\Practice_test_project\project_web\NewsImage\Cover\gif mock.gif to browser.</msg>
<arg>xpath=//*[@id="contentImages"]</arg>
<arg>E:/HawKishZ/งาน2025+/QA/Practice_test_project/project_web/NewsImage/Cover/gif mock.gif</arg>
<doc>Inputs the ``file_path`` into the file input field ``locator``.</doc>
<status status="PASS" start="2025-10-06T19:33:51.314135" elapsed="0.018461"/>
</kw>
<kw name="Sleep" owner="BuiltIn">
<msg time="2025-10-06T19:33:52.333742" level="INFO">Slept 1 second.</msg>
<arg>1s</arg>
<doc>Pauses the test executed for the given time.</doc>
<status status="PASS" start="2025-10-06T19:33:51.333592" elapsed="1.000150"/>
</kw>
<kw name="Click Button" owner="SeleniumLibrary">
<msg time="2025-10-06T19:33:52.333742" level="INFO">Clicking button 'xpath=//*[@id="uploadForm"]/button'.</msg>
<arg>xpath=//*[@id="uploadForm"]/button</arg>
<doc>Clicks the button identified by ``locator``.</doc>
<status status="PASS" start="2025-10-06T19:33:52.333742" elapsed="0.046874"/>
</kw>
<kw name="Sleep" owner="BuiltIn">
<msg time="2025-10-06T19:33:57.382249" level="INFO">Slept 5 seconds.</msg>
<arg>5s</arg>
<doc>Pauses the test executed for the given time.</doc>
<status status="PASS" start="2025-10-06T19:33:52.381615" elapsed="5.000634"/>
</kw>
<kw name="Should Warning about Image File Type" owner="keywords">
<kw name="Handle Alert" owner="SeleniumLibrary">
<msg time="2025-10-06T19:33:57.383247" level="INFO">HANDLE::&lt;class 'NoneType'&gt;::None</msg>
<msg time="2025-10-06T19:33:57.387238" level="INFO">${warning} = เกิดปัญหาขณะอัพโหลดรูปภาพ</msg>
<var>${warning}</var>
<arg>action=accept</arg>
<doc>Handles the current alert and returns its message.</doc>
<status status="PASS" start="2025-10-06T19:33:57.382249" elapsed="0.004989"/>
</kw>
<kw name="Should Be Equal" owner="BuiltIn">
<msg time="2025-10-06T19:33:57.387238" level="FAIL">เกิดปัญหาขณะอัพโหลดรูปภาพ != อนุญาตให้อัพโหลดเฉพาะไฟล์ .jpg และ .png เท่านั้น.</msg>
<arg>${warning}</arg>
<arg>อนุญาตให้อัพโหลดเฉพาะไฟล์ .jpg และ .png เท่านั้น.</arg>
<doc>Fails if the given objects are unequal.</doc>
<status status="FAIL" start="2025-10-06T19:33:57.387238" elapsed="0.000000">เกิดปัญหาขณะอัพโหลดรูปภาพ != อนุญาตให้อัพโหลดเฉพาะไฟล์ .jpg และ .png เท่านั้น.</status>
</kw>
<status status="FAIL" start="2025-10-06T19:33:57.382249" elapsed="0.004989">เกิดปัญหาขณะอัพโหลดรูปภาพ != อนุญาตให้อัพโหลดเฉพาะไฟล์ .jpg และ .png เท่านั้น.</status>
</kw>
<kw name="Sleep" owner="BuiltIn">
<arg>3s</arg>
<doc>Pauses the test executed for the given time.</doc>
<status status="NOT RUN" start="2025-10-06T19:33:57.388234" elapsed="0.000000"/>
</kw>
<kw name="Close All Browsers" owner="SeleniumLibrary">
<doc>Closes all open browsers and resets the browser cache.</doc>
<status status="NOT RUN" start="2025-10-06T19:33:57.388234" elapsed="0.000000"/>
</kw>
<status status="FAIL" start="2025-10-06T19:33:45.279427" elapsed="12.108807">เกิดปัญหาขณะอัพโหลดรูปภาพ != อนุญาตให้อัพโหลดเฉพาะไฟล์ .jpg และ .png เท่านั้น.</status>
</test>
<test id="s1-s3-t3" name="TC-SR-009" line="43">
<kw name="Open Browser To Login Page" owner="keywords">
<kw name="Evaluate" owner="BuiltIn">
<msg time="2025-10-06T19:33:57.391225" level="INFO">${options} = &lt;selenium.webdriver.chrome.options.Options object at 0x0000024FED151F10&gt;</msg>
<var>${options}</var>
<arg>sys.modules['selenium.webdriver'].ChromeOptions()</arg>
<arg>sys, selenium.webdriver</arg>
<doc>Evaluates the given expression in Python and returns the result.</doc>
<status status="PASS" start="2025-10-06T19:33:57.391225" elapsed="0.000000"/>
</kw>
<kw name="Create List" owner="BuiltIn">
<msg time="2025-10-06T19:33:57.391225" level="INFO">${args} = ['--disable-blink-features=AutomationControlled', '--incognito']</msg>
<var>${args}</var>
<arg>--disable-blink-features=AutomationControlled</arg>
<arg>--incognito</arg>
<doc>Returns a list containing given items.</doc>
<status status="PASS" start="2025-10-06T19:33:57.391225" elapsed="0.000000"/>
</kw>
<for flavor="IN">
<iter>
<kw name="Call Method" owner="BuiltIn">
<arg>${options}</arg>
<arg>add_argument</arg>
<arg>${arg}</arg>
<doc>Calls the named method of the given object with the provided arguments.</doc>
<status status="PASS" start="2025-10-06T19:33:57.392222" elapsed="0.000000"/>
</kw>
<var name="${arg}">--disable-blink-features=AutomationControlled</var>
<status status="PASS" start="2025-10-06T19:33:57.392222" elapsed="0.000000"/>
</iter>
<iter>
<kw name="Call Method" owner="BuiltIn">
<arg>${options}</arg>
<arg>add_argument</arg>
<arg>${arg}</arg>
<doc>Calls the named method of the given object with the provided arguments.</doc>
<status status="PASS" start="2025-10-06T19:33:57.392222" elapsed="0.000997"/>
</kw>
<var name="${arg}">--incognito</var>
<status status="PASS" start="2025-10-06T19:33:57.392222" elapsed="0.000997"/>
</iter>
<var>${arg}</var>
<value>@{args}</value>
<status status="PASS" start="2025-10-06T19:33:57.392222" elapsed="0.000997"/>
</for>
<kw name="Create Dictionary" owner="BuiltIn">
<msg time="2025-10-06T19:33:57.393219" level="INFO">&amp;{prefs} = { credentials_enable_service=False | profile.password_manager_enabled=False }</msg>
<var>&amp;{prefs}</var>
<arg>credentials_enable_service=False</arg>
<arg>profile.password_manager_enabled=False</arg>
<doc>Creates and returns a dictionary based on the given ``items``.</doc>
<status status="PASS" start="2025-10-06T19:33:57.393219" elapsed="0.000000"/>
</kw>
<kw name="Call Method" owner="BuiltIn">
<arg>${options}</arg>
<arg>add_experimental_option</arg>
<arg>prefs</arg>
<arg>${prefs}</arg>
<doc>Calls the named method of the given object with the provided arguments.</doc>
<status status="PASS" start="2025-10-06T19:33:57.394217" elapsed="0.000000"/>
</kw>
<kw name="Create Webdriver" owner="SeleniumLibrary">
<msg time="2025-10-06T19:33:57.394217" level="INFO">Creating an instance of the Chrome WebDriver.</msg>
<arg>Chrome</arg>
<arg>options=${options}</arg>
<doc>Creates an instance of Selenium WebDriver.</doc>
<status status="PASS" start="2025-10-06T19:33:57.394217" elapsed="1.358537"/>
</kw>
<kw name="Maximize Browser Window" owner="SeleniumLibrary">
<doc>Maximizes current browser window.</doc>
<status status="PASS" start="2025-10-06T19:33:58.752754" elapsed="0.039892"/>
</kw>
<kw name="Go To" owner="SeleniumLibrary">
<msg time="2025-10-06T19:33:58.792646" level="INFO">Opening url 'https://co-newsproject.com/'</msg>
<arg>${URL}</arg>
<doc>Navigates the current browser window to the provided ``url``.</doc>
<status status="PASS" start="2025-10-06T19:33:58.792646" elapsed="0.372007"/>
</kw>
<status status="PASS" start="2025-10-06T19:33:57.390228" elapsed="1.774425"/>
</kw>
<kw name="Login As Admin" owner="keywords">
<kw name="Input Text" owner="SeleniumLibrary">
<msg time="2025-10-06T19:33:59.165650" level="INFO">Typing text 'abcd' into text field 'id=login'.</msg>
<arg>id=login</arg>
<arg>${USERNAME}</arg>
<doc>Types the given ``text`` into the text field identified by ``locator``.</doc>
<status status="PASS" start="2025-10-06T19:33:59.165650" elapsed="0.076794"/>
</kw>
<kw name="Input Text" owner="SeleniumLibrary">
<msg time="2025-10-06T19:33:59.243442" level="INFO">Typing text '1234' into text field 'id=password'.</msg>
<arg>id=password</arg>
<arg>${PASSWORD}</arg>
<doc>Types the given ``text`` into the text field identified by ``locator``.</doc>
<status status="PASS" start="2025-10-06T19:33:59.243442" elapsed="0.050864"/>
</kw>
<kw name="Click Button" owner="SeleniumLibrary">
<msg time="2025-10-06T19:33:59.295303" level="INFO">Clicking button 'xpath=//*[@id="loginForm"]/button'.</msg>
<arg>xpath=//*[@id="loginForm"]/button</arg>
<doc>Clicks the button identified by ``locator``.</doc>
<status status="PASS" start="2025-10-06T19:33:59.295303" elapsed="0.055851"/>
</kw>
<kw name="Handle Alert" owner="SeleniumLibrary">
<msg time="2025-10-06T19:33:59.351154" level="INFO">HANDLE::&lt;class 'NoneType'&gt;::None</msg>
<arg>accept</arg>
<doc>Handles the current alert and returns its message.</doc>
<status status="PASS" start="2025-10-06T19:33:59.351154" elapsed="0.505674"/>
</kw>
<kw name="Wait Until Location Contains" owner="SeleniumLibrary">
<arg>dashboard</arg>
<doc>Waits until the current URL contains ``expected``.</doc>
<status status="PASS" start="2025-10-06T19:33:59.856828" elapsed="0.067977"/>
</kw>
<status status="PASS" start="2025-10-06T19:33:59.165650" elapsed="0.759155"/>
</kw>
<kw name="Navigate to Picture Dashboard" owner="keywords">
<kw name="Click Element" owner="SeleniumLibrary">
<msg time="2025-10-06T19:33:59.925802" level="INFO">Clicking element 'id=newsDropdown'.</msg>
<arg>id=newsDropdown</arg>
<doc>Click the element identified by ``locator``.</doc>
<status status="PASS" start="2025-10-06T19:33:59.924805" elapsed="0.056869"/>
</kw>
<kw name="Click Element" owner="SeleniumLibrary">
<msg time="2025-10-06T19:33:59.982653" level="INFO">Clicking element 'xpath=//*[@id="newsDropdownContent"]/a[3]'.</msg>
<arg>xpath=//*[@id="newsDropdownContent"]/a[3]</arg>
<doc>Click the element identified by ``locator``.</doc>
<status status="PASS" start="2025-10-06T19:33:59.981674" elapsed="0.233356"/>
</kw>
<kw name="Wait Until Page Contains Element" owner="SeleniumLibrary">
<arg>xpath=//*[@id="gallery"]</arg>
<doc>Waits until the element ``locator`` appears on the current page.</doc>
<status status="PASS" start="2025-10-06T19:34:00.215030" elapsed="0.009974"/>
</kw>
<status status="PASS" start="2025-10-06T19:33:59.924805" elapsed="0.301195"/>
</kw>
<kw name="Search and Delete Picture" owner="keywords">
<kw name="Input Text" owner="SeleniumLibrary">
<msg time="2025-10-06T19:34:00.226000" level="INFO">Typing text '449' into text field 'id=searchInput'.</msg>
<arg>id=searchInput</arg>
<arg>${news_id}</arg>
<doc>Types the given ``text`` into the text field identified by ``locator``.</doc>
<status status="PASS" start="2025-10-06T19:34:00.226000" elapsed="0.132646"/>
</kw>
<kw name="Set Variable" owner="BuiltIn">
<msg time="2025-10-06T19:34:00.358646" level="INFO">${xpath} = //tbody[@id="gallery"]/tr/td[3]/button[contains(@onclick, "deleteImage(449")]</msg>
<var>${xpath}</var>
<arg>//tbody[@id="gallery"]/tr/td[3]/button[contains(@onclick, "deleteImage(${news_id}")]</arg>
<doc>Returns the given values which can then be assigned to a variables.</doc>
<status status="PASS" start="2025-10-06T19:34:00.358646" elapsed="0.000000"/>
</kw>
<kw name="Wait Until Element Is Visible" owner="SeleniumLibrary">
<arg>xpath=${xpath}</arg>
<arg>timeout=10s</arg>
<doc>Waits until the element ``locator`` is visible.</doc>
<status status="PASS" start="2025-10-06T19:34:00.358646" elapsed="0.015957"/>
</kw>
<kw name="Click Element" owner="SeleniumLibrary">
<msg time="2025-10-06T19:34:00.374603" level="INFO">Clicking element 'xpath=//tbody[@id="gallery"]/tr/td[3]/button[contains(@onclick, "deleteImage(449")]'.</msg>
<arg>xpath=${xpath}</arg>
<doc>Click the element identified by ``locator``.</doc>
<status status="PASS" start="2025-10-06T19:34:00.374603" elapsed="0.040890"/>
</kw>
<kw name="Wait Until Page Does Not Contain" owner="SeleniumLibrary">
<arg>${news_id}</arg>
<arg>timeout=10s</arg>
<doc>Waits until ``text`` disappears from the current page.</doc>
<status status="PASS" start="2025-10-06T19:34:00.415493" elapsed="0.234375"/>
</kw>
<arg>449</arg>
<status status="PASS" start="2025-10-06T19:34:00.226000" elapsed="0.423868"/>
</kw>
<kw name="Sleep" owner="BuiltIn">
<msg time="2025-10-06T19:34:03.650987" level="INFO">Slept 3 seconds.</msg>
<arg>3s</arg>
<doc>Pauses the test executed for the given time.</doc>
<status status="PASS" start="2025-10-06T19:34:00.649868" elapsed="3.001119"/>
</kw>
<kw name="Close All Browsers" owner="SeleniumLibrary">
<doc>Closes all open browsers and resets the browser cache.</doc>
<status status="PASS" start="2025-10-06T19:34:03.651684" elapsed="12.427627"/>
</kw>
<status status="PASS" start="2025-10-06T19:33:57.389231" elapsed="18.690080"/>
</test>
<doc>Scenario 03 - ตรวจสอบฟังก์ชันการจัดการรูปภาพในระบบ</doc>
<status status="FAIL" start="2025-10-06T19:33:23.677877" elapsed="52.402430"/>
</suite>
<status status="FAIL" elapsed="119.885837"/>
</suite>
<statistics>
<total>
<stat pass="8" fail="1" skip="0">All Tests</stat>
</total>
<tag>
</tag>
<suite>
<stat pass="8" fail="1" skip="0" id="s1" name="Robot-Selenium Summary">Robot-Selenium Summary</stat>
<stat pass="3" fail="0" skip="0" id="s1-s1" name="Scenario001">Robot-Selenium Summary.Scenario001</stat>
<stat pass="3" fail="0" skip="0" id="s1-s2" name="Scenario002">Robot-Selenium Summary.Scenario002</stat>
<stat pass="2" fail="1" skip="0" id="s1-s3" name="Scenario003">Robot-Selenium Summary.Scenario003</stat>
</suite>
</statistics>
<errors>
</errors>
</robot>
