<?xml version="1.0" encoding="UTF-8"?>
<robot generator="Robot 7.0 (Python 3.11.4 on win32)" generated="2025-07-13T06:21:54.947678" rpa="false" schemaversion="5">
<suite id="s1" name="Scenario001" source="E:\HawKishZ\งาน2025+\QA\Practice_web_test_project\project_web\robot\tests\scenario001.robot">
<test id="s1-t1" name="TC-SR-001" line="7">
<kw name="Open Browser To Login Page" owner="keywords">
<kw name="Evaluate" owner="BuiltIn">
<msg time="2025-07-13T06:21:55.214677" level="INFO">${options} = &lt;selenium.webdriver.chrome.options.Options object at 0x000002593A52D990&gt;</msg>
<var>${options}</var>
<arg>sys.modules['selenium.webdriver'].ChromeOptions()</arg>
<arg>sys, selenium.webdriver</arg>
<doc>Evaluates the given expression in Python and returns the result.</doc>
<status status="PASS" start="2025-07-13T06:21:55.213677" elapsed="0.001000"/>
</kw>
<kw name="Create List" owner="BuiltIn">
<msg time="2025-07-13T06:21:55.214677" level="INFO">${args} = ['--disable-blink-features=AutomationControlled', '--incognito']</msg>
<var>${args}</var>
<arg>--disable-blink-features=AutomationControlled</arg>
<arg>--incognito</arg>
<doc>Returns a list containing given items.</doc>
<status status="PASS" start="2025-07-13T06:21:55.214677" elapsed="0.000000"/>
</kw>
<for flavor="IN">
<iter>
<kw name="Call Method" owner="BuiltIn">
<arg>${options}</arg>
<arg>add_argument</arg>
<arg>${arg}</arg>
<doc>Calls the named method of the given object with the provided arguments.</doc>
<status status="PASS" start="2025-07-13T06:21:55.214677" elapsed="0.001000"/>
</kw>
<var name="${arg}">--disable-blink-features=AutomationControlled</var>
<status status="PASS" start="2025-07-13T06:21:55.214677" elapsed="0.001000"/>
</iter>
<iter>
<kw name="Call Method" owner="BuiltIn">
<arg>${options}</arg>
<arg>add_argument</arg>
<arg>${arg}</arg>
<doc>Calls the named method of the given object with the provided arguments.</doc>
<status status="PASS" start="2025-07-13T06:21:55.215677" elapsed="0.000000"/>
</kw>
<var name="${arg}">--incognito</var>
<status status="PASS" start="2025-07-13T06:21:55.215677" elapsed="0.000000"/>
</iter>
<var>${arg}</var>
<value>@{args}</value>
<status status="PASS" start="2025-07-13T06:21:55.214677" elapsed="0.001000"/>
</for>
<kw name="Create Dictionary" owner="BuiltIn">
<msg time="2025-07-13T06:21:55.215677" level="INFO">&amp;{prefs} = { credentials_enable_service=False | profile.password_manager_enabled=False }</msg>
<var>&amp;{prefs}</var>
<arg>credentials_enable_service=False</arg>
<arg>profile.password_manager_enabled=False</arg>
<doc>Creates and returns a dictionary based on the given ``items``.</doc>
<status status="PASS" start="2025-07-13T06:21:55.215677" elapsed="0.000000"/>
</kw>
<kw name="Call Method" owner="BuiltIn">
<arg>${options}</arg>
<arg>add_experimental_option</arg>
<arg>prefs</arg>
<arg>${prefs}</arg>
<doc>Calls the named method of the given object with the provided arguments.</doc>
<status status="PASS" start="2025-07-13T06:21:55.216677" elapsed="0.000000"/>
</kw>
<kw name="Create Webdriver" owner="SeleniumLibrary">
<msg time="2025-07-13T06:21:55.216677" level="INFO">Creating an instance of the Chrome WebDriver.</msg>
<arg>Chrome</arg>
<arg>options=${options}</arg>
<doc>Creates an instance of Selenium WebDriver.</doc>
<status status="PASS" start="2025-07-13T06:21:55.216677" elapsed="1.353159"/>
</kw>
<kw name="Maximize Browser Window" owner="SeleniumLibrary">
<doc>Maximizes current browser window.</doc>
<status status="PASS" start="2025-07-13T06:21:56.570836" elapsed="0.038998"/>
</kw>
<kw name="Go To" owner="SeleniumLibrary">
<msg time="2025-07-13T06:21:56.610834" level="INFO">Opening url 'https://co-newsproject.com/'</msg>
<arg>${URL}</arg>
<doc>Navigates the current browser window to the provided ``url``.</doc>
<status status="PASS" start="2025-07-13T06:21:56.610834" elapsed="0.242121"/>
</kw>
<status status="PASS" start="2025-07-13T06:21:55.213677" elapsed="1.640281"/>
</kw>
<kw name="Login As Admin" owner="keywords">
<kw name="Input Text" owner="SeleniumLibrary">
<msg time="2025-07-13T06:21:56.854956" level="INFO">Typing text 'abcd' into text field 'id=login'.</msg>
<arg>id=login</arg>
<arg>${USERNAME}</arg>
<doc>Types the given ``text`` into the text field identified by ``locator``.</doc>
<status status="PASS" start="2025-07-13T06:21:56.853958" elapsed="0.082002"/>
</kw>
<kw name="Input Text" owner="SeleniumLibrary">
<msg time="2025-07-13T06:21:56.935960" level="INFO">Typing text '1234' into text field 'id=password'.</msg>
<arg>id=password</arg>
<arg>${PASSWORD}</arg>
<doc>Types the given ``text`` into the text field identified by ``locator``.</doc>
<status status="PASS" start="2025-07-13T06:21:56.935960" elapsed="0.056995"/>
</kw>
<kw name="Click Button" owner="SeleniumLibrary">
<msg time="2025-07-13T06:21:56.992955" level="INFO">Clicking button 'xpath=//*[@id="loginForm"]/button'.</msg>
<arg>xpath=//*[@id="loginForm"]/button</arg>
<doc>Clicks the button identified by ``locator``.</doc>
<status status="PASS" start="2025-07-13T06:21:56.992955" elapsed="0.056000"/>
</kw>
<kw name="Handle Alert" owner="SeleniumLibrary">
<msg time="2025-07-13T06:21:57.049955" level="INFO">HANDLE::&lt;class 'NoneType'&gt;::None</msg>
<arg>accept</arg>
<doc>Handles the current alert and returns its message.</doc>
<status status="PASS" start="2025-07-13T06:21:57.049955" elapsed="0.505692"/>
</kw>
<kw name="Wait Until Location Contains" owner="SeleniumLibrary">
<arg>dashboard</arg>
<doc>Waits until the current URL contains ``expected``.</doc>
<status status="PASS" start="2025-07-13T06:21:57.556648" elapsed="0.066000"/>
</kw>
<status status="PASS" start="2025-07-13T06:21:56.853958" elapsed="0.769689"/>
</kw>
<kw name="Navigate to News Dashboard" owner="keywords">
<kw name="Click Element" owner="SeleniumLibrary">
<msg time="2025-07-13T06:21:57.623647" level="INFO">Clicking element 'id=newsDropdown'.</msg>
<arg>id=newsDropdown</arg>
<doc>Click the element identified by ``locator``.</doc>
<status status="PASS" start="2025-07-13T06:21:57.623647" elapsed="0.063002"/>
</kw>
<kw name="Click Element" owner="SeleniumLibrary">
<msg time="2025-07-13T06:21:57.686649" level="INFO">Clicking element 'xpath=//*[@id="newsDropdownContent"]/a[1]'.</msg>
<arg>xpath=//*[@id="newsDropdownContent"]/a[1]</arg>
<doc>Click the element identified by ``locator``.</doc>
<status status="PASS" start="2025-07-13T06:21:57.686649" elapsed="0.083524"/>
</kw>
<kw name="Wait Until Page Contains Element" owner="SeleniumLibrary">
<arg>xpath=//tbody[@id="newsList"]</arg>
<arg>timeout=10s</arg>
<doc>Waits until the element ``locator`` appears on the current page.</doc>
<status status="PASS" start="2025-07-13T06:21:57.771172" elapsed="0.008999"/>
</kw>
<status status="PASS" start="2025-07-13T06:21:57.623647" elapsed="0.156524"/>
</kw>
<kw name="Navigate to Add News Page" owner="keywords">
<kw name="Click Element" owner="SeleniumLibrary">
<msg time="2025-07-13T06:21:57.781170" level="INFO">Clicking element 'xpath=//*[@id="content"]/a[1]'.</msg>
<arg>xpath=//*[@id="content"]/a[1]</arg>
<doc>Click the element identified by ``locator``.</doc>
<status status="PASS" start="2025-07-13T06:21:57.781170" elapsed="0.108002"/>
</kw>
<status status="PASS" start="2025-07-13T06:21:57.781170" elapsed="0.108002"/>
</kw>
<kw name="Add News" owner="keywords">
<kw name="Get Current Date" owner="DateTime">
<msg time="2025-07-13T06:21:57.891175" level="INFO">${NEWS_DATE} = 2025-07-13T06:21</msg>
<var>${NEWS_DATE}</var>
<arg>result_format=%Y-%m-%dT%H:%M</arg>
<doc>Returns current local or UTC time with an optional increment.</doc>
<status status="PASS" start="2025-07-13T06:21:57.890172" elapsed="0.001003"/>
</kw>
<kw name="Input Text" owner="SeleniumLibrary">
<msg time="2025-07-13T06:21:57.891175" level="INFO">Typing text 'ทดสอบ Robot Framework' into text field 'id=newsName'.</msg>
<arg>id=newsName</arg>
<arg>${TITLE}</arg>
<doc>Types the given ``text`` into the text field identified by ``locator``.</doc>
<status status="PASS" start="2025-07-13T06:21:57.891175" elapsed="0.063998"/>
</kw>
<kw name="Input Text" owner="SeleniumLibrary">
<msg time="2025-07-13T06:21:57.956172" level="INFO">Typing text 'ทดสอบเนื้อหา' into text field 'id=newsDetails'.</msg>
<arg>id=newsDetails</arg>
<arg>${DETAIL}</arg>
<doc>Types the given ``text`` into the text field identified by ``locator``.</doc>
<status status="PASS" start="2025-07-13T06:21:57.955173" elapsed="0.051001"/>
</kw>
<kw name="Input Text" owner="SeleniumLibrary">
<msg time="2025-07-13T06:21:58.006174" level="INFO">Typing text '2025-07-13T06:21' into text field 'id=newsDate'.</msg>
<arg>id=newsDate</arg>
<arg>${NEWS_DATE}</arg>
<doc>Types the given ``text`` into the text field identified by ``locator``.</doc>
<status status="PASS" start="2025-07-13T06:21:58.006174" elapsed="0.054998"/>
</kw>
<kw name="Click Element" owner="SeleniumLibrary">
<msg time="2025-07-13T06:21:58.061172" level="INFO">Clicking element 'id=newsDetails'.</msg>
<arg>id=newsDetails</arg>
<doc>Click the element identified by ``locator``.</doc>
<status status="PASS" start="2025-07-13T06:21:58.061172" elapsed="0.038999"/>
</kw>
<kw name="Select From List By Label" owner="SeleniumLibrary">
<msg time="2025-07-13T06:21:58.100171" level="INFO">Selecting options from selection list 'id=catId' by label กีฬา.</msg>
<arg>id=catId</arg>
<arg>${CATEGORY}</arg>
<doc>Selects options from selection list ``locator`` by ``labels``.</doc>
<status status="PASS" start="2025-07-13T06:21:58.100171" elapsed="0.030001"/>
</kw>
<kw name="Select From List By Label" owner="SeleniumLibrary">
<msg time="2025-07-13T06:21:58.131172" level="INFO">Selecting options from selection list 'id=majorId' by label 0.</msg>
<arg>id=majorId</arg>
<arg>${MAJOR}</arg>
<doc>Selects options from selection list ``locator`` by ``labels``.</doc>
<status status="PASS" start="2025-07-13T06:21:58.130172" elapsed="0.026998"/>
</kw>
<kw name="Click Button" owner="SeleniumLibrary">
<msg time="2025-07-13T06:21:58.157170" level="INFO">Clicking button 'xpath=//*[@id="addNewsForm"]/button[2]'.</msg>
<arg>xpath=//*[@id="addNewsForm"]/button[2]</arg>
<doc>Clicks the button identified by ``locator``.</doc>
<status status="PASS" start="2025-07-13T06:21:58.157170" elapsed="0.059001"/>
</kw>
<kw name="Handle Alert" owner="SeleniumLibrary">
<msg time="2025-07-13T06:21:58.217171" level="INFO">HANDLE::&lt;class 'NoneType'&gt;::None</msg>
<arg>accept</arg>
<doc>Handles the current alert and returns its message.</doc>
<status status="PASS" start="2025-07-13T06:21:58.217171" elapsed="0.505971"/>
</kw>
<kw name="Wait Until Location Contains" owner="SeleniumLibrary">
<arg>expected=${URL}views/news/news.html</arg>
<doc>Waits until the current URL contains ``expected``.</doc>
<status status="PASS" start="2025-07-13T06:21:58.723142" elapsed="0.039999"/>
</kw>
<kw name="Wait Until Page Contains" owner="SeleniumLibrary">
<arg>text=${TITLE}</arg>
<arg>timeout=10s</arg>
<doc>Waits until ``text`` appears on the current page.</doc>
<status status="PASS" start="2025-07-13T06:21:58.763141" elapsed="0.215588"/>
</kw>
<status status="PASS" start="2025-07-13T06:21:57.890172" elapsed="1.088557"/>
</kw>
<kw name="Close All Browsers" owner="SeleniumLibrary">
<doc>Closes all open browsers and resets the browser cache.</doc>
<status status="PASS" start="2025-07-13T06:21:58.979730" elapsed="6.173902"/>
</kw>
<status status="PASS" start="2025-07-13T06:21:55.212710" elapsed="9.940922"/>
</test>
<test id="s1-t2" name="TC-SR-002" line="15">
<kw name="Open Browser To Login Page" owner="keywords">
<kw name="Evaluate" owner="BuiltIn">
<msg time="2025-07-13T06:22:05.155627" level="INFO">${options} = &lt;selenium.webdriver.chrome.options.Options object at 0x000002593A560CD0&gt;</msg>
<var>${options}</var>
<arg>sys.modules['selenium.webdriver'].ChromeOptions()</arg>
<arg>sys, selenium.webdriver</arg>
<doc>Evaluates the given expression in Python and returns the result.</doc>
<status status="PASS" start="2025-07-13T06:22:05.155627" elapsed="0.000000"/>
</kw>
<kw name="Create List" owner="BuiltIn">
<msg time="2025-07-13T06:22:05.156626" level="INFO">${args} = ['--disable-blink-features=AutomationControlled', '--incognito']</msg>
<var>${args}</var>
<arg>--disable-blink-features=AutomationControlled</arg>
<arg>--incognito</arg>
<doc>Returns a list containing given items.</doc>
<status status="PASS" start="2025-07-13T06:22:05.156626" elapsed="0.000000"/>
</kw>
<for flavor="IN">
<iter>
<kw name="Call Method" owner="BuiltIn">
<arg>${options}</arg>
<arg>add_argument</arg>
<arg>${arg}</arg>
<doc>Calls the named method of the given object with the provided arguments.</doc>
<status status="PASS" start="2025-07-13T06:22:05.156626" elapsed="0.000000"/>
</kw>
<var name="${arg}">--disable-blink-features=AutomationControlled</var>
<status status="PASS" start="2025-07-13T06:22:05.156626" elapsed="0.000000"/>
</iter>
<iter>
<kw name="Call Method" owner="BuiltIn">
<arg>${options}</arg>
<arg>add_argument</arg>
<arg>${arg}</arg>
<doc>Calls the named method of the given object with the provided arguments.</doc>
<status status="PASS" start="2025-07-13T06:22:05.156626" elapsed="0.000000"/>
</kw>
<var name="${arg}">--incognito</var>
<status status="PASS" start="2025-07-13T06:22:05.156626" elapsed="0.001001"/>
</iter>
<var>${arg}</var>
<value>@{args}</value>
<status status="PASS" start="2025-07-13T06:22:05.156626" elapsed="0.001001"/>
</for>
<kw name="Create Dictionary" owner="BuiltIn">
<msg time="2025-07-13T06:22:05.157627" level="INFO">&amp;{prefs} = { credentials_enable_service=False | profile.password_manager_enabled=False }</msg>
<var>&amp;{prefs}</var>
<arg>credentials_enable_service=False</arg>
<arg>profile.password_manager_enabled=False</arg>
<doc>Creates and returns a dictionary based on the given ``items``.</doc>
<status status="PASS" start="2025-07-13T06:22:05.157627" elapsed="0.000000"/>
</kw>
<kw name="Call Method" owner="BuiltIn">
<arg>${options}</arg>
<arg>add_experimental_option</arg>
<arg>prefs</arg>
<arg>${prefs}</arg>
<doc>Calls the named method of the given object with the provided arguments.</doc>
<status status="PASS" start="2025-07-13T06:22:05.157627" elapsed="0.000000"/>
</kw>
<kw name="Create Webdriver" owner="SeleniumLibrary">
<msg time="2025-07-13T06:22:05.157627" level="INFO">Creating an instance of the Chrome WebDriver.</msg>
<arg>Chrome</arg>
<arg>options=${options}</arg>
<doc>Creates an instance of Selenium WebDriver.</doc>
<status status="PASS" start="2025-07-13T06:22:05.157627" elapsed="1.315528"/>
</kw>
<kw name="Maximize Browser Window" owner="SeleniumLibrary">
<doc>Maximizes current browser window.</doc>
<status status="PASS" start="2025-07-13T06:22:06.474154" elapsed="0.036002"/>
</kw>
<kw name="Go To" owner="SeleniumLibrary">
<msg time="2025-07-13T06:22:06.510156" level="INFO">Opening url 'https://co-newsproject.com/'</msg>
<arg>${URL}</arg>
<doc>Navigates the current browser window to the provided ``url``.</doc>
<status status="PASS" start="2025-07-13T06:22:06.510156" elapsed="0.203520"/>
</kw>
<status status="PASS" start="2025-07-13T06:22:05.155627" elapsed="1.558049"/>
</kw>
<kw name="Login As Admin" owner="keywords">
<kw name="Input Text" owner="SeleniumLibrary">
<msg time="2025-07-13T06:22:06.714678" level="INFO">Typing text 'abcd' into text field 'id=login'.</msg>
<arg>id=login</arg>
<arg>${USERNAME}</arg>
<doc>Types the given ``text`` into the text field identified by ``locator``.</doc>
<status status="PASS" start="2025-07-13T06:22:06.714678" elapsed="0.078996"/>
</kw>
<kw name="Input Text" owner="SeleniumLibrary">
<msg time="2025-07-13T06:22:06.794675" level="INFO">Typing text '1234' into text field 'id=password'.</msg>
<arg>id=password</arg>
<arg>${PASSWORD}</arg>
<doc>Types the given ``text`` into the text field identified by ``locator``.</doc>
<status status="PASS" start="2025-07-13T06:22:06.794675" elapsed="0.052000"/>
</kw>
<kw name="Click Button" owner="SeleniumLibrary">
<msg time="2025-07-13T06:22:06.846675" level="INFO">Clicking button 'xpath=//*[@id="loginForm"]/button'.</msg>
<arg>xpath=//*[@id="loginForm"]/button</arg>
<doc>Clicks the button identified by ``locator``.</doc>
<status status="PASS" start="2025-07-13T06:22:06.846675" elapsed="0.059999"/>
</kw>
<kw name="Handle Alert" owner="SeleniumLibrary">
<msg time="2025-07-13T06:22:06.906674" level="INFO">HANDLE::&lt;class 'NoneType'&gt;::None</msg>
<arg>accept</arg>
<doc>Handles the current alert and returns its message.</doc>
<status status="PASS" start="2025-07-13T06:22:06.906674" elapsed="0.505795"/>
</kw>
<kw name="Wait Until Location Contains" owner="SeleniumLibrary">
<arg>dashboard</arg>
<doc>Waits until the current URL contains ``expected``.</doc>
<status status="PASS" start="2025-07-13T06:22:07.412469" elapsed="0.069002"/>
</kw>
<status status="PASS" start="2025-07-13T06:22:06.713676" elapsed="0.767795"/>
</kw>
<kw name="Navigate to News Dashboard" owner="keywords">
<kw name="Click Element" owner="SeleniumLibrary">
<msg time="2025-07-13T06:22:07.482471" level="INFO">Clicking element 'id=newsDropdown'.</msg>
<arg>id=newsDropdown</arg>
<doc>Click the element identified by ``locator``.</doc>
<status status="PASS" start="2025-07-13T06:22:07.482471" elapsed="0.055998"/>
</kw>
<kw name="Click Element" owner="SeleniumLibrary">
<msg time="2025-07-13T06:22:07.538469" level="INFO">Clicking element 'xpath=//*[@id="newsDropdownContent"]/a[1]'.</msg>
<arg>xpath=//*[@id="newsDropdownContent"]/a[1]</arg>
<doc>Click the element identified by ``locator``.</doc>
<status status="PASS" start="2025-07-13T06:22:07.538469" elapsed="0.084001"/>
</kw>
<kw name="Wait Until Page Contains Element" owner="SeleniumLibrary">
<arg>xpath=//tbody[@id="newsList"]</arg>
<arg>timeout=10s</arg>
<doc>Waits until the element ``locator`` appears on the current page.</doc>
<status status="PASS" start="2025-07-13T06:22:07.622470" elapsed="0.012998"/>
</kw>
<status status="PASS" start="2025-07-13T06:22:07.482471" elapsed="0.152997"/>
</kw>
<kw name="Search and Navigate to Edit News Page" owner="keywords">
<kw name="Select From List By Label" owner="SeleniumLibrary">
<msg time="2025-07-13T06:22:07.636470" level="INFO">Selecting options from selection list 'id=searchType' by label ค้นหาตามชื่อข่าว.</msg>
<arg>id=searchType</arg>
<arg>${SEARCH_TYPE_1}</arg>
<doc>Selects options from selection list ``locator`` by ``labels``.</doc>
<status status="PASS" start="2025-07-13T06:22:07.636470" elapsed="0.032001"/>
</kw>
<kw name="Input Text" owner="SeleniumLibrary">
<msg time="2025-07-13T06:22:07.669471" level="INFO">Typing text 'ทดสอบ Robot Framework' into text field 'id=searchInput'.</msg>
<arg>id=searchInput</arg>
<arg>${TITLE}</arg>
<doc>Types the given ``text`` into the text field identified by ``locator``.</doc>
<status status="PASS" start="2025-07-13T06:22:07.669471" elapsed="0.080998"/>
</kw>
<kw name="Set Variable" owner="BuiltIn">
<msg time="2025-07-13T06:22:07.751471" level="INFO">${xpath} = //tbody[@id="newsList"]/tr[td[2][normalize-space(text())="ทดสอบ Robot Framework"]]/td[last()]/button[contains(@onclick, 'editNews')]</msg>
<var>${xpath}</var>
<arg>//tbody[@id="newsList"]/tr[td[2][normalize-space(text())="${news_title}"]]/td[last()]/button[contains(@onclick, 'editNews')]</arg>
<doc>Returns the given values which can then be assigned to a variables.</doc>
<status status="PASS" start="2025-07-13T06:22:07.750469" elapsed="0.001002"/>
</kw>
<kw name="Wait Until Element Is Visible" owner="SeleniumLibrary">
<arg>xpath=${xpath}</arg>
<arg>timeout=5s</arg>
<doc>Waits until the element ``locator`` is visible.</doc>
<status status="PASS" start="2025-07-13T06:22:07.751471" elapsed="0.015997"/>
</kw>
<kw name="Click Element" owner="SeleniumLibrary">
<msg time="2025-07-13T06:22:07.767468" level="INFO">Clicking element 'xpath=//tbody[@id="newsList"]/tr[td[2][normalize-space(text())="ทดสอบ Robot Framework"]]/td[last()]/button[contains(@onclick, 'editNews')]'.</msg>
<arg>xpath=${xpath}</arg>
<doc>Click the element identified by ``locator``.</doc>
<status status="PASS" start="2025-07-13T06:22:07.767468" elapsed="0.078650"/>
</kw>
<kw name="Wait Until Location Contains" owner="SeleniumLibrary">
<arg>expected=${URL}views/news/edit-news.html</arg>
<arg>timeout=5s</arg>
<doc>Waits until the current URL contains ``expected``.</doc>
<status status="PASS" start="2025-07-13T06:22:07.846118" elapsed="0.009000"/>
</kw>
<arg>${TITLE}</arg>
<status status="PASS" start="2025-07-13T06:22:07.636470" elapsed="0.219648"/>
</kw>
<kw name="Edit News" owner="keywords">
<kw name="Get Current Date" owner="DateTime">
<msg time="2025-07-13T06:22:07.857118" level="INFO">${NEWS_DATE} = 2025-07-13T06:22</msg>
<var>${NEWS_DATE}</var>
<arg>result_format=%Y-%m-%dT%H:%M</arg>
<doc>Returns current local or UTC time with an optional increment.</doc>
<status status="PASS" start="2025-07-13T06:22:07.856118" elapsed="0.001000"/>
</kw>
<kw name="Wait Until Element Is Visible" owner="SeleniumLibrary">
<arg>id=newsDetails</arg>
<arg>timeout=5s</arg>
<doc>Waits until the element ``locator`` is visible.</doc>
<status status="PASS" start="2025-07-13T06:22:07.857118" elapsed="0.014999"/>
</kw>
<kw name="Execute Javascript" owner="SeleniumLibrary">
<msg time="2025-07-13T06:22:07.873117" level="INFO">Executing JavaScript:
document.getElementById("newsDetails").value = ""
Without any arguments.</msg>
<arg>document.getElementById("newsDetails").value = ""</arg>
<doc>Executes the given JavaScript code with possible arguments.</doc>
<status status="PASS" start="2025-07-13T06:22:07.872117" elapsed="0.004999"/>
</kw>
<kw name="Input Text" owner="SeleniumLibrary">
<msg time="2025-07-13T06:22:07.877116" level="INFO">Typing text 'ทดสอบ แก้ไข' into text field 'id=newsDetails'.</msg>
<arg>id=newsDetails</arg>
<arg>${EDIT_DETAIL}</arg>
<doc>Types the given ``text`` into the text field identified by ``locator``.</doc>
<status status="PASS" start="2025-07-13T06:22:07.877116" elapsed="0.046001"/>
</kw>
<kw name="Execute Javascript" owner="SeleniumLibrary">
<msg time="2025-07-13T06:22:07.923117" level="INFO">Executing JavaScript:
document.getElementById("newsDate").value = "2025-07-13T06:22";
Without any arguments.</msg>
<arg>document.getElementById("newsDate").value = "${NEWS_DATE}";</arg>
<doc>Executes the given JavaScript code with possible arguments.</doc>
<status status="PASS" start="2025-07-13T06:22:07.923117" elapsed="0.004000"/>
</kw>
<kw name="Sleep" owner="BuiltIn">
<msg time="2025-07-13T06:22:10.927621" level="INFO">Slept 3 seconds.</msg>
<arg>3s</arg>
<doc>Pauses the test executed for the given time.</doc>
<status status="PASS" start="2025-07-13T06:22:07.927117" elapsed="3.000504"/>
</kw>
<kw name="Click Element" owner="SeleniumLibrary">
<msg time="2025-07-13T06:22:10.927621" level="INFO">Clicking element 'id=newsDetails'.</msg>
<arg>id=newsDetails</arg>
<doc>Click the element identified by ``locator``.</doc>
<status status="PASS" start="2025-07-13T06:22:10.927621" elapsed="0.036002"/>
</kw>
<kw name="Click Button" owner="SeleniumLibrary">
<msg time="2025-07-13T06:22:10.964622" level="INFO">Clicking button 'xpath=//*[@id="editNewsForm"]/button[2]'.</msg>
<arg>xpath=//*[@id="editNewsForm"]/button[2]</arg>
<doc>Clicks the button identified by ``locator``.</doc>
<status status="PASS" start="2025-07-13T06:22:10.964622" elapsed="0.049000"/>
</kw>
<kw name="Handle Alert" owner="SeleniumLibrary">
<msg time="2025-07-13T06:22:11.013622" level="INFO">HANDLE::&lt;class 'NoneType'&gt;::None</msg>
<arg>accept</arg>
<doc>Handles the current alert and returns its message.</doc>
<status status="PASS" start="2025-07-13T06:22:11.013622" elapsed="0.505704"/>
</kw>
<kw name="Wait Until Location Contains" owner="SeleniumLibrary">
<arg>expected=${URL}views/news/news.html</arg>
<doc>Waits until the current URL contains ``expected``.</doc>
<status status="PASS" start="2025-07-13T06:22:11.519326" elapsed="0.025001"/>
</kw>
<kw name="Wait Until Page Contains" owner="SeleniumLibrary">
<arg>text=${EDIT_DETAIL}</arg>
<arg>timeout=10s</arg>
<doc>Waits until ``text`` appears on the current page.</doc>
<status status="PASS" start="2025-07-13T06:22:11.544327" elapsed="0.216738"/>
</kw>
<status status="PASS" start="2025-07-13T06:22:07.856118" elapsed="3.904947"/>
</kw>
<kw name="Close All Browsers" owner="SeleniumLibrary">
<doc>Closes all open browsers and resets the browser cache.</doc>
<status status="PASS" start="2025-07-13T06:22:11.762066" elapsed="6.192175"/>
</kw>
<status status="PASS" start="2025-07-13T06:22:05.154627" elapsed="12.799614"/>
</test>
<test id="s1-t3" name="TC-SR-003" line="23">
<kw name="Open Browser To Login Page" owner="keywords">
<kw name="Evaluate" owner="BuiltIn">
<msg time="2025-07-13T06:22:17.956231" level="INFO">${options} = &lt;selenium.webdriver.chrome.options.Options object at 0x000002593A5631D0&gt;</msg>
<var>${options}</var>
<arg>sys.modules['selenium.webdriver'].ChromeOptions()</arg>
<arg>sys, selenium.webdriver</arg>
<doc>Evaluates the given expression in Python and returns the result.</doc>
<status status="PASS" start="2025-07-13T06:22:17.956231" elapsed="0.000000"/>
</kw>
<kw name="Create List" owner="BuiltIn">
<msg time="2025-07-13T06:22:17.956231" level="INFO">${args} = ['--disable-blink-features=AutomationControlled', '--incognito']</msg>
<var>${args}</var>
<arg>--disable-blink-features=AutomationControlled</arg>
<arg>--incognito</arg>
<doc>Returns a list containing given items.</doc>
<status status="PASS" start="2025-07-13T06:22:17.956231" elapsed="0.000000"/>
</kw>
<for flavor="IN">
<iter>
<kw name="Call Method" owner="BuiltIn">
<arg>${options}</arg>
<arg>add_argument</arg>
<arg>${arg}</arg>
<doc>Calls the named method of the given object with the provided arguments.</doc>
<status status="PASS" start="2025-07-13T06:22:17.957231" elapsed="0.000000"/>
</kw>
<var name="${arg}">--disable-blink-features=AutomationControlled</var>
<status status="PASS" start="2025-07-13T06:22:17.956231" elapsed="0.001000"/>
</iter>
<iter>
<kw name="Call Method" owner="BuiltIn">
<arg>${options}</arg>
<arg>add_argument</arg>
<arg>${arg}</arg>
<doc>Calls the named method of the given object with the provided arguments.</doc>
<status status="PASS" start="2025-07-13T06:22:17.957231" elapsed="0.000000"/>
</kw>
<var name="${arg}">--incognito</var>
<status status="PASS" start="2025-07-13T06:22:17.957231" elapsed="0.000000"/>
</iter>
<var>${arg}</var>
<value>@{args}</value>
<status status="PASS" start="2025-07-13T06:22:17.956231" elapsed="0.001000"/>
</for>
<kw name="Create Dictionary" owner="BuiltIn">
<msg time="2025-07-13T06:22:17.957231" level="INFO">&amp;{prefs} = { credentials_enable_service=False | profile.password_manager_enabled=False }</msg>
<var>&amp;{prefs}</var>
<arg>credentials_enable_service=False</arg>
<arg>profile.password_manager_enabled=False</arg>
<doc>Creates and returns a dictionary based on the given ``items``.</doc>
<status status="PASS" start="2025-07-13T06:22:17.957231" elapsed="0.000000"/>
</kw>
<kw name="Call Method" owner="BuiltIn">
<arg>${options}</arg>
<arg>add_experimental_option</arg>
<arg>prefs</arg>
<arg>${prefs}</arg>
<doc>Calls the named method of the given object with the provided arguments.</doc>
<status status="PASS" start="2025-07-13T06:22:17.958231" elapsed="0.000000"/>
</kw>
<kw name="Create Webdriver" owner="SeleniumLibrary">
<msg time="2025-07-13T06:22:17.958231" level="INFO">Creating an instance of the Chrome WebDriver.</msg>
<arg>Chrome</arg>
<arg>options=${options}</arg>
<doc>Creates an instance of Selenium WebDriver.</doc>
<status status="PASS" start="2025-07-13T06:22:17.958231" elapsed="1.309439"/>
</kw>
<kw name="Maximize Browser Window" owner="SeleniumLibrary">
<doc>Maximizes current browser window.</doc>
<status status="PASS" start="2025-07-13T06:22:19.267670" elapsed="0.024002"/>
</kw>
<kw name="Go To" owner="SeleniumLibrary">
<msg time="2025-07-13T06:22:19.292671" level="INFO">Opening url 'https://co-newsproject.com/'</msg>
<arg>${URL}</arg>
<doc>Navigates the current browser window to the provided ``url``.</doc>
<status status="PASS" start="2025-07-13T06:22:19.292671" elapsed="0.217520"/>
</kw>
<status status="PASS" start="2025-07-13T06:22:17.956231" elapsed="1.554958"/>
</kw>
<kw name="Login As Admin" owner="keywords">
<kw name="Input Text" owner="SeleniumLibrary">
<msg time="2025-07-13T06:22:19.512189" level="INFO">Typing text 'abcd' into text field 'id=login'.</msg>
<arg>id=login</arg>
<arg>${USERNAME}</arg>
<doc>Types the given ``text`` into the text field identified by ``locator``.</doc>
<status status="PASS" start="2025-07-13T06:22:19.512189" elapsed="0.077999"/>
</kw>
<kw name="Input Text" owner="SeleniumLibrary">
<msg time="2025-07-13T06:22:19.590188" level="INFO">Typing text '1234' into text field 'id=password'.</msg>
<arg>id=password</arg>
<arg>${PASSWORD}</arg>
<doc>Types the given ``text`` into the text field identified by ``locator``.</doc>
<status status="PASS" start="2025-07-13T06:22:19.590188" elapsed="0.051999"/>
</kw>
<kw name="Click Button" owner="SeleniumLibrary">
<msg time="2025-07-13T06:22:19.642187" level="INFO">Clicking button 'xpath=//*[@id="loginForm"]/button'.</msg>
<arg>xpath=//*[@id="loginForm"]/button</arg>
<doc>Clicks the button identified by ``locator``.</doc>
<status status="PASS" start="2025-07-13T06:22:19.642187" elapsed="0.056001"/>
</kw>
<kw name="Handle Alert" owner="SeleniumLibrary">
<msg time="2025-07-13T06:22:19.699188" level="INFO">HANDLE::&lt;class 'NoneType'&gt;::None</msg>
<arg>accept</arg>
<doc>Handles the current alert and returns its message.</doc>
<status status="PASS" start="2025-07-13T06:22:19.698188" elapsed="0.505558"/>
</kw>
<kw name="Wait Until Location Contains" owner="SeleniumLibrary">
<arg>dashboard</arg>
<doc>Waits until the current URL contains ``expected``.</doc>
<status status="PASS" start="2025-07-13T06:22:20.203746" elapsed="0.065049"/>
</kw>
<status status="PASS" start="2025-07-13T06:22:19.511189" elapsed="0.757606"/>
</kw>
<kw name="Navigate to News Dashboard" owner="keywords">
<kw name="Click Element" owner="SeleniumLibrary">
<msg time="2025-07-13T06:22:20.269796" level="INFO">Clicking element 'id=newsDropdown'.</msg>
<arg>id=newsDropdown</arg>
<doc>Click the element identified by ``locator``.</doc>
<status status="PASS" start="2025-07-13T06:22:20.269796" elapsed="0.053000"/>
</kw>
<kw name="Click Element" owner="SeleniumLibrary">
<msg time="2025-07-13T06:22:20.322796" level="INFO">Clicking element 'xpath=//*[@id="newsDropdownContent"]/a[1]'.</msg>
<arg>xpath=//*[@id="newsDropdownContent"]/a[1]</arg>
<doc>Click the element identified by ``locator``.</doc>
<status status="PASS" start="2025-07-13T06:22:20.322796" elapsed="0.084000"/>
</kw>
<kw name="Wait Until Page Contains Element" owner="SeleniumLibrary">
<arg>xpath=//tbody[@id="newsList"]</arg>
<arg>timeout=10s</arg>
<doc>Waits until the element ``locator`` appears on the current page.</doc>
<status status="PASS" start="2025-07-13T06:22:20.407799" elapsed="0.015996"/>
</kw>
<status status="PASS" start="2025-07-13T06:22:20.268795" elapsed="0.155000"/>
</kw>
<kw name="Search and Delete News" owner="keywords">
<kw name="Select From List By Label" owner="SeleniumLibrary">
<msg time="2025-07-13T06:22:20.423795" level="INFO">Selecting options from selection list 'id=searchType' by label ค้นหาตามชื่อข่าว.</msg>
<arg>id=searchType</arg>
<arg>${SEARCH_TYPE_1}</arg>
<doc>Selects options from selection list ``locator`` by ``labels``.</doc>
<status status="PASS" start="2025-07-13T06:22:20.423795" elapsed="0.052999"/>
</kw>
<kw name="Input Text" owner="SeleniumLibrary">
<msg time="2025-07-13T06:22:20.476794" level="INFO">Typing text 'ทดสอบ Robot Framework' into text field 'id=searchInput'.</msg>
<arg>id=searchInput</arg>
<arg>${TITLE}</arg>
<doc>Types the given ``text`` into the text field identified by ``locator``.</doc>
<status status="PASS" start="2025-07-13T06:22:20.476794" elapsed="0.062003"/>
</kw>
<kw name="Set Variable" owner="BuiltIn">
<msg time="2025-07-13T06:22:20.539797" level="INFO">${xpath} = //tbody[@id="newsList"]/tr[td[2][normalize-space(text())="ทดสอบ Robot Framework"]]/td[last()]/button[contains(@onclick, 'deleteNews')]</msg>
<var>${xpath}</var>
<arg>//tbody[@id="newsList"]/tr[td[2][normalize-space(text())="${news_title}"]]/td[last()]/button[contains(@onclick, 'deleteNews')]</arg>
<doc>Returns the given values which can then be assigned to a variables.</doc>
<status status="PASS" start="2025-07-13T06:22:20.538797" elapsed="0.001000"/>
</kw>
<kw name="Wait Until Element Is Visible" owner="SeleniumLibrary">
<arg>xpath=${xpath}</arg>
<arg>timeout=5s</arg>
<doc>Waits until the element ``locator`` is visible.</doc>
<status status="PASS" start="2025-07-13T06:22:20.539797" elapsed="0.016000"/>
</kw>
<kw name="Click Element" owner="SeleniumLibrary">
<msg time="2025-07-13T06:22:20.555797" level="INFO">Clicking element 'xpath=//tbody[@id="newsList"]/tr[td[2][normalize-space(text())="ทดสอบ Robot Framework"]]/td[last()]/button[contains(@onclick, 'deleteNews')]'.</msg>
<arg>xpath=${xpath}</arg>
<doc>Click the element identified by ``locator``.</doc>
<status status="PASS" start="2025-07-13T06:22:20.555797" elapsed="0.048001"/>
</kw>
<kw name="Handle Alert" owner="SeleniumLibrary">
<msg time="2025-07-13T06:22:20.603798" level="INFO">HANDLE::&lt;class 'NoneType'&gt;::None</msg>
<arg>accept</arg>
<doc>Handles the current alert and returns its message.</doc>
<status status="PASS" start="2025-07-13T06:22:20.603798" elapsed="0.004999"/>
</kw>
<kw name="Handle Alert" owner="SeleniumLibrary">
<msg time="2025-07-13T06:22:20.609796" level="INFO">HANDLE::&lt;class 'NoneType'&gt;::None</msg>
<arg>accept</arg>
<doc>Handles the current alert and returns its message.</doc>
<status status="PASS" start="2025-07-13T06:22:20.608797" elapsed="0.507646"/>
</kw>
<kw name="Wait Until Page Does Not Contain" owner="SeleniumLibrary">
<arg>${news_title}</arg>
<arg>timeout=5s</arg>
<doc>Waits until ``text`` disappears from the current page.</doc>
<status status="PASS" start="2025-07-13T06:22:21.116443" elapsed="0.033001"/>
</kw>
<arg>${TITLE}</arg>
<status status="PASS" start="2025-07-13T06:22:20.423795" elapsed="0.725649"/>
</kw>
<kw name="Close All Browsers" owner="SeleniumLibrary">
<doc>Closes all open browsers and resets the browser cache.</doc>
<status status="PASS" start="2025-07-13T06:22:21.149444" elapsed="6.159239"/>
</kw>
<status status="PASS" start="2025-07-13T06:22:17.955230" elapsed="9.353453"/>
</test>
<doc>Scenario 01 - ตรวจสอบฟังก์ชันการจัดการข้อมูลข่าวในระบบ</doc>
<status status="PASS" start="2025-07-13T06:21:54.949677" elapsed="32.361022"/>
</suite>
<statistics>
<total>
<stat pass="3" fail="0" skip="0">All Tests</stat>
</total>
<tag>
</tag>
<suite>
<stat pass="3" fail="0" skip="0" id="s1" name="Scenario001">Scenario001</stat>
</suite>
</statistics>
<errors>
</errors>
</robot>
