<?xml version="1.0" encoding="UTF-8"?>
<robot generator="Robot 7.0 (Python 3.11.4 on win32)" generated="2025-10-06T19:33:23.676880" rpa="false" schemaversion="5">
<suite id="s1" name="Scenario003" source="E:\HawKishZ\งาน2025+\QA\Practice_test_project\project_web\robot\tests\scenario003.robot">
<test id="s1-t1" name="TC-SR-007" line="7">
<kw name="Open Browser To Login Page" owner="keywords">
<kw name="Evaluate" owner="BuiltIn">
<msg time="2025-10-06T19:33:23.924219" level="INFO">${options} = &lt;selenium.webdriver.chrome.options.Options object at 0x0000024FED136A50&gt;</msg>
<var>${options}</var>
<arg>sys.modules['selenium.webdriver'].ChromeOptions()</arg>
<arg>sys, selenium.webdriver</arg>
<doc>Evaluates the given expression in Python and returns the result.</doc>
<status status="PASS" start="2025-10-06T19:33:23.924219" elapsed="0.000000"/>
</kw>
<kw name="Create List" owner="BuiltIn">
<msg time="2025-10-06T19:33:23.925216" level="INFO">${args} = ['--disable-blink-features=AutomationControlled', '--incognito']</msg>
<var>${args}</var>
<arg>--disable-blink-features=AutomationControlled</arg>
<arg>--incognito</arg>
<doc>Returns a list containing given items.</doc>
<status status="PASS" start="2025-10-06T19:33:23.925216" elapsed="0.000000"/>
</kw>
<for flavor="IN">
<iter>
<kw name="Call Method" owner="BuiltIn">
<arg>${options}</arg>
<arg>add_argument</arg>
<arg>${arg}</arg>
<doc>Calls the named method of the given object with the provided arguments.</doc>
<status status="PASS" start="2025-10-06T19:33:23.925216" elapsed="0.000000"/>
</kw>
<var name="${arg}">--disable-blink-features=AutomationControlled</var>
<status status="PASS" start="2025-10-06T19:33:23.925216" elapsed="0.000000"/>
</iter>
<iter>
<kw name="Call Method" owner="BuiltIn">
<arg>${options}</arg>
<arg>add_argument</arg>
<arg>${arg}</arg>
<doc>Calls the named method of the given object with the provided arguments.</doc>
<status status="PASS" start="2025-10-06T19:33:23.925216" elapsed="0.000998"/>
</kw>
<var name="${arg}">--incognito</var>
<status status="PASS" start="2025-10-06T19:33:23.925216" elapsed="0.000998"/>
</iter>
<var>${arg}</var>
<value>@{args}</value>
<status status="PASS" start="2025-10-06T19:33:23.925216" elapsed="0.000998"/>
</for>
<kw name="Create Dictionary" owner="BuiltIn">
<msg time="2025-10-06T19:33:23.926214" level="INFO">&amp;{prefs} = { credentials_enable_service=False | profile.password_manager_enabled=False }</msg>
<var>&amp;{prefs}</var>
<arg>credentials_enable_service=False</arg>
<arg>profile.password_manager_enabled=False</arg>
<doc>Creates and returns a dictionary based on the given ``items``.</doc>
<status status="PASS" start="2025-10-06T19:33:23.926214" elapsed="0.000000"/>
</kw>
<kw name="Call Method" owner="BuiltIn">
<arg>${options}</arg>
<arg>add_experimental_option</arg>
<arg>prefs</arg>
<arg>${prefs}</arg>
<doc>Calls the named method of the given object with the provided arguments.</doc>
<status status="PASS" start="2025-10-06T19:33:23.926214" elapsed="0.000000"/>
</kw>
<kw name="Create Webdriver" owner="SeleniumLibrary">
<msg time="2025-10-06T19:33:23.927212" level="INFO">Creating an instance of the Chrome WebDriver.</msg>
<arg>Chrome</arg>
<arg>options=${options}</arg>
<doc>Creates an instance of Selenium WebDriver.</doc>
<status status="PASS" start="2025-10-06T19:33:23.927212" elapsed="1.353246"/>
</kw>
<kw name="Maximize Browser Window" owner="SeleniumLibrary">
<doc>Maximizes current browser window.</doc>
<status status="PASS" start="2025-10-06T19:33:25.280458" elapsed="0.037899"/>
</kw>
<kw name="Go To" owner="SeleniumLibrary">
<msg time="2025-10-06T19:33:25.319355" level="INFO">Opening url 'https://co-newsproject.com/'</msg>
<arg>${URL}</arg>
<doc>Navigates the current browser window to the provided ``url``.</doc>
<status status="PASS" start="2025-10-06T19:33:25.319355" elapsed="0.249842"/>
</kw>
<status status="PASS" start="2025-10-06T19:33:23.923259" elapsed="1.645938"/>
</kw>
<kw name="Login As Admin" owner="keywords">
<kw name="Input Text" owner="SeleniumLibrary">
<msg time="2025-10-06T19:33:25.570194" level="INFO">Typing text 'abcd' into text field 'id=login'.</msg>
<arg>id=login</arg>
<arg>${USERNAME}</arg>
<doc>Types the given ``text`` into the text field identified by ``locator``.</doc>
<status status="PASS" start="2025-10-06T19:33:25.570194" elapsed="0.083448"/>
</kw>
<kw name="Input Text" owner="SeleniumLibrary">
<msg time="2025-10-06T19:33:25.654637" level="INFO">Typing text '1234' into text field 'id=password'.</msg>
<arg>id=password</arg>
<arg>${PASSWORD}</arg>
<doc>Types the given ``text`` into the text field identified by ``locator``.</doc>
<status status="PASS" start="2025-10-06T19:33:25.654637" elapsed="0.052858"/>
</kw>
<kw name="Click Button" owner="SeleniumLibrary">
<msg time="2025-10-06T19:33:25.708492" level="INFO">Clicking button 'xpath=//*[@id="loginForm"]/button'.</msg>
<arg>xpath=//*[@id="loginForm"]/button</arg>
<doc>Clicks the button identified by ``locator``.</doc>
<status status="PASS" start="2025-10-06T19:33:25.708492" elapsed="0.054858"/>
</kw>
<kw name="Handle Alert" owner="SeleniumLibrary">
<msg time="2025-10-06T19:33:25.764347" level="INFO">HANDLE::&lt;class 'NoneType'&gt;::None</msg>
<arg>accept</arg>
<doc>Handles the current alert and returns its message.</doc>
<status status="PASS" start="2025-10-06T19:33:25.763350" elapsed="0.505630"/>
</kw>
<kw name="Wait Until Location Contains" owner="SeleniumLibrary">
<arg>dashboard</arg>
<doc>Waits until the current URL contains ``expected``.</doc>
<status status="PASS" start="2025-10-06T19:33:26.268980" elapsed="0.059838"/>
</kw>
<status status="PASS" start="2025-10-06T19:33:25.569197" elapsed="0.760617"/>
</kw>
<kw name="Navigate to Picture Dashboard" owner="keywords">
<kw name="Click Element" owner="SeleniumLibrary">
<msg time="2025-10-06T19:33:26.330813" level="INFO">Clicking element 'id=newsDropdown'.</msg>
<arg>id=newsDropdown</arg>
<doc>Click the element identified by ``locator``.</doc>
<status status="PASS" start="2025-10-06T19:33:26.329814" elapsed="0.056851"/>
</kw>
<kw name="Click Element" owner="SeleniumLibrary">
<msg time="2025-10-06T19:33:26.387662" level="INFO">Clicking element 'xpath=//*[@id="newsDropdownContent"]/a[3]'.</msg>
<arg>xpath=//*[@id="newsDropdownContent"]/a[3]</arg>
<doc>Click the element identified by ``locator``.</doc>
<status status="PASS" start="2025-10-06T19:33:26.387662" elapsed="0.120678"/>
</kw>
<kw name="Wait Until Page Contains Element" owner="SeleniumLibrary">
<arg>xpath=//*[@id="gallery"]</arg>
<doc>Waits until the element ``locator`` appears on the current page.</doc>
<status status="PASS" start="2025-10-06T19:33:26.508340" elapsed="0.007978"/>
</kw>
<status status="PASS" start="2025-10-06T19:33:26.329814" elapsed="0.186504"/>
</kw>
<kw name="Navigate to Add Picture Page" owner="keywords">
<kw name="Click Element" owner="SeleniumLibrary">
<msg time="2025-10-06T19:33:26.517315" level="INFO">Clicking element 'xpath=//*[@id="content"]/a'.</msg>
<arg>xpath=//*[@id="content"]/a</arg>
<doc>Click the element identified by ``locator``.</doc>
<status status="PASS" start="2025-10-06T19:33:26.517315" elapsed="0.413893"/>
</kw>
<status status="PASS" start="2025-10-06T19:33:26.517315" elapsed="0.413893"/>
</kw>
<kw name="Sleep" owner="BuiltIn">
<msg time="2025-10-06T19:33:27.932256" level="INFO">Slept 1 second.</msg>
<arg>1s</arg>
<doc>Pauses the test executed for the given time.</doc>
<status status="PASS" start="2025-10-06T19:33:26.932206" elapsed="1.000050"/>
</kw>
<kw name="Select From List By Value" owner="SeleniumLibrary">
<msg time="2025-10-06T19:33:27.933224" level="INFO">Selecting options from selection list 'xpath=//*[@id="newsId"]' by value 449.</msg>
<arg>xpath=//*[@id="newsId"]</arg>
<arg>449</arg>
<doc>Selects options from selection list ``locator`` by ``values``.</doc>
<status status="PASS" start="2025-10-06T19:33:27.932256" elapsed="0.049352"/>
</kw>
<kw name="Sleep" owner="BuiltIn">
<msg time="2025-10-06T19:33:28.983327" level="INFO">Slept 1 second.</msg>
<arg>1s</arg>
<doc>Pauses the test executed for the given time.</doc>
<status status="PASS" start="2025-10-06T19:33:27.981608" elapsed="1.001719"/>
</kw>
<kw name="Upload False Cover Image" owner="keywords">
<kw name="Choose File" owner="SeleniumLibrary">
<msg time="2025-10-06T19:33:28.984322" level="INFO">Sending E:\HawKishZ\งาน2025+\QA\Practice_test_project\project_web\NewsImage\crime1.png to browser.</msg>
<arg>xpath=//*[@id="coverImage"]</arg>
<arg>E:/HawKishZ/งาน2025+/QA/Practice_test_project/project_web/NewsImage/crime1.png</arg>
<doc>Inputs the ``file_path`` into the file input field ``locator``.</doc>
<status status="PASS" start="2025-10-06T19:33:28.983327" elapsed="0.027923"/>
</kw>
<status status="PASS" start="2025-10-06T19:33:28.983327" elapsed="0.028920"/>
</kw>
<kw name="Sleep" owner="BuiltIn">
<msg time="2025-10-06T19:33:30.012496" level="INFO">Slept 1 second.</msg>
<arg>1s</arg>
<doc>Pauses the test executed for the given time.</doc>
<status status="PASS" start="2025-10-06T19:33:29.012247" elapsed="1.000249"/>
</kw>
<kw name="Upload Multiple Content Pictures" owner="keywords">
<kw name="Normalize Path" owner="OperatingSystem">
<msg time="2025-10-06T19:33:30.013490" level="INFO">${file1} = E:\HawKishZ\งาน2025+\QA\Practice_test_project\project_web\NewsImage\sport2.1.png</msg>
<var>${file1}</var>
<arg>${IMG_PATH1}</arg>
<doc>Normalizes the given path.</doc>
<status status="PASS" start="2025-10-06T19:33:30.013490" elapsed="0.000000"/>
</kw>
<kw name="Normalize Path" owner="OperatingSystem">
<msg time="2025-10-06T19:33:30.013490" level="INFO">${file2} = E:\HawKishZ\งาน2025+\QA\Practice_test_project\project_web\NewsImage\sport2.2.png</msg>
<var>${file2}</var>
<arg>${IMG_PATH2}</arg>
<doc>Normalizes the given path.</doc>
<status status="PASS" start="2025-10-06T19:33:30.013490" elapsed="0.000000"/>
</kw>
<kw name="Catenate" owner="BuiltIn">
<msg time="2025-10-06T19:33:30.013490" level="INFO">${js} = const input = document.getElementById("contentImages"); const dt = new DataTransfer(); const file1 = new File([""], "E:\HawKishZ\งาน2025+\QA\Practice_test_project\project_web\NewsImage\sport2.1.png", ...</msg>
<var>${js}</var>
<arg>const input = document.getElementById("contentImages");</arg>
<arg>const dt = new DataTransfer();</arg>
<arg>const file1 = new File([""], "${file1}", { type: "image/png" });</arg>
<arg>const file2 = new File([""], "${file2}", { type: "image/png" });</arg>
<arg>dt.items.add(file1);</arg>
<arg>dt.items.add(file2);</arg>
<arg>input.files = dt.files;</arg>
<doc>Catenates the given items together and returns the resulted string.</doc>
<status status="PASS" start="2025-10-06T19:33:30.013490" elapsed="0.000000"/>
</kw>
<kw name="Execute Javascript" owner="SeleniumLibrary">
<msg time="2025-10-06T19:33:30.014487" level="INFO">Executing JavaScript:
const input = document.getElementById("contentImages"); const dt = new DataTransfer(); const file1 = new File([""], "E:\HawKishZ\งาน2025+\QA\Practice_test_project\project_web\NewsImage\sport2.1.png", { type: "image/png" }); const file2 = new File([""], "E:\HawKishZ\งาน2025+\QA\Practice_test_project\project_web\NewsImage\sport2.2.png", { type: "image/png" }); dt.items.add(file1); dt.items.add(file2); input.files = dt.files;
Without any arguments.</msg>
<arg>${js}</arg>
<doc>Executes the given JavaScript code with possible arguments.</doc>
<status status="PASS" start="2025-10-06T19:33:30.013490" elapsed="0.004988"/>
</kw>
<status status="PASS" start="2025-10-06T19:33:30.012496" elapsed="0.005982"/>
</kw>
<kw name="Sleep" owner="BuiltIn">
<msg time="2025-10-06T19:33:31.019422" level="INFO">Slept 1 second.</msg>
<arg>1s</arg>
<doc>Pauses the test executed for the given time.</doc>
<status status="PASS" start="2025-10-06T19:33:30.018478" elapsed="1.000944"/>
</kw>
<kw name="Click Button" owner="SeleniumLibrary">
<msg time="2025-10-06T19:33:31.019422" level="INFO">Clicking button 'xpath=//*[@id="uploadForm"]/button'.</msg>
<arg>xpath=//*[@id="uploadForm"]/button</arg>
<doc>Clicks the button identified by ``locator``.</doc>
<status status="PASS" start="2025-10-06T19:33:31.019422" elapsed="0.051486"/>
</kw>
<kw name="Sleep" owner="BuiltIn">
<msg time="2025-10-06T19:33:36.072282" level="INFO">Slept 5 seconds.</msg>
<arg>5s</arg>
<doc>Pauses the test executed for the given time.</doc>
<status status="PASS" start="2025-10-06T19:33:31.070908" elapsed="5.001374"/>
</kw>
<kw name="Should Warning about Cover Image Filename" owner="keywords">
<kw name="Handle Alert" owner="SeleniumLibrary">
<msg time="2025-10-06T19:33:36.073276" level="INFO">HANDLE::&lt;class 'NoneType'&gt;::None</msg>
<msg time="2025-10-06T19:33:36.077265" level="INFO">${warning} = Cover image filename must start with "cover_".</msg>
<var>${warning}</var>
<arg>action=accept</arg>
<doc>Handles the current alert and returns its message.</doc>
<status status="PASS" start="2025-10-06T19:33:36.073276" elapsed="0.003989"/>
</kw>
<kw name="Should Be Equal" owner="BuiltIn">
<arg>${warning}</arg>
<arg>Cover image filename must start with "cover_".</arg>
<doc>Fails if the given objects are unequal.</doc>
<status status="PASS" start="2025-10-06T19:33:36.077265" elapsed="0.000000"/>
</kw>
<status status="PASS" start="2025-10-06T19:33:36.073276" elapsed="0.003989"/>
</kw>
<kw name="Sleep" owner="BuiltIn">
<msg time="2025-10-06T19:33:39.078875" level="INFO">Slept 3 seconds.</msg>
<arg>3s</arg>
<doc>Pauses the test executed for the given time.</doc>
<status status="PASS" start="2025-10-06T19:33:36.078262" elapsed="3.000613"/>
</kw>
<kw name="Close All Browsers" owner="SeleniumLibrary">
<doc>Closes all open browsers and resets the browser cache.</doc>
<status status="PASS" start="2025-10-06T19:33:39.078875" elapsed="6.198558"/>
</kw>
<status status="PASS" start="2025-10-06T19:33:23.923259" elapsed="21.355170"/>
</test>
<test id="s1-t2" name="TC-SR-008" line="25">
<kw name="Open Browser To Login Page" owner="keywords">
<kw name="Evaluate" owner="BuiltIn">
<msg time="2025-10-06T19:33:45.280424" level="INFO">${options} = &lt;selenium.webdriver.chrome.options.Options object at 0x0000024FED17D450&gt;</msg>
<var>${options}</var>
<arg>sys.modules['selenium.webdriver'].ChromeOptions()</arg>
<arg>sys, selenium.webdriver</arg>
<doc>Evaluates the given expression in Python and returns the result.</doc>
<status status="PASS" start="2025-10-06T19:33:45.279427" elapsed="0.000997"/>
</kw>
<kw name="Create List" owner="BuiltIn">
<msg time="2025-10-06T19:33:45.280424" level="INFO">${args} = ['--disable-blink-features=AutomationControlled', '--incognito']</msg>
<var>${args}</var>
<arg>--disable-blink-features=AutomationControlled</arg>
<arg>--incognito</arg>
<doc>Returns a list containing given items.</doc>
<status status="PASS" start="2025-10-06T19:33:45.280424" elapsed="0.000000"/>
</kw>
<for flavor="IN">
<iter>
<kw name="Call Method" owner="BuiltIn">
<arg>${options}</arg>
<arg>add_argument</arg>
<arg>${arg}</arg>
<doc>Calls the named method of the given object with the provided arguments.</doc>
<status status="PASS" start="2025-10-06T19:33:45.281422" elapsed="0.000000"/>
</kw>
<var name="${arg}">--disable-blink-features=AutomationControlled</var>
<status status="PASS" start="2025-10-06T19:33:45.280424" elapsed="0.000998"/>
</iter>
<iter>
<kw name="Call Method" owner="BuiltIn">
<arg>${options}</arg>
<arg>add_argument</arg>
<arg>${arg}</arg>
<doc>Calls the named method of the given object with the provided arguments.</doc>
<status status="PASS" start="2025-10-06T19:33:45.281422" elapsed="0.000000"/>
</kw>
<var name="${arg}">--incognito</var>
<status status="PASS" start="2025-10-06T19:33:45.281422" elapsed="0.000000"/>
</iter>
<var>${arg}</var>
<value>@{args}</value>
<status status="PASS" start="2025-10-06T19:33:45.280424" elapsed="0.000998"/>
</for>
<kw name="Create Dictionary" owner="BuiltIn">
<msg time="2025-10-06T19:33:45.281422" level="INFO">&amp;{prefs} = { credentials_enable_service=False | profile.password_manager_enabled=False }</msg>
<var>&amp;{prefs}</var>
<arg>credentials_enable_service=False</arg>
<arg>profile.password_manager_enabled=False</arg>
<doc>Creates and returns a dictionary based on the given ``items``.</doc>
<status status="PASS" start="2025-10-06T19:33:45.281422" elapsed="0.000997"/>
</kw>
<kw name="Call Method" owner="BuiltIn">
<arg>${options}</arg>
<arg>add_experimental_option</arg>
<arg>prefs</arg>
<arg>${prefs}</arg>
<doc>Calls the named method of the given object with the provided arguments.</doc>
<status status="PASS" start="2025-10-06T19:33:45.282419" elapsed="0.000000"/>
</kw>
<kw name="Create Webdriver" owner="SeleniumLibrary">
<msg time="2025-10-06T19:33:45.282419" level="INFO">Creating an instance of the Chrome WebDriver.</msg>
<arg>Chrome</arg>
<arg>options=${options}</arg>
<doc>Creates an instance of Selenium WebDriver.</doc>
<status status="PASS" start="2025-10-06T19:33:45.282419" elapsed="1.384420"/>
</kw>
<kw name="Maximize Browser Window" owner="SeleniumLibrary">
<doc>Maximizes current browser window.</doc>
<status status="PASS" start="2025-10-06T19:33:46.666839" elapsed="0.022938"/>
</kw>
<kw name="Go To" owner="SeleniumLibrary">
<msg time="2025-10-06T19:33:46.690774" level="INFO">Opening url 'https://co-newsproject.com/'</msg>
<arg>${URL}</arg>
<doc>Navigates the current browser window to the provided ``url``.</doc>
<status status="PASS" start="2025-10-06T19:33:46.689777" elapsed="0.225398"/>
</kw>
<status status="PASS" start="2025-10-06T19:33:45.279427" elapsed="1.635748"/>
</kw>
<kw name="Login As Admin" owner="keywords">
<kw name="Input Text" owner="SeleniumLibrary">
<msg time="2025-10-06T19:33:46.916173" level="INFO">Typing text 'abcd' into text field 'id=login'.</msg>
<arg>id=login</arg>
<arg>${USERNAME}</arg>
<doc>Types the given ``text`` into the text field identified by ``locator``.</doc>
<status status="PASS" start="2025-10-06T19:33:46.916173" elapsed="0.079786"/>
</kw>
<kw name="Input Text" owner="SeleniumLibrary">
<msg time="2025-10-06T19:33:46.995959" level="INFO">Typing text '1234' into text field 'id=password'.</msg>
<arg>id=password</arg>
<arg>${PASSWORD}</arg>
<doc>Types the given ``text`` into the text field identified by ``locator``.</doc>
<status status="PASS" start="2025-10-06T19:33:46.995959" elapsed="0.048870"/>
</kw>
<kw name="Click Button" owner="SeleniumLibrary">
<msg time="2025-10-06T19:33:47.045828" level="INFO">Clicking button 'xpath=//*[@id="loginForm"]/button'.</msg>
<arg>xpath=//*[@id="loginForm"]/button</arg>
<doc>Clicks the button identified by ``locator``.</doc>
<status status="PASS" start="2025-10-06T19:33:47.045828" elapsed="0.054851"/>
</kw>
<kw name="Handle Alert" owner="SeleniumLibrary">
<msg time="2025-10-06T19:33:47.101677" level="INFO">HANDLE::&lt;class 'NoneType'&gt;::None</msg>
<arg>accept</arg>
<doc>Handles the current alert and returns its message.</doc>
<status status="PASS" start="2025-10-06T19:33:47.101677" elapsed="0.510651"/>
</kw>
<kw name="Wait Until Location Contains" owner="SeleniumLibrary">
<arg>dashboard</arg>
<doc>Waits until the current URL contains ``expected``.</doc>
<status status="PASS" start="2025-10-06T19:33:47.612328" elapsed="0.063829"/>
</kw>
<status status="PASS" start="2025-10-06T19:33:46.915175" elapsed="0.760982"/>
</kw>
<kw name="Navigate to Picture Dashboard" owner="keywords">
<kw name="Click Element" owner="SeleniumLibrary">
<msg time="2025-10-06T19:33:47.677155" level="INFO">Clicking element 'id=newsDropdown'.</msg>
<arg>id=newsDropdown</arg>
<doc>Click the element identified by ``locator``.</doc>
<status status="PASS" start="2025-10-06T19:33:47.676157" elapsed="0.058844"/>
</kw>
<kw name="Click Element" owner="SeleniumLibrary">
<msg time="2025-10-06T19:33:47.735001" level="INFO">Clicking element 'xpath=//*[@id="newsDropdownContent"]/a[3]'.</msg>
<arg>xpath=//*[@id="newsDropdownContent"]/a[3]</arg>
<doc>Click the element identified by ``locator``.</doc>
<status status="PASS" start="2025-10-06T19:33:47.735001" elapsed="0.117685"/>
</kw>
<kw name="Wait Until Page Contains Element" owner="SeleniumLibrary">
<arg>xpath=//*[@id="gallery"]</arg>
<doc>Waits until the element ``locator`` appears on the current page.</doc>
<status status="PASS" start="2025-10-06T19:33:47.853684" elapsed="0.008975"/>
</kw>
<status status="PASS" start="2025-10-06T19:33:47.676157" elapsed="0.186502"/>
</kw>
<kw name="Navigate to Add Picture Page" owner="keywords">
<kw name="Click Element" owner="SeleniumLibrary">
<msg time="2025-10-06T19:33:47.863657" level="INFO">Clicking element 'xpath=//*[@id="content"]/a'.</msg>
<arg>xpath=//*[@id="content"]/a</arg>
<doc>Click the element identified by ``locator``.</doc>
<status status="PASS" start="2025-10-06T19:33:47.862659" elapsed="0.370011"/>
</kw>
<status status="PASS" start="2025-10-06T19:33:47.862659" elapsed="0.371009"/>
</kw>
<kw name="Sleep" owner="BuiltIn">
<msg time="2025-10-06T19:33:49.234491" level="INFO">Slept 1 second.</msg>
<arg>1s</arg>
<doc>Pauses the test executed for the given time.</doc>
<status status="PASS" start="2025-10-06T19:33:48.233668" elapsed="1.000823"/>
</kw>
<kw name="Select From List By Value" owner="SeleniumLibrary">
<msg time="2025-10-06T19:33:49.234491" level="INFO">Selecting options from selection list 'xpath=//*[@id="newsId"]' by value 449.</msg>
<arg>xpath=//*[@id="newsId"]</arg>
<arg>449</arg>
<doc>Selects options from selection list ``locator`` by ``values``.</doc>
<status status="PASS" start="2025-10-06T19:33:49.234491" elapsed="0.055851"/>
</kw>
<kw name="Sleep" owner="BuiltIn">
<msg time="2025-10-06T19:33:50.292248" level="INFO">Slept 1 second.</msg>
<arg>1s</arg>
<doc>Pauses the test executed for the given time.</doc>
<status status="PASS" start="2025-10-06T19:33:49.291340" elapsed="1.000908"/>
</kw>
<kw name="Choose File" owner="SeleniumLibrary">
<msg time="2025-10-06T19:33:50.292248" level="INFO">Sending E:\HawKishZ\งาน2025+\QA\Practice_test_project\project_web\NewsImage\Cover\cover_crime1.png to browser.</msg>
<arg>xpath=//*[@id="coverImage"]</arg>
<arg>E:/HawKishZ/งาน2025+/QA/Practice_test_project/project_web/NewsImage/Cover/cover_crime1.png</arg>
<doc>Inputs the ``file_path`` into the file input field ``locator``.</doc>
<status status="PASS" start="2025-10-06T19:33:50.292248" elapsed="0.019916"/>
</kw>
<kw name="Sleep" owner="BuiltIn">
<msg time="2025-10-06T19:33:51.314135" level="INFO">Slept 1 second.</msg>
<arg>1s</arg>
<doc>Pauses the test executed for the given time.</doc>
<status status="PASS" start="2025-10-06T19:33:50.313162" elapsed="1.000973"/>
</kw>
<kw name="Choose File" owner="SeleniumLibrary">
<msg time="2025-10-06T19:33:51.314135" level="INFO">Sending E:\HawKishZ\งาน2025+\QA\Practice_test_project\project_web\NewsImage\Cover\gif mock.gif to browser.</msg>
<arg>xpath=//*[@id="contentImages"]</arg>
<arg>E:/HawKishZ/งาน2025+/QA/Practice_test_project/project_web/NewsImage/Cover/gif mock.gif</arg>
<doc>Inputs the ``file_path`` into the file input field ``locator``.</doc>
<status status="PASS" start="2025-10-06T19:33:51.314135" elapsed="0.018461"/>
</kw>
<kw name="Sleep" owner="BuiltIn">
<msg time="2025-10-06T19:33:52.333742" level="INFO">Slept 1 second.</msg>
<arg>1s</arg>
<doc>Pauses the test executed for the given time.</doc>
<status status="PASS" start="2025-10-06T19:33:51.333592" elapsed="1.000150"/>
</kw>
<kw name="Click Button" owner="SeleniumLibrary">
<msg time="2025-10-06T19:33:52.333742" level="INFO">Clicking button 'xpath=//*[@id="uploadForm"]/button'.</msg>
<arg>xpath=//*[@id="uploadForm"]/button</arg>
<doc>Clicks the button identified by ``locator``.</doc>
<status status="PASS" start="2025-10-06T19:33:52.333742" elapsed="0.046874"/>
</kw>
<kw name="Sleep" owner="BuiltIn">
<msg time="2025-10-06T19:33:57.382249" level="INFO">Slept 5 seconds.</msg>
<arg>5s</arg>
<doc>Pauses the test executed for the given time.</doc>
<status status="PASS" start="2025-10-06T19:33:52.381615" elapsed="5.000634"/>
</kw>
<kw name="Should Warning about Image File Type" owner="keywords">
<kw name="Handle Alert" owner="SeleniumLibrary">
<msg time="2025-10-06T19:33:57.383247" level="INFO">HANDLE::&lt;class 'NoneType'&gt;::None</msg>
<msg time="2025-10-06T19:33:57.387238" level="INFO">${warning} = เกิดปัญหาขณะอัพโหลดรูปภาพ</msg>
<var>${warning}</var>
<arg>action=accept</arg>
<doc>Handles the current alert and returns its message.</doc>
<status status="PASS" start="2025-10-06T19:33:57.382249" elapsed="0.004989"/>
</kw>
<kw name="Should Be Equal" owner="BuiltIn">
<msg time="2025-10-06T19:33:57.387238" level="FAIL">เกิดปัญหาขณะอัพโหลดรูปภาพ != อนุญาตให้อัพโหลดเฉพาะไฟล์ .jpg และ .png เท่านั้น.</msg>
<arg>${warning}</arg>
<arg>อนุญาตให้อัพโหลดเฉพาะไฟล์ .jpg และ .png เท่านั้น.</arg>
<doc>Fails if the given objects are unequal.</doc>
<status status="FAIL" start="2025-10-06T19:33:57.387238" elapsed="0.000000">เกิดปัญหาขณะอัพโหลดรูปภาพ != อนุญาตให้อัพโหลดเฉพาะไฟล์ .jpg และ .png เท่านั้น.</status>
</kw>
<status status="FAIL" start="2025-10-06T19:33:57.382249" elapsed="0.004989">เกิดปัญหาขณะอัพโหลดรูปภาพ != อนุญาตให้อัพโหลดเฉพาะไฟล์ .jpg และ .png เท่านั้น.</status>
</kw>
<kw name="Sleep" owner="BuiltIn">
<arg>3s</arg>
<doc>Pauses the test executed for the given time.</doc>
<status status="NOT RUN" start="2025-10-06T19:33:57.388234" elapsed="0.000000"/>
</kw>
<kw name="Close All Browsers" owner="SeleniumLibrary">
<doc>Closes all open browsers and resets the browser cache.</doc>
<status status="NOT RUN" start="2025-10-06T19:33:57.388234" elapsed="0.000000"/>
</kw>
<status status="FAIL" start="2025-10-06T19:33:45.279427" elapsed="12.108807">เกิดปัญหาขณะอัพโหลดรูปภาพ != อนุญาตให้อัพโหลดเฉพาะไฟล์ .jpg และ .png เท่านั้น.</status>
</test>
<test id="s1-t3" name="TC-SR-009" line="43">
<kw name="Open Browser To Login Page" owner="keywords">
<kw name="Evaluate" owner="BuiltIn">
<msg time="2025-10-06T19:33:57.391225" level="INFO">${options} = &lt;selenium.webdriver.chrome.options.Options object at 0x0000024FED151F10&gt;</msg>
<var>${options}</var>
<arg>sys.modules['selenium.webdriver'].ChromeOptions()</arg>
<arg>sys, selenium.webdriver</arg>
<doc>Evaluates the given expression in Python and returns the result.</doc>
<status status="PASS" start="2025-10-06T19:33:57.391225" elapsed="0.000000"/>
</kw>
<kw name="Create List" owner="BuiltIn">
<msg time="2025-10-06T19:33:57.391225" level="INFO">${args} = ['--disable-blink-features=AutomationControlled', '--incognito']</msg>
<var>${args}</var>
<arg>--disable-blink-features=AutomationControlled</arg>
<arg>--incognito</arg>
<doc>Returns a list containing given items.</doc>
<status status="PASS" start="2025-10-06T19:33:57.391225" elapsed="0.000000"/>
</kw>
<for flavor="IN">
<iter>
<kw name="Call Method" owner="BuiltIn">
<arg>${options}</arg>
<arg>add_argument</arg>
<arg>${arg}</arg>
<doc>Calls the named method of the given object with the provided arguments.</doc>
<status status="PASS" start="2025-10-06T19:33:57.392222" elapsed="0.000000"/>
</kw>
<var name="${arg}">--disable-blink-features=AutomationControlled</var>
<status status="PASS" start="2025-10-06T19:33:57.392222" elapsed="0.000000"/>
</iter>
<iter>
<kw name="Call Method" owner="BuiltIn">
<arg>${options}</arg>
<arg>add_argument</arg>
<arg>${arg}</arg>
<doc>Calls the named method of the given object with the provided arguments.</doc>
<status status="PASS" start="2025-10-06T19:33:57.392222" elapsed="0.000997"/>
</kw>
<var name="${arg}">--incognito</var>
<status status="PASS" start="2025-10-06T19:33:57.392222" elapsed="0.000997"/>
</iter>
<var>${arg}</var>
<value>@{args}</value>
<status status="PASS" start="2025-10-06T19:33:57.392222" elapsed="0.000997"/>
</for>
<kw name="Create Dictionary" owner="BuiltIn">
<msg time="2025-10-06T19:33:57.393219" level="INFO">&amp;{prefs} = { credentials_enable_service=False | profile.password_manager_enabled=False }</msg>
<var>&amp;{prefs}</var>
<arg>credentials_enable_service=False</arg>
<arg>profile.password_manager_enabled=False</arg>
<doc>Creates and returns a dictionary based on the given ``items``.</doc>
<status status="PASS" start="2025-10-06T19:33:57.393219" elapsed="0.000000"/>
</kw>
<kw name="Call Method" owner="BuiltIn">
<arg>${options}</arg>
<arg>add_experimental_option</arg>
<arg>prefs</arg>
<arg>${prefs}</arg>
<doc>Calls the named method of the given object with the provided arguments.</doc>
<status status="PASS" start="2025-10-06T19:33:57.394217" elapsed="0.000000"/>
</kw>
<kw name="Create Webdriver" owner="SeleniumLibrary">
<msg time="2025-10-06T19:33:57.394217" level="INFO">Creating an instance of the Chrome WebDriver.</msg>
<arg>Chrome</arg>
<arg>options=${options}</arg>
<doc>Creates an instance of Selenium WebDriver.</doc>
<status status="PASS" start="2025-10-06T19:33:57.394217" elapsed="1.358537"/>
</kw>
<kw name="Maximize Browser Window" owner="SeleniumLibrary">
<doc>Maximizes current browser window.</doc>
<status status="PASS" start="2025-10-06T19:33:58.752754" elapsed="0.039892"/>
</kw>
<kw name="Go To" owner="SeleniumLibrary">
<msg time="2025-10-06T19:33:58.792646" level="INFO">Opening url 'https://co-newsproject.com/'</msg>
<arg>${URL}</arg>
<doc>Navigates the current browser window to the provided ``url``.</doc>
<status status="PASS" start="2025-10-06T19:33:58.792646" elapsed="0.372007"/>
</kw>
<status status="PASS" start="2025-10-06T19:33:57.390228" elapsed="1.774425"/>
</kw>
<kw name="Login As Admin" owner="keywords">
<kw name="Input Text" owner="SeleniumLibrary">
<msg time="2025-10-06T19:33:59.165650" level="INFO">Typing text 'abcd' into text field 'id=login'.</msg>
<arg>id=login</arg>
<arg>${USERNAME}</arg>
<doc>Types the given ``text`` into the text field identified by ``locator``.</doc>
<status status="PASS" start="2025-10-06T19:33:59.165650" elapsed="0.076794"/>
</kw>
<kw name="Input Text" owner="SeleniumLibrary">
<msg time="2025-10-06T19:33:59.243442" level="INFO">Typing text '1234' into text field 'id=password'.</msg>
<arg>id=password</arg>
<arg>${PASSWORD}</arg>
<doc>Types the given ``text`` into the text field identified by ``locator``.</doc>
<status status="PASS" start="2025-10-06T19:33:59.243442" elapsed="0.050864"/>
</kw>
<kw name="Click Button" owner="SeleniumLibrary">
<msg time="2025-10-06T19:33:59.295303" level="INFO">Clicking button 'xpath=//*[@id="loginForm"]/button'.</msg>
<arg>xpath=//*[@id="loginForm"]/button</arg>
<doc>Clicks the button identified by ``locator``.</doc>
<status status="PASS" start="2025-10-06T19:33:59.295303" elapsed="0.055851"/>
</kw>
<kw name="Handle Alert" owner="SeleniumLibrary">
<msg time="2025-10-06T19:33:59.351154" level="INFO">HANDLE::&lt;class 'NoneType'&gt;::None</msg>
<arg>accept</arg>
<doc>Handles the current alert and returns its message.</doc>
<status status="PASS" start="2025-10-06T19:33:59.351154" elapsed="0.505674"/>
</kw>
<kw name="Wait Until Location Contains" owner="SeleniumLibrary">
<arg>dashboard</arg>
<doc>Waits until the current URL contains ``expected``.</doc>
<status status="PASS" start="2025-10-06T19:33:59.856828" elapsed="0.067977"/>
</kw>
<status status="PASS" start="2025-10-06T19:33:59.165650" elapsed="0.759155"/>
</kw>
<kw name="Navigate to Picture Dashboard" owner="keywords">
<kw name="Click Element" owner="SeleniumLibrary">
<msg time="2025-10-06T19:33:59.925802" level="INFO">Clicking element 'id=newsDropdown'.</msg>
<arg>id=newsDropdown</arg>
<doc>Click the element identified by ``locator``.</doc>
<status status="PASS" start="2025-10-06T19:33:59.924805" elapsed="0.056869"/>
</kw>
<kw name="Click Element" owner="SeleniumLibrary">
<msg time="2025-10-06T19:33:59.982653" level="INFO">Clicking element 'xpath=//*[@id="newsDropdownContent"]/a[3]'.</msg>
<arg>xpath=//*[@id="newsDropdownContent"]/a[3]</arg>
<doc>Click the element identified by ``locator``.</doc>
<status status="PASS" start="2025-10-06T19:33:59.981674" elapsed="0.233356"/>
</kw>
<kw name="Wait Until Page Contains Element" owner="SeleniumLibrary">
<arg>xpath=//*[@id="gallery"]</arg>
<doc>Waits until the element ``locator`` appears on the current page.</doc>
<status status="PASS" start="2025-10-06T19:34:00.215030" elapsed="0.009974"/>
</kw>
<status status="PASS" start="2025-10-06T19:33:59.924805" elapsed="0.301195"/>
</kw>
<kw name="Search and Delete Picture" owner="keywords">
<kw name="Input Text" owner="SeleniumLibrary">
<msg time="2025-10-06T19:34:00.226000" level="INFO">Typing text '449' into text field 'id=searchInput'.</msg>
<arg>id=searchInput</arg>
<arg>${news_id}</arg>
<doc>Types the given ``text`` into the text field identified by ``locator``.</doc>
<status status="PASS" start="2025-10-06T19:34:00.226000" elapsed="0.132646"/>
</kw>
<kw name="Set Variable" owner="BuiltIn">
<msg time="2025-10-06T19:34:00.358646" level="INFO">${xpath} = //tbody[@id="gallery"]/tr/td[3]/button[contains(@onclick, "deleteImage(449")]</msg>
<var>${xpath}</var>
<arg>//tbody[@id="gallery"]/tr/td[3]/button[contains(@onclick, "deleteImage(${news_id}")]</arg>
<doc>Returns the given values which can then be assigned to a variables.</doc>
<status status="PASS" start="2025-10-06T19:34:00.358646" elapsed="0.000000"/>
</kw>
<kw name="Wait Until Element Is Visible" owner="SeleniumLibrary">
<arg>xpath=${xpath}</arg>
<arg>timeout=10s</arg>
<doc>Waits until the element ``locator`` is visible.</doc>
<status status="PASS" start="2025-10-06T19:34:00.358646" elapsed="0.015957"/>
</kw>
<kw name="Click Element" owner="SeleniumLibrary">
<msg time="2025-10-06T19:34:00.374603" level="INFO">Clicking element 'xpath=//tbody[@id="gallery"]/tr/td[3]/button[contains(@onclick, "deleteImage(449")]'.</msg>
<arg>xpath=${xpath}</arg>
<doc>Click the element identified by ``locator``.</doc>
<status status="PASS" start="2025-10-06T19:34:00.374603" elapsed="0.040890"/>
</kw>
<kw name="Wait Until Page Does Not Contain" owner="SeleniumLibrary">
<arg>${news_id}</arg>
<arg>timeout=10s</arg>
<doc>Waits until ``text`` disappears from the current page.</doc>
<status status="PASS" start="2025-10-06T19:34:00.415493" elapsed="0.234375"/>
</kw>
<arg>449</arg>
<status status="PASS" start="2025-10-06T19:34:00.226000" elapsed="0.423868"/>
</kw>
<kw name="Sleep" owner="BuiltIn">
<msg time="2025-10-06T19:34:03.650987" level="INFO">Slept 3 seconds.</msg>
<arg>3s</arg>
<doc>Pauses the test executed for the given time.</doc>
<status status="PASS" start="2025-10-06T19:34:00.649868" elapsed="3.001119"/>
</kw>
<kw name="Close All Browsers" owner="SeleniumLibrary">
<doc>Closes all open browsers and resets the browser cache.</doc>
<status status="PASS" start="2025-10-06T19:34:03.651684" elapsed="12.427627"/>
</kw>
<status status="PASS" start="2025-10-06T19:33:57.389231" elapsed="18.690080"/>
</test>
<doc>Scenario 03 - ตรวจสอบฟังก์ชันการจัดการรูปภาพในระบบ</doc>
<status status="FAIL" start="2025-10-06T19:33:23.677877" elapsed="52.402430"/>
</suite>
<statistics>
<total>
<stat pass="2" fail="1" skip="0">All Tests</stat>
</total>
<tag>
</tag>
<suite>
<stat pass="2" fail="1" skip="0" id="s1" name="Scenario003">Scenario003</stat>
</suite>
</statistics>
<errors>
</errors>
</robot>
