<?xml version="1.0" encoding="UTF-8"?>
<robot generator="Robot 7.0 (Python 3.11.4 on win32)" generated="2025-07-13T06:23:23.917843" rpa="false" schemaversion="5">
<suite id="s1" name="Scenario003" source="E:\HawKishZ\งาน2025+\QA\Practice_web_test_project\project_web\robot\tests\scenario003.robot">
<test id="s1-t1" name="TC-SR-007" line="7">
<kw name="Open Browser To Login Page" owner="keywords">
<kw name="Evaluate" owner="BuiltIn">
<msg time="2025-07-13T06:23:24.166734" level="INFO">${options} = &lt;selenium.webdriver.chrome.options.Options object at 0x0000018911DDAB90&gt;</msg>
<var>${options}</var>
<arg>sys.modules['selenium.webdriver'].ChromeOptions()</arg>
<arg>sys, selenium.webdriver</arg>
<doc>Evaluates the given expression in Python and returns the result.</doc>
<status status="PASS" start="2025-07-13T06:23:24.165735" elapsed="0.000999"/>
</kw>
<kw name="Create List" owner="BuiltIn">
<msg time="2025-07-13T06:23:24.166734" level="INFO">${args} = ['--disable-blink-features=AutomationControlled', '--incognito']</msg>
<var>${args}</var>
<arg>--disable-blink-features=AutomationControlled</arg>
<arg>--incognito</arg>
<doc>Returns a list containing given items.</doc>
<status status="PASS" start="2025-07-13T06:23:24.166734" elapsed="0.000000"/>
</kw>
<for flavor="IN">
<iter>
<kw name="Call Method" owner="BuiltIn">
<arg>${options}</arg>
<arg>add_argument</arg>
<arg>${arg}</arg>
<doc>Calls the named method of the given object with the provided arguments.</doc>
<status status="PASS" start="2025-07-13T06:23:24.166734" elapsed="0.001001"/>
</kw>
<var name="${arg}">--disable-blink-features=AutomationControlled</var>
<status status="PASS" start="2025-07-13T06:23:24.166734" elapsed="0.001001"/>
</iter>
<iter>
<kw name="Call Method" owner="BuiltIn">
<arg>${options}</arg>
<arg>add_argument</arg>
<arg>${arg}</arg>
<doc>Calls the named method of the given object with the provided arguments.</doc>
<status status="PASS" start="2025-07-13T06:23:24.167735" elapsed="0.000000"/>
</kw>
<var name="${arg}">--incognito</var>
<status status="PASS" start="2025-07-13T06:23:24.167735" elapsed="0.000000"/>
</iter>
<var>${arg}</var>
<value>@{args}</value>
<status status="PASS" start="2025-07-13T06:23:24.166734" elapsed="0.001001"/>
</for>
<kw name="Create Dictionary" owner="BuiltIn">
<msg time="2025-07-13T06:23:24.168734" level="INFO">&amp;{prefs} = { credentials_enable_service=False | profile.password_manager_enabled=False }</msg>
<var>&amp;{prefs}</var>
<arg>credentials_enable_service=False</arg>
<arg>profile.password_manager_enabled=False</arg>
<doc>Creates and returns a dictionary based on the given ``items``.</doc>
<status status="PASS" start="2025-07-13T06:23:24.167735" elapsed="0.000999"/>
</kw>
<kw name="Call Method" owner="BuiltIn">
<arg>${options}</arg>
<arg>add_experimental_option</arg>
<arg>prefs</arg>
<arg>${prefs}</arg>
<doc>Calls the named method of the given object with the provided arguments.</doc>
<status status="PASS" start="2025-07-13T06:23:24.168734" elapsed="0.000000"/>
</kw>
<kw name="Create Webdriver" owner="SeleniumLibrary">
<msg time="2025-07-13T06:23:24.168734" level="INFO">Creating an instance of the Chrome WebDriver.</msg>
<arg>Chrome</arg>
<arg>options=${options}</arg>
<doc>Creates an instance of Selenium WebDriver.</doc>
<status status="PASS" start="2025-07-13T06:23:24.168734" elapsed="1.367569"/>
</kw>
<kw name="Maximize Browser Window" owner="SeleniumLibrary">
<doc>Maximizes current browser window.</doc>
<status status="PASS" start="2025-07-13T06:23:25.536303" elapsed="0.038000"/>
</kw>
<kw name="Go To" owner="SeleniumLibrary">
<msg time="2025-07-13T06:23:25.575305" level="INFO">Opening url 'https://co-newsproject.com/'</msg>
<arg>${URL}</arg>
<doc>Navigates the current browser window to the provided ``url``.</doc>
<status status="PASS" start="2025-07-13T06:23:25.574303" elapsed="0.211001"/>
</kw>
<status status="PASS" start="2025-07-13T06:23:24.165735" elapsed="1.619569"/>
</kw>
<kw name="Login As Admin" owner="keywords">
<kw name="Input Text" owner="SeleniumLibrary">
<msg time="2025-07-13T06:23:25.786303" level="INFO">Typing text 'abcd' into text field 'id=login'.</msg>
<arg>id=login</arg>
<arg>${USERNAME}</arg>
<doc>Types the given ``text`` into the text field identified by ``locator``.</doc>
<status status="PASS" start="2025-07-13T06:23:25.786303" elapsed="0.079003"/>
</kw>
<kw name="Input Text" owner="SeleniumLibrary">
<msg time="2025-07-13T06:23:25.866306" level="INFO">Typing text '1234' into text field 'id=password'.</msg>
<arg>id=password</arg>
<arg>${PASSWORD}</arg>
<doc>Types the given ``text`` into the text field identified by ``locator``.</doc>
<status status="PASS" start="2025-07-13T06:23:25.866306" elapsed="0.051996"/>
</kw>
<kw name="Click Button" owner="SeleniumLibrary">
<msg time="2025-07-13T06:23:25.919306" level="INFO">Clicking button 'xpath=//*[@id="loginForm"]/button'.</msg>
<arg>xpath=//*[@id="loginForm"]/button</arg>
<doc>Clicks the button identified by ``locator``.</doc>
<status status="PASS" start="2025-07-13T06:23:25.919306" elapsed="0.057002"/>
</kw>
<kw name="Handle Alert" owner="SeleniumLibrary">
<msg time="2025-07-13T06:23:25.976308" level="INFO">HANDLE::&lt;class 'NoneType'&gt;::None</msg>
<arg>accept</arg>
<doc>Handles the current alert and returns its message.</doc>
<status status="PASS" start="2025-07-13T06:23:25.976308" elapsed="0.506089"/>
</kw>
<kw name="Wait Until Location Contains" owner="SeleniumLibrary">
<arg>dashboard</arg>
<doc>Waits until the current URL contains ``expected``.</doc>
<status status="PASS" start="2025-07-13T06:23:26.482397" elapsed="0.066997"/>
</kw>
<status status="PASS" start="2025-07-13T06:23:25.785304" elapsed="0.764090"/>
</kw>
<kw name="Navigate to Picture Dashboard" owner="keywords">
<kw name="Click Element" owner="SeleniumLibrary">
<msg time="2025-07-13T06:23:26.550394" level="INFO">Clicking element 'id=newsDropdown'.</msg>
<arg>id=newsDropdown</arg>
<doc>Click the element identified by ``locator``.</doc>
<status status="PASS" start="2025-07-13T06:23:26.549394" elapsed="0.058003"/>
</kw>
<kw name="Click Element" owner="SeleniumLibrary">
<msg time="2025-07-13T06:23:26.608399" level="INFO">Clicking element 'xpath=//*[@id="newsDropdownContent"]/a[3]'.</msg>
<arg>xpath=//*[@id="newsDropdownContent"]/a[3]</arg>
<doc>Click the element identified by ``locator``.</doc>
<status status="PASS" start="2025-07-13T06:23:26.607397" elapsed="0.110999"/>
</kw>
<kw name="Wait Until Page Contains Element" owner="SeleniumLibrary">
<arg>xpath=//*[@id="gallery"]</arg>
<doc>Waits until the element ``locator`` appears on the current page.</doc>
<status status="PASS" start="2025-07-13T06:23:26.718396" elapsed="0.050999"/>
</kw>
<status status="PASS" start="2025-07-13T06:23:26.549394" elapsed="0.220001"/>
</kw>
<kw name="Navigate to Add Picture Page" owner="keywords">
<kw name="Click Element" owner="SeleniumLibrary">
<msg time="2025-07-13T06:23:26.770395" level="INFO">Clicking element 'xpath=//*[@id="content"]/a'.</msg>
<arg>xpath=//*[@id="content"]/a</arg>
<doc>Click the element identified by ``locator``.</doc>
<status status="PASS" start="2025-07-13T06:23:26.770395" elapsed="0.384003"/>
</kw>
<status status="PASS" start="2025-07-13T06:23:26.769395" elapsed="0.385003"/>
</kw>
<kw name="Sleep" owner="BuiltIn">
<msg time="2025-07-13T06:23:28.156155" level="INFO">Slept 1 second.</msg>
<arg>1s</arg>
<doc>Pauses the test executed for the given time.</doc>
<status status="PASS" start="2025-07-13T06:23:27.154398" elapsed="1.001757"/>
</kw>
<kw name="Select From List By Value" owner="SeleniumLibrary">
<msg time="2025-07-13T06:23:28.156155" level="INFO">Selecting options from selection list 'xpath=//*[@id="newsId"]' by value 214.</msg>
<arg>xpath=//*[@id="newsId"]</arg>
<arg>214</arg>
<doc>Selects options from selection list ``locator`` by ``values``.</doc>
<status status="PASS" start="2025-07-13T06:23:28.156155" elapsed="0.054003"/>
</kw>
<kw name="Sleep" owner="BuiltIn">
<msg time="2025-07-13T06:23:29.210673" level="INFO">Slept 1 second.</msg>
<arg>1s</arg>
<doc>Pauses the test executed for the given time.</doc>
<status status="PASS" start="2025-07-13T06:23:28.210158" elapsed="1.000515"/>
</kw>
<kw name="Upload False Cover Image" owner="keywords">
<kw name="Choose File" owner="SeleniumLibrary">
<msg time="2025-07-13T06:23:29.211674" level="INFO">Sending E:\HawKishZ\งาน2025+\QA\Practice_web_test_project\project_web\NewsImage\crime1.png to browser.</msg>
<arg>xpath=//*[@id="coverImage"]</arg>
<arg>E:/HawKishZ/งาน2025+/QA/Practice_web_test_project/project_web/NewsImage/crime1.png</arg>
<doc>Inputs the ``file_path`` into the file input field ``locator``.</doc>
<status status="PASS" start="2025-07-13T06:23:29.211674" elapsed="0.020999"/>
</kw>
<status status="PASS" start="2025-07-13T06:23:29.210673" elapsed="0.022000"/>
</kw>
<kw name="Sleep" owner="BuiltIn">
<msg time="2025-07-13T06:23:30.234608" level="INFO">Slept 1 second.</msg>
<arg>1s</arg>
<doc>Pauses the test executed for the given time.</doc>
<status status="PASS" start="2025-07-13T06:23:29.233674" elapsed="1.000934"/>
</kw>
<kw name="Upload Multiple Content Pictures" owner="keywords">
<kw name="Normalize Path" owner="OperatingSystem">
<msg time="2025-07-13T06:23:30.235609" level="INFO">${file1} = E:\HawKishZ\งาน2025+\QA\Practice_web_test_project\project_web\NewsImage\sport2.1.png</msg>
<var>${file1}</var>
<arg>${IMG_PATH1}</arg>
<doc>Normalizes the given path.</doc>
<status status="PASS" start="2025-07-13T06:23:30.234608" elapsed="0.001001"/>
</kw>
<kw name="Normalize Path" owner="OperatingSystem">
<msg time="2025-07-13T06:23:30.235609" level="INFO">${file2} = E:\HawKishZ\งาน2025+\QA\Practice_web_test_project\project_web\NewsImage\sport2.2.png</msg>
<var>${file2}</var>
<arg>${IMG_PATH2}</arg>
<doc>Normalizes the given path.</doc>
<status status="PASS" start="2025-07-13T06:23:30.235609" elapsed="0.000000"/>
</kw>
<kw name="Catenate" owner="BuiltIn">
<msg time="2025-07-13T06:23:30.235609" level="INFO">${js} = const input = document.getElementById("contentImages"); const dt = new DataTransfer(); const file1 = new File([""], "E:\HawKishZ\งาน2025+\QA\Practice_web_test_project\project_web\NewsImage\sport2.1.pn...</msg>
<var>${js}</var>
<arg>const input = document.getElementById("contentImages");</arg>
<arg>const dt = new DataTransfer();</arg>
<arg>const file1 = new File([""], "${file1}", { type: "image/png" });</arg>
<arg>const file2 = new File([""], "${file2}", { type: "image/png" });</arg>
<arg>dt.items.add(file1);</arg>
<arg>dt.items.add(file2);</arg>
<arg>input.files = dt.files;</arg>
<doc>Catenates the given items together and returns the resulted string.</doc>
<status status="PASS" start="2025-07-13T06:23:30.235609" elapsed="0.000000"/>
</kw>
<kw name="Execute Javascript" owner="SeleniumLibrary">
<msg time="2025-07-13T06:23:30.236609" level="INFO">Executing JavaScript:
const input = document.getElementById("contentImages"); const dt = new DataTransfer(); const file1 = new File([""], "E:\HawKishZ\งาน2025+\QA\Practice_web_test_project\project_web\NewsImage\sport2.1.png", { type: "image/png" }); const file2 = new File([""], "E:\HawKishZ\งาน2025+\QA\Practice_web_test_project\project_web\NewsImage\sport2.2.png", { type: "image/png" }); dt.items.add(file1); dt.items.add(file2); input.files = dt.files;
Without any arguments.</msg>
<arg>${js}</arg>
<doc>Executes the given JavaScript code with possible arguments.</doc>
<status status="PASS" start="2025-07-13T06:23:30.235609" elapsed="0.005003"/>
</kw>
<status status="PASS" start="2025-07-13T06:23:30.234608" elapsed="0.006004"/>
</kw>
<kw name="Sleep" owner="BuiltIn">
<msg time="2025-07-13T06:23:31.241893" level="INFO">Slept 1 second.</msg>
<arg>1s</arg>
<doc>Pauses the test executed for the given time.</doc>
<status status="PASS" start="2025-07-13T06:23:30.241609" elapsed="1.000284"/>
</kw>
<kw name="Click Button" owner="SeleniumLibrary">
<msg time="2025-07-13T06:23:31.242891" level="INFO">Clicking button 'xpath=//*[@id="uploadForm"]/button'.</msg>
<arg>xpath=//*[@id="uploadForm"]/button</arg>
<doc>Clicks the button identified by ``locator``.</doc>
<status status="PASS" start="2025-07-13T06:23:31.241893" elapsed="0.055000"/>
</kw>
<kw name="Sleep" owner="BuiltIn">
<msg time="2025-07-13T06:23:36.297104" level="INFO">Slept 5 seconds.</msg>
<arg>5s</arg>
<doc>Pauses the test executed for the given time.</doc>
<status status="PASS" start="2025-07-13T06:23:31.296893" elapsed="5.000211"/>
</kw>
<kw name="Should Warning about Cover Image Filename" owner="keywords">
<kw name="Handle Alert" owner="SeleniumLibrary">
<msg time="2025-07-13T06:23:36.298104" level="INFO">HANDLE::&lt;class 'NoneType'&gt;::None</msg>
<msg time="2025-07-13T06:23:36.302108" level="INFO">${warning} = Cover image filename must start with "cover_".</msg>
<var>${warning}</var>
<arg>action=accept</arg>
<doc>Handles the current alert and returns its message.</doc>
<status status="PASS" start="2025-07-13T06:23:36.298104" elapsed="0.004004"/>
</kw>
<kw name="Should Be Equal" owner="BuiltIn">
<arg>${warning}</arg>
<arg>Cover image filename must start with "cover_".</arg>
<doc>Fails if the given objects are unequal.</doc>
<status status="PASS" start="2025-07-13T06:23:36.302108" elapsed="0.000000"/>
</kw>
<status status="PASS" start="2025-07-13T06:23:36.297104" elapsed="0.005004"/>
</kw>
<kw name="Sleep" owner="BuiltIn">
<msg time="2025-07-13T06:23:39.303298" level="INFO">Slept 3 seconds.</msg>
<arg>3s</arg>
<doc>Pauses the test executed for the given time.</doc>
<status status="PASS" start="2025-07-13T06:23:36.303105" elapsed="3.000193"/>
</kw>
<kw name="Close All Browsers" owner="SeleniumLibrary">
<doc>Closes all open browsers and resets the browser cache.</doc>
<status status="PASS" start="2025-07-13T06:23:39.303298" elapsed="6.174153"/>
</kw>
<status status="PASS" start="2025-07-13T06:23:24.164735" elapsed="21.312716"/>
</test>
<test id="s1-t2" name="TC-SR-008" line="25">
<kw name="Open Browser To Login Page" owner="keywords">
<kw name="Evaluate" owner="BuiltIn">
<msg time="2025-07-13T06:23:45.479445" level="INFO">${options} = &lt;selenium.webdriver.chrome.options.Options object at 0x0000018911E1D610&gt;</msg>
<var>${options}</var>
<arg>sys.modules['selenium.webdriver'].ChromeOptions()</arg>
<arg>sys, selenium.webdriver</arg>
<doc>Evaluates the given expression in Python and returns the result.</doc>
<status status="PASS" start="2025-07-13T06:23:45.479445" elapsed="0.000000"/>
</kw>
<kw name="Create List" owner="BuiltIn">
<msg time="2025-07-13T06:23:45.479445" level="INFO">${args} = ['--disable-blink-features=AutomationControlled', '--incognito']</msg>
<var>${args}</var>
<arg>--disable-blink-features=AutomationControlled</arg>
<arg>--incognito</arg>
<doc>Returns a list containing given items.</doc>
<status status="PASS" start="2025-07-13T06:23:45.479445" elapsed="0.000000"/>
</kw>
<for flavor="IN">
<iter>
<kw name="Call Method" owner="BuiltIn">
<arg>${options}</arg>
<arg>add_argument</arg>
<arg>${arg}</arg>
<doc>Calls the named method of the given object with the provided arguments.</doc>
<status status="PASS" start="2025-07-13T06:23:45.480444" elapsed="0.000000"/>
</kw>
<var name="${arg}">--disable-blink-features=AutomationControlled</var>
<status status="PASS" start="2025-07-13T06:23:45.480444" elapsed="0.000000"/>
</iter>
<iter>
<kw name="Call Method" owner="BuiltIn">
<arg>${options}</arg>
<arg>add_argument</arg>
<arg>${arg}</arg>
<doc>Calls the named method of the given object with the provided arguments.</doc>
<status status="PASS" start="2025-07-13T06:23:45.480444" elapsed="0.000000"/>
</kw>
<var name="${arg}">--incognito</var>
<status status="PASS" start="2025-07-13T06:23:45.480444" elapsed="0.000000"/>
</iter>
<var>${arg}</var>
<value>@{args}</value>
<status status="PASS" start="2025-07-13T06:23:45.479445" elapsed="0.000999"/>
</for>
<kw name="Create Dictionary" owner="BuiltIn">
<msg time="2025-07-13T06:23:45.481445" level="INFO">&amp;{prefs} = { credentials_enable_service=False | profile.password_manager_enabled=False }</msg>
<var>&amp;{prefs}</var>
<arg>credentials_enable_service=False</arg>
<arg>profile.password_manager_enabled=False</arg>
<doc>Creates and returns a dictionary based on the given ``items``.</doc>
<status status="PASS" start="2025-07-13T06:23:45.480444" elapsed="0.001001"/>
</kw>
<kw name="Call Method" owner="BuiltIn">
<arg>${options}</arg>
<arg>add_experimental_option</arg>
<arg>prefs</arg>
<arg>${prefs}</arg>
<doc>Calls the named method of the given object with the provided arguments.</doc>
<status status="PASS" start="2025-07-13T06:23:45.481445" elapsed="0.000000"/>
</kw>
<kw name="Create Webdriver" owner="SeleniumLibrary">
<msg time="2025-07-13T06:23:45.481445" level="INFO">Creating an instance of the Chrome WebDriver.</msg>
<arg>Chrome</arg>
<arg>options=${options}</arg>
<doc>Creates an instance of Selenium WebDriver.</doc>
<status status="PASS" start="2025-07-13T06:23:45.481445" elapsed="1.312950"/>
</kw>
<kw name="Maximize Browser Window" owner="SeleniumLibrary">
<doc>Maximizes current browser window.</doc>
<status status="PASS" start="2025-07-13T06:23:46.794395" elapsed="0.023458"/>
</kw>
<kw name="Go To" owner="SeleniumLibrary">
<msg time="2025-07-13T06:23:46.817853" level="INFO">Opening url 'https://co-newsproject.com/'</msg>
<arg>${URL}</arg>
<doc>Navigates the current browser window to the provided ``url``.</doc>
<status status="PASS" start="2025-07-13T06:23:46.817853" elapsed="0.211872"/>
</kw>
<status status="PASS" start="2025-07-13T06:23:45.479445" elapsed="1.550280"/>
</kw>
<kw name="Login As Admin" owner="keywords">
<kw name="Input Text" owner="SeleniumLibrary">
<msg time="2025-07-13T06:23:47.030725" level="INFO">Typing text 'abcd' into text field 'id=login'.</msg>
<arg>id=login</arg>
<arg>${USERNAME}</arg>
<doc>Types the given ``text`` into the text field identified by ``locator``.</doc>
<status status="PASS" start="2025-07-13T06:23:47.030725" elapsed="0.076000"/>
</kw>
<kw name="Input Text" owner="SeleniumLibrary">
<msg time="2025-07-13T06:23:47.106725" level="INFO">Typing text '1234' into text field 'id=password'.</msg>
<arg>id=password</arg>
<arg>${PASSWORD}</arg>
<doc>Types the given ``text`` into the text field identified by ``locator``.</doc>
<status status="PASS" start="2025-07-13T06:23:47.106725" elapsed="0.049996"/>
</kw>
<kw name="Click Button" owner="SeleniumLibrary">
<msg time="2025-07-13T06:23:47.156721" level="INFO">Clicking button 'xpath=//*[@id="loginForm"]/button'.</msg>
<arg>xpath=//*[@id="loginForm"]/button</arg>
<doc>Clicks the button identified by ``locator``.</doc>
<status status="PASS" start="2025-07-13T06:23:47.156721" elapsed="0.057004"/>
</kw>
<kw name="Handle Alert" owner="SeleniumLibrary">
<msg time="2025-07-13T06:23:47.213725" level="INFO">HANDLE::&lt;class 'NoneType'&gt;::None</msg>
<arg>accept</arg>
<doc>Handles the current alert and returns its message.</doc>
<status status="PASS" start="2025-07-13T06:23:47.213725" elapsed="0.505441"/>
</kw>
<kw name="Wait Until Location Contains" owner="SeleniumLibrary">
<arg>dashboard</arg>
<doc>Waits until the current URL contains ``expected``.</doc>
<status status="PASS" start="2025-07-13T06:23:47.719166" elapsed="0.064349"/>
</kw>
<status status="PASS" start="2025-07-13T06:23:47.030725" elapsed="0.752790"/>
</kw>
<kw name="Navigate to Picture Dashboard" owner="keywords">
<kw name="Click Element" owner="SeleniumLibrary">
<msg time="2025-07-13T06:23:47.783515" level="INFO">Clicking element 'id=newsDropdown'.</msg>
<arg>id=newsDropdown</arg>
<doc>Click the element identified by ``locator``.</doc>
<status status="PASS" start="2025-07-13T06:23:47.783515" elapsed="0.062999"/>
</kw>
<kw name="Click Element" owner="SeleniumLibrary">
<msg time="2025-07-13T06:23:47.847515" level="INFO">Clicking element 'xpath=//*[@id="newsDropdownContent"]/a[3]'.</msg>
<arg>xpath=//*[@id="newsDropdownContent"]/a[3]</arg>
<doc>Click the element identified by ``locator``.</doc>
<status status="PASS" start="2025-07-13T06:23:47.847515" elapsed="0.125947"/>
</kw>
<kw name="Wait Until Page Contains Element" owner="SeleniumLibrary">
<arg>xpath=//*[@id="gallery"]</arg>
<doc>Waits until the element ``locator`` appears on the current page.</doc>
<status status="PASS" start="2025-07-13T06:23:47.973462" elapsed="0.008999"/>
</kw>
<status status="PASS" start="2025-07-13T06:23:47.783515" elapsed="0.198946"/>
</kw>
<kw name="Navigate to Add Picture Page" owner="keywords">
<kw name="Click Element" owner="SeleniumLibrary">
<msg time="2025-07-13T06:23:47.983459" level="INFO">Clicking element 'xpath=//*[@id="content"]/a'.</msg>
<arg>xpath=//*[@id="content"]/a</arg>
<doc>Click the element identified by ``locator``.</doc>
<status status="PASS" start="2025-07-13T06:23:47.983459" elapsed="0.404029"/>
</kw>
<status status="PASS" start="2025-07-13T06:23:47.983459" elapsed="0.404029"/>
</kw>
<kw name="Sleep" owner="BuiltIn">
<msg time="2025-07-13T06:23:49.388631" level="INFO">Slept 1 second.</msg>
<arg>1s</arg>
<doc>Pauses the test executed for the given time.</doc>
<status status="PASS" start="2025-07-13T06:23:48.388488" elapsed="1.000143"/>
</kw>
<kw name="Select From List By Value" owner="SeleniumLibrary">
<msg time="2025-07-13T06:23:49.388631" level="INFO">Selecting options from selection list 'xpath=//*[@id="newsId"]' by value 214.</msg>
<arg>xpath=//*[@id="newsId"]</arg>
<arg>214</arg>
<doc>Selects options from selection list ``locator`` by ``values``.</doc>
<status status="PASS" start="2025-07-13T06:23:49.388631" elapsed="0.050952"/>
</kw>
<kw name="Sleep" owner="BuiltIn">
<msg time="2025-07-13T06:23:50.440207" level="INFO">Slept 1 second.</msg>
<arg>1s</arg>
<doc>Pauses the test executed for the given time.</doc>
<status status="PASS" start="2025-07-13T06:23:49.439583" elapsed="1.000624"/>
</kw>
<kw name="Choose File" owner="SeleniumLibrary">
<msg time="2025-07-13T06:23:50.440207" level="INFO">Sending E:\HawKishZ\งาน2025+\QA\Practice_web_test_project\project_web\NewsImage\Cover\cover_crime1.png to browser.</msg>
<arg>xpath=//*[@id="coverImage"]</arg>
<arg>E:/HawKishZ/งาน2025+/QA/Practice_web_test_project/project_web/NewsImage/Cover/cover_crime1.png</arg>
<doc>Inputs the ``file_path`` into the file input field ``locator``.</doc>
<status status="PASS" start="2025-07-13T06:23:50.440207" elapsed="0.022911"/>
</kw>
<kw name="Sleep" owner="BuiltIn">
<msg time="2025-07-13T06:23:51.463732" level="INFO">Slept 1 second.</msg>
<arg>1s</arg>
<doc>Pauses the test executed for the given time.</doc>
<status status="PASS" start="2025-07-13T06:23:50.463118" elapsed="1.000614"/>
</kw>
<kw name="Choose File" owner="SeleniumLibrary">
<msg time="2025-07-13T06:23:51.464733" level="INFO">Sending E:\HawKishZ\งาน2025+\QA\Practice_web_test_project\project_web\NewsImage\Cover\gif mock.gif to browser.</msg>
<arg>xpath=//*[@id="contentImages"]</arg>
<arg>E:/HawKishZ/งาน2025+/QA/Practice_web_test_project/project_web/NewsImage/Cover/gif mock.gif</arg>
<doc>Inputs the ``file_path`` into the file input field ``locator``.</doc>
<status status="PASS" start="2025-07-13T06:23:51.463732" elapsed="0.020003"/>
</kw>
<kw name="Sleep" owner="BuiltIn">
<msg time="2025-07-13T06:23:52.485338" level="INFO">Slept 1 second.</msg>
<arg>1s</arg>
<doc>Pauses the test executed for the given time.</doc>
<status status="PASS" start="2025-07-13T06:23:51.483735" elapsed="1.001603"/>
</kw>
<kw name="Click Button" owner="SeleniumLibrary">
<msg time="2025-07-13T06:23:52.485338" level="INFO">Clicking button 'xpath=//*[@id="uploadForm"]/button'.</msg>
<arg>xpath=//*[@id="uploadForm"]/button</arg>
<doc>Clicks the button identified by ``locator``.</doc>
<status status="PASS" start="2025-07-13T06:23:52.485338" elapsed="0.049994"/>
</kw>
<kw name="Sleep" owner="BuiltIn">
<msg time="2025-07-13T06:23:57.536204" level="INFO">Slept 5 seconds.</msg>
<arg>5s</arg>
<doc>Pauses the test executed for the given time.</doc>
<status status="PASS" start="2025-07-13T06:23:52.535332" elapsed="5.000872"/>
</kw>
<kw name="Should Warning about Image File Type" owner="keywords">
<kw name="Handle Alert" owner="SeleniumLibrary">
<msg time="2025-07-13T06:23:57.537204" level="INFO">HANDLE::&lt;class 'NoneType'&gt;::None</msg>
<msg time="2025-07-13T06:23:57.540204" level="INFO">${warning} = เกิดปัญหาขณะอัพโหลดรูปภาพ</msg>
<var>${warning}</var>
<arg>action=accept</arg>
<doc>Handles the current alert and returns its message.</doc>
<status status="PASS" start="2025-07-13T06:23:57.537204" elapsed="0.003000"/>
</kw>
<kw name="Should Be Equal" owner="BuiltIn">
<msg time="2025-07-13T06:23:57.540204" level="FAIL">เกิดปัญหาขณะอัพโหลดรูปภาพ != อนุญาตให้อัพโหลดเฉพาะไฟล์ .jpg และ .png เท่านั้น.</msg>
<arg>${warning}</arg>
<arg>อนุญาตให้อัพโหลดเฉพาะไฟล์ .jpg และ .png เท่านั้น.</arg>
<doc>Fails if the given objects are unequal.</doc>
<status status="FAIL" start="2025-07-13T06:23:57.540204" elapsed="0.000000">เกิดปัญหาขณะอัพโหลดรูปภาพ != อนุญาตให้อัพโหลดเฉพาะไฟล์ .jpg และ .png เท่านั้น.</status>
</kw>
<status status="FAIL" start="2025-07-13T06:23:57.536204" elapsed="0.005005">เกิดปัญหาขณะอัพโหลดรูปภาพ != อนุญาตให้อัพโหลดเฉพาะไฟล์ .jpg และ .png เท่านั้น.</status>
</kw>
<kw name="Sleep" owner="BuiltIn">
<arg>3s</arg>
<doc>Pauses the test executed for the given time.</doc>
<status status="NOT RUN" start="2025-07-13T06:23:57.541209" elapsed="0.000000"/>
</kw>
<kw name="Close All Browsers" owner="SeleniumLibrary">
<doc>Closes all open browsers and resets the browser cache.</doc>
<status status="NOT RUN" start="2025-07-13T06:23:57.542205" elapsed="0.000000"/>
</kw>
<status status="FAIL" start="2025-07-13T06:23:45.478445" elapsed="12.063760">เกิดปัญหาขณะอัพโหลดรูปภาพ != อนุญาตให้อัพโหลดเฉพาะไฟล์ .jpg และ .png เท่านั้น.</status>
</test>
<test id="s1-t3" name="TC-SR-009" line="43">
<kw name="Open Browser To Login Page" owner="keywords">
<kw name="Evaluate" owner="BuiltIn">
<msg time="2025-07-13T06:23:57.545206" level="INFO">${options} = &lt;selenium.webdriver.chrome.options.Options object at 0x0000018911172490&gt;</msg>
<var>${options}</var>
<arg>sys.modules['selenium.webdriver'].ChromeOptions()</arg>
<arg>sys, selenium.webdriver</arg>
<doc>Evaluates the given expression in Python and returns the result.</doc>
<status status="PASS" start="2025-07-13T06:23:57.544206" elapsed="0.001000"/>
</kw>
<kw name="Create List" owner="BuiltIn">
<msg time="2025-07-13T06:23:57.545206" level="INFO">${args} = ['--disable-blink-features=AutomationControlled', '--incognito']</msg>
<var>${args}</var>
<arg>--disable-blink-features=AutomationControlled</arg>
<arg>--incognito</arg>
<doc>Returns a list containing given items.</doc>
<status status="PASS" start="2025-07-13T06:23:57.545206" elapsed="0.000000"/>
</kw>
<for flavor="IN">
<iter>
<kw name="Call Method" owner="BuiltIn">
<arg>${options}</arg>
<arg>add_argument</arg>
<arg>${arg}</arg>
<doc>Calls the named method of the given object with the provided arguments.</doc>
<status status="PASS" start="2025-07-13T06:23:57.546205" elapsed="0.000000"/>
</kw>
<var name="${arg}">--disable-blink-features=AutomationControlled</var>
<status status="PASS" start="2025-07-13T06:23:57.545206" elapsed="0.000999"/>
</iter>
<iter>
<kw name="Call Method" owner="BuiltIn">
<arg>${options}</arg>
<arg>add_argument</arg>
<arg>${arg}</arg>
<doc>Calls the named method of the given object with the provided arguments.</doc>
<status status="PASS" start="2025-07-13T06:23:57.546205" elapsed="0.000000"/>
</kw>
<var name="${arg}">--incognito</var>
<status status="PASS" start="2025-07-13T06:23:57.546205" elapsed="0.000000"/>
</iter>
<var>${arg}</var>
<value>@{args}</value>
<status status="PASS" start="2025-07-13T06:23:57.545206" elapsed="0.000999"/>
</for>
<kw name="Create Dictionary" owner="BuiltIn">
<msg time="2025-07-13T06:23:57.547205" level="INFO">&amp;{prefs} = { credentials_enable_service=False | profile.password_manager_enabled=False }</msg>
<var>&amp;{prefs}</var>
<arg>credentials_enable_service=False</arg>
<arg>profile.password_manager_enabled=False</arg>
<doc>Creates and returns a dictionary based on the given ``items``.</doc>
<status status="PASS" start="2025-07-13T06:23:57.546205" elapsed="0.001000"/>
</kw>
<kw name="Call Method" owner="BuiltIn">
<arg>${options}</arg>
<arg>add_experimental_option</arg>
<arg>prefs</arg>
<arg>${prefs}</arg>
<doc>Calls the named method of the given object with the provided arguments.</doc>
<status status="PASS" start="2025-07-13T06:23:57.547205" elapsed="0.000000"/>
</kw>
<kw name="Create Webdriver" owner="SeleniumLibrary">
<msg time="2025-07-13T06:23:57.547205" level="INFO">Creating an instance of the Chrome WebDriver.</msg>
<arg>Chrome</arg>
<arg>options=${options}</arg>
<doc>Creates an instance of Selenium WebDriver.</doc>
<status status="PASS" start="2025-07-13T06:23:57.547205" elapsed="1.412855"/>
</kw>
<kw name="Maximize Browser Window" owner="SeleniumLibrary">
<doc>Maximizes current browser window.</doc>
<status status="PASS" start="2025-07-13T06:23:58.960060" elapsed="0.025999"/>
</kw>
<kw name="Go To" owner="SeleniumLibrary">
<msg time="2025-07-13T06:23:58.986059" level="INFO">Opening url 'https://co-newsproject.com/'</msg>
<arg>${URL}</arg>
<doc>Navigates the current browser window to the provided ``url``.</doc>
<status status="PASS" start="2025-07-13T06:23:58.986059" elapsed="0.215823"/>
</kw>
<status status="PASS" start="2025-07-13T06:23:57.544206" elapsed="1.657676"/>
</kw>
<kw name="Login As Admin" owner="keywords">
<kw name="Input Text" owner="SeleniumLibrary">
<msg time="2025-07-13T06:23:59.202881" level="INFO">Typing text 'abcd' into text field 'id=login'.</msg>
<arg>id=login</arg>
<arg>${USERNAME}</arg>
<doc>Types the given ``text`` into the text field identified by ``locator``.</doc>
<status status="PASS" start="2025-07-13T06:23:59.201882" elapsed="0.071996"/>
</kw>
<kw name="Input Text" owner="SeleniumLibrary">
<msg time="2025-07-13T06:23:59.274880" level="INFO">Typing text '1234' into text field 'id=password'.</msg>
<arg>id=password</arg>
<arg>${PASSWORD}</arg>
<doc>Types the given ``text`` into the text field identified by ``locator``.</doc>
<status status="PASS" start="2025-07-13T06:23:59.274880" elapsed="0.050997"/>
</kw>
<kw name="Click Button" owner="SeleniumLibrary">
<msg time="2025-07-13T06:23:59.326880" level="INFO">Clicking button 'xpath=//*[@id="loginForm"]/button'.</msg>
<arg>xpath=//*[@id="loginForm"]/button</arg>
<doc>Clicks the button identified by ``locator``.</doc>
<status status="PASS" start="2025-07-13T06:23:59.325877" elapsed="0.054003"/>
</kw>
<kw name="Handle Alert" owner="SeleniumLibrary">
<msg time="2025-07-13T06:23:59.379880" level="INFO">HANDLE::&lt;class 'NoneType'&gt;::None</msg>
<arg>accept</arg>
<doc>Handles the current alert and returns its message.</doc>
<status status="PASS" start="2025-07-13T06:23:59.379880" elapsed="0.505265"/>
</kw>
<kw name="Wait Until Location Contains" owner="SeleniumLibrary">
<arg>dashboard</arg>
<doc>Waits until the current URL contains ``expected``.</doc>
<status status="PASS" start="2025-07-13T06:23:59.885145" elapsed="0.058222"/>
</kw>
<status status="PASS" start="2025-07-13T06:23:59.201882" elapsed="0.741485"/>
</kw>
<kw name="Navigate to Picture Dashboard" owner="keywords">
<kw name="Click Element" owner="SeleniumLibrary">
<msg time="2025-07-13T06:23:59.944367" level="INFO">Clicking element 'id=newsDropdown'.</msg>
<arg>id=newsDropdown</arg>
<doc>Click the element identified by ``locator``.</doc>
<status status="PASS" start="2025-07-13T06:23:59.944367" elapsed="0.058003"/>
</kw>
<kw name="Click Element" owner="SeleniumLibrary">
<msg time="2025-07-13T06:24:00.002370" level="INFO">Clicking element 'xpath=//*[@id="newsDropdownContent"]/a[3]'.</msg>
<arg>xpath=//*[@id="newsDropdownContent"]/a[3]</arg>
<doc>Click the element identified by ``locator``.</doc>
<status status="PASS" start="2025-07-13T06:24:00.002370" elapsed="0.121998"/>
</kw>
<kw name="Wait Until Page Contains Element" owner="SeleniumLibrary">
<arg>xpath=//*[@id="gallery"]</arg>
<doc>Waits until the element ``locator`` appears on the current page.</doc>
<status status="PASS" start="2025-07-13T06:24:00.125372" elapsed="0.058515"/>
</kw>
<status status="PASS" start="2025-07-13T06:23:59.943367" elapsed="0.240520"/>
</kw>
<kw name="Search and Delete Picture" owner="keywords">
<kw name="Input Text" owner="SeleniumLibrary">
<msg time="2025-07-13T06:24:00.184888" level="INFO">Typing text '214' into text field 'id=searchInput'.</msg>
<arg>id=searchInput</arg>
<arg>${news_id}</arg>
<doc>Types the given ``text`` into the text field identified by ``locator``.</doc>
<status status="PASS" start="2025-07-13T06:24:00.184888" elapsed="0.095517"/>
</kw>
<kw name="Set Variable" owner="BuiltIn">
<msg time="2025-07-13T06:24:00.280405" level="INFO">${xpath} = //tbody[@id="gallery"]/tr/td[3]/button[contains(@onclick, "deleteImage(214")]</msg>
<var>${xpath}</var>
<arg>//tbody[@id="gallery"]/tr/td[3]/button[contains(@onclick, "deleteImage(${news_id}")]</arg>
<doc>Returns the given values which can then be assigned to a variables.</doc>
<status status="PASS" start="2025-07-13T06:24:00.280405" elapsed="0.000000"/>
</kw>
<kw name="Wait Until Element Is Visible" owner="SeleniumLibrary">
<arg>xpath=${xpath}</arg>
<arg>timeout=10s</arg>
<doc>Waits until the element ``locator`` is visible.</doc>
<status status="PASS" start="2025-07-13T06:24:00.280405" elapsed="0.015998"/>
</kw>
<kw name="Click Element" owner="SeleniumLibrary">
<msg time="2025-07-13T06:24:00.297403" level="INFO">Clicking element 'xpath=//tbody[@id="gallery"]/tr/td[3]/button[contains(@onclick, "deleteImage(214")]'.</msg>
<arg>xpath=${xpath}</arg>
<doc>Click the element identified by ``locator``.</doc>
<status status="PASS" start="2025-07-13T06:24:00.296403" elapsed="0.041000"/>
</kw>
<kw name="Wait Until Page Does Not Contain" owner="SeleniumLibrary">
<arg>${news_id}</arg>
<arg>timeout=10s</arg>
<doc>Waits until ``text`` disappears from the current page.</doc>
<status status="PASS" start="2025-07-13T06:24:00.337403" elapsed="0.311550"/>
</kw>
<arg>214</arg>
<status status="PASS" start="2025-07-13T06:24:00.183887" elapsed="0.465066"/>
</kw>
<kw name="Sleep" owner="BuiltIn">
<msg time="2025-07-13T06:24:03.650776" level="INFO">Slept 3 seconds.</msg>
<arg>3s</arg>
<doc>Pauses the test executed for the given time.</doc>
<status status="PASS" start="2025-07-13T06:24:00.649953" elapsed="3.000823"/>
</kw>
<kw name="Close All Browsers" owner="SeleniumLibrary">
<doc>Closes all open browsers and resets the browser cache.</doc>
<status status="PASS" start="2025-07-13T06:24:03.650776" elapsed="12.421610"/>
</kw>
<status status="PASS" start="2025-07-13T06:23:57.543206" elapsed="18.529180"/>
</test>
<doc>Scenario 03 - ตรวจสอบฟังก์ชันการจัดการรูปภาพในระบบ</doc>
<status status="FAIL" start="2025-07-13T06:23:23.918816" elapsed="52.154570"/>
</suite>
<statistics>
<total>
<stat pass="2" fail="1" skip="0">All Tests</stat>
</total>
<tag>
</tag>
<suite>
<stat pass="2" fail="1" skip="0" id="s1" name="Scenario003">Scenario003</stat>
</suite>
</statistics>
<errors>
</errors>
</robot>
