<?xml version="1.0" encoding="UTF-8"?>
<robot generator="Robot 7.0 (Python 3.11.4 on win32)" generated="2025-10-06T18:59:53.131452" rpa="false" schemaversion="5">
<suite id="s1" name="Scenario002" source="E:\HawKishZ\งาน2025+\QA\Practice_test_project\project_web\robot\tests\scenario002.robot">
<test id="s1-t1" name="TC-SR-004" line="9">
<kw name="Open Browser To Login Page" owner="keywords">
<kw name="Evaluate" owner="BuiltIn">
<msg time="2025-10-06T18:59:53.362665" level="INFO">${options} = &lt;selenium.webdriver.chrome.options.Options object at 0x0000022C186490D0&gt;</msg>
<var>${options}</var>
<arg>sys.modules['selenium.webdriver'].ChromeOptions()</arg>
<arg>sys, selenium.webdriver</arg>
<doc>Evaluates the given expression in Python and returns the result.</doc>
<status status="PASS" start="2025-10-06T18:59:53.362665" elapsed="0.000000"/>
</kw>
<kw name="Create List" owner="BuiltIn">
<msg time="2025-10-06T18:59:53.363628" level="INFO">${args} = ['--disable-blink-features=AutomationControlled', '--incognito']</msg>
<var>${args}</var>
<arg>--disable-blink-features=AutomationControlled</arg>
<arg>--incognito</arg>
<doc>Returns a list containing given items.</doc>
<status status="PASS" start="2025-10-06T18:59:53.363628" elapsed="0.000000"/>
</kw>
<for flavor="IN">
<iter>
<kw name="Call Method" owner="BuiltIn">
<arg>${options}</arg>
<arg>add_argument</arg>
<arg>${arg}</arg>
<doc>Calls the named method of the given object with the provided arguments.</doc>
<status status="PASS" start="2025-10-06T18:59:53.363628" elapsed="0.000000"/>
</kw>
<var name="${arg}">--disable-blink-features=AutomationControlled</var>
<status status="PASS" start="2025-10-06T18:59:53.363628" elapsed="0.000000"/>
</iter>
<iter>
<kw name="Call Method" owner="BuiltIn">
<arg>${options}</arg>
<arg>add_argument</arg>
<arg>${arg}</arg>
<doc>Calls the named method of the given object with the provided arguments.</doc>
<status status="PASS" start="2025-10-06T18:59:53.363628" elapsed="0.000997"/>
</kw>
<var name="${arg}">--incognito</var>
<status status="PASS" start="2025-10-06T18:59:53.363628" elapsed="0.000997"/>
</iter>
<var>${arg}</var>
<value>@{args}</value>
<status status="PASS" start="2025-10-06T18:59:53.363628" elapsed="0.000997"/>
</for>
<kw name="Create Dictionary" owner="BuiltIn">
<msg time="2025-10-06T18:59:53.364625" level="INFO">&amp;{prefs} = { credentials_enable_service=False | profile.password_manager_enabled=False }</msg>
<var>&amp;{prefs}</var>
<arg>credentials_enable_service=False</arg>
<arg>profile.password_manager_enabled=False</arg>
<doc>Creates and returns a dictionary based on the given ``items``.</doc>
<status status="PASS" start="2025-10-06T18:59:53.364625" elapsed="0.000000"/>
</kw>
<kw name="Call Method" owner="BuiltIn">
<arg>${options}</arg>
<arg>add_experimental_option</arg>
<arg>prefs</arg>
<arg>${prefs}</arg>
<doc>Calls the named method of the given object with the provided arguments.</doc>
<status status="PASS" start="2025-10-06T18:59:53.364625" elapsed="0.000000"/>
</kw>
<kw name="Create Webdriver" owner="SeleniumLibrary">
<msg time="2025-10-06T18:59:53.365623" level="INFO">Creating an instance of the Chrome WebDriver.</msg>
<arg>Chrome</arg>
<arg>options=${options}</arg>
<doc>Creates an instance of Selenium WebDriver.</doc>
<status status="PASS" start="2025-10-06T18:59:53.365623" elapsed="1.278726"/>
</kw>
<kw name="Maximize Browser Window" owner="SeleniumLibrary">
<doc>Maximizes current browser window.</doc>
<status status="PASS" start="2025-10-06T18:59:54.644349" elapsed="0.023947"/>
</kw>
<kw name="Go To" owner="SeleniumLibrary">
<msg time="2025-10-06T18:59:54.669281" level="INFO">Opening url 'https://co-newsproject.com/'</msg>
<arg>${URL}</arg>
<doc>Navigates the current browser window to the provided ``url``.</doc>
<status status="PASS" start="2025-10-06T18:59:54.668296" elapsed="0.388269"/>
</kw>
<status status="PASS" start="2025-10-06T18:59:53.361634" elapsed="1.695929"/>
</kw>
<kw name="Login As Admin" owner="keywords">
<kw name="Input Text" owner="SeleniumLibrary">
<msg time="2025-10-06T18:59:55.058561" level="INFO">Typing text 'abcd' into text field 'id=login'.</msg>
<arg>id=login</arg>
<arg>${USERNAME}</arg>
<doc>Types the given ``text`` into the text field identified by ``locator``.</doc>
<status status="PASS" start="2025-10-06T18:59:55.057563" elapsed="0.067818"/>
</kw>
<kw name="Input Text" owner="SeleniumLibrary">
<msg time="2025-10-06T18:59:55.126379" level="INFO">Typing text '1234' into text field 'id=password'.</msg>
<arg>id=password</arg>
<arg>${PASSWORD}</arg>
<doc>Types the given ``text`` into the text field identified by ``locator``.</doc>
<status status="PASS" start="2025-10-06T18:59:55.126379" elapsed="0.046033"/>
</kw>
<kw name="Click Button" owner="SeleniumLibrary">
<msg time="2025-10-06T18:59:55.173410" level="INFO">Clicking button 'xpath=//*[@id="loginForm"]/button'.</msg>
<arg>xpath=//*[@id="loginForm"]/button</arg>
<doc>Clicks the button identified by ``locator``.</doc>
<status status="PASS" start="2025-10-06T18:59:55.172412" elapsed="0.051861"/>
</kw>
<kw name="Handle Alert" owner="SeleniumLibrary">
<msg time="2025-10-06T18:59:55.224273" level="INFO">HANDLE::&lt;class 'NoneType'&gt;::None</msg>
<arg>accept</arg>
<doc>Handles the current alert and returns its message.</doc>
<status status="PASS" start="2025-10-06T18:59:55.224273" elapsed="0.505128"/>
</kw>
<kw name="Wait Until Location Contains" owner="SeleniumLibrary">
<arg>dashboard</arg>
<doc>Waits until the current URL contains ``expected``.</doc>
<status status="PASS" start="2025-10-06T18:59:55.729401" elapsed="0.057216"/>
</kw>
<status status="PASS" start="2025-10-06T18:59:55.057563" elapsed="0.729054"/>
</kw>
<kw name="Navigate to News Dashboard" owner="keywords">
<kw name="Click Element" owner="SeleniumLibrary">
<msg time="2025-10-06T18:59:55.787614" level="INFO">Clicking element 'id=newsDropdown'.</msg>
<arg>id=newsDropdown</arg>
<doc>Click the element identified by ``locator``.</doc>
<status status="PASS" start="2025-10-06T18:59:55.787614" elapsed="0.056422"/>
</kw>
<kw name="Click Element" owner="SeleniumLibrary">
<msg time="2025-10-06T18:59:55.844036" level="INFO">Clicking element 'xpath=//*[@id="newsDropdownContent"]/a[1]'.</msg>
<arg>xpath=//*[@id="newsDropdownContent"]/a[1]</arg>
<doc>Click the element identified by ``locator``.</doc>
<status status="PASS" start="2025-10-06T18:59:55.844036" elapsed="0.078324"/>
</kw>
<kw name="Wait Until Page Contains Element" owner="SeleniumLibrary">
<arg>xpath=//tbody[@id="newsList"]</arg>
<arg>timeout=10s</arg>
<doc>Waits until the element ``locator`` appears on the current page.</doc>
<status status="PASS" start="2025-10-06T18:59:55.922360" elapsed="0.011969"/>
</kw>
<status status="PASS" start="2025-10-06T18:59:55.786617" elapsed="0.147712"/>
</kw>
<kw name="Wait Until Location Contains" owner="SeleniumLibrary">
<arg>expected=${URL}views/news/news.html</arg>
<doc>Waits until the current URL contains ``expected``.</doc>
<status status="PASS" start="2025-10-06T18:59:55.934329" elapsed="0.002991"/>
</kw>
<kw name="Sleep" owner="BuiltIn">
<msg time="2025-10-06T18:59:57.938019" level="INFO">Slept 2 seconds.</msg>
<arg>2s</arg>
<doc>Pauses the test executed for the given time.</doc>
<status status="PASS" start="2025-10-06T18:59:55.937320" elapsed="2.000699"/>
</kw>
<kw name="Close All Browsers" owner="SeleniumLibrary">
<doc>Closes all open browsers and resets the browser cache.</doc>
<status status="PASS" start="2025-10-06T18:59:57.938019" elapsed="6.160406"/>
</kw>
<status status="PASS" start="2025-10-06T18:59:53.361634" elapsed="10.736791"/>
</test>
<test id="s1-t2" name="TC-SR-005" line="17">
<kw name="Open Browser To Login Page" owner="keywords">
<kw name="Evaluate" owner="BuiltIn">
<msg time="2025-10-06T19:00:04.100443" level="INFO">${options} = &lt;selenium.webdriver.chrome.options.Options object at 0x0000022C18675210&gt;</msg>
<var>${options}</var>
<arg>sys.modules['selenium.webdriver'].ChromeOptions()</arg>
<arg>sys, selenium.webdriver</arg>
<doc>Evaluates the given expression in Python and returns the result.</doc>
<status status="PASS" start="2025-10-06T19:00:04.100443" elapsed="0.000000"/>
</kw>
<kw name="Create List" owner="BuiltIn">
<msg time="2025-10-06T19:00:04.101417" level="INFO">${args} = ['--disable-blink-features=AutomationControlled', '--incognito']</msg>
<var>${args}</var>
<arg>--disable-blink-features=AutomationControlled</arg>
<arg>--incognito</arg>
<doc>Returns a list containing given items.</doc>
<status status="PASS" start="2025-10-06T19:00:04.101417" elapsed="0.000000"/>
</kw>
<for flavor="IN">
<iter>
<kw name="Call Method" owner="BuiltIn">
<arg>${options}</arg>
<arg>add_argument</arg>
<arg>${arg}</arg>
<doc>Calls the named method of the given object with the provided arguments.</doc>
<status status="PASS" start="2025-10-06T19:00:04.101417" elapsed="0.000000"/>
</kw>
<var name="${arg}">--disable-blink-features=AutomationControlled</var>
<status status="PASS" start="2025-10-06T19:00:04.101417" elapsed="0.000000"/>
</iter>
<iter>
<kw name="Call Method" owner="BuiltIn">
<arg>${options}</arg>
<arg>add_argument</arg>
<arg>${arg}</arg>
<doc>Calls the named method of the given object with the provided arguments.</doc>
<status status="PASS" start="2025-10-06T19:00:04.101417" elapsed="0.000000"/>
</kw>
<var name="${arg}">--incognito</var>
<status status="PASS" start="2025-10-06T19:00:04.101417" elapsed="0.000997"/>
</iter>
<var>${arg}</var>
<value>@{args}</value>
<status status="PASS" start="2025-10-06T19:00:04.101417" elapsed="0.000997"/>
</for>
<kw name="Create Dictionary" owner="BuiltIn">
<msg time="2025-10-06T19:00:04.102414" level="INFO">&amp;{prefs} = { credentials_enable_service=False | profile.password_manager_enabled=False }</msg>
<var>&amp;{prefs}</var>
<arg>credentials_enable_service=False</arg>
<arg>profile.password_manager_enabled=False</arg>
<doc>Creates and returns a dictionary based on the given ``items``.</doc>
<status status="PASS" start="2025-10-06T19:00:04.102414" elapsed="0.000000"/>
</kw>
<kw name="Call Method" owner="BuiltIn">
<arg>${options}</arg>
<arg>add_experimental_option</arg>
<arg>prefs</arg>
<arg>${prefs}</arg>
<doc>Calls the named method of the given object with the provided arguments.</doc>
<status status="PASS" start="2025-10-06T19:00:04.102414" elapsed="0.000000"/>
</kw>
<kw name="Create Webdriver" owner="SeleniumLibrary">
<msg time="2025-10-06T19:00:04.102414" level="INFO">Creating an instance of the Chrome WebDriver.</msg>
<arg>Chrome</arg>
<arg>options=${options}</arg>
<doc>Creates an instance of Selenium WebDriver.</doc>
<status status="PASS" start="2025-10-06T19:00:04.102414" elapsed="1.264254"/>
</kw>
<kw name="Maximize Browser Window" owner="SeleniumLibrary">
<doc>Maximizes current browser window.</doc>
<status status="PASS" start="2025-10-06T19:00:05.366668" elapsed="0.022939"/>
</kw>
<kw name="Go To" owner="SeleniumLibrary">
<msg time="2025-10-06T19:00:05.389607" level="INFO">Opening url 'https://co-newsproject.com/'</msg>
<arg>${URL}</arg>
<doc>Navigates the current browser window to the provided ``url``.</doc>
<status status="PASS" start="2025-10-06T19:00:05.389607" elapsed="0.198977"/>
</kw>
<status status="PASS" start="2025-10-06T19:00:04.100443" elapsed="1.488141"/>
</kw>
<kw name="Login As Admin" owner="keywords">
<kw name="Input Text" owner="SeleniumLibrary">
<msg time="2025-10-06T19:00:05.590577" level="INFO">Typing text 'abcd' into text field 'id=login'.</msg>
<arg>id=login</arg>
<arg>${USERNAME}</arg>
<doc>Types the given ``text`` into the text field identified by ``locator``.</doc>
<status status="PASS" start="2025-10-06T19:00:05.589582" elapsed="0.071807"/>
</kw>
<kw name="Input Text" owner="SeleniumLibrary">
<msg time="2025-10-06T19:00:05.662386" level="INFO">Typing text '1234' into text field 'id=password'.</msg>
<arg>id=password</arg>
<arg>${PASSWORD}</arg>
<doc>Types the given ``text`` into the text field identified by ``locator``.</doc>
<status status="PASS" start="2025-10-06T19:00:05.661389" elapsed="0.047871"/>
</kw>
<kw name="Click Button" owner="SeleniumLibrary">
<msg time="2025-10-06T19:00:05.709260" level="INFO">Clicking button 'xpath=//*[@id="loginForm"]/button'.</msg>
<arg>xpath=//*[@id="loginForm"]/button</arg>
<doc>Clicks the button identified by ``locator``.</doc>
<status status="PASS" start="2025-10-06T19:00:05.709260" elapsed="0.050864"/>
</kw>
<kw name="Handle Alert" owner="SeleniumLibrary">
<msg time="2025-10-06T19:00:05.760124" level="INFO">HANDLE::&lt;class 'NoneType'&gt;::None</msg>
<arg>accept</arg>
<doc>Handles the current alert and returns its message.</doc>
<status status="PASS" start="2025-10-06T19:00:05.760124" elapsed="0.505223"/>
</kw>
<kw name="Wait Until Location Contains" owner="SeleniumLibrary">
<arg>dashboard</arg>
<doc>Waits until the current URL contains ``expected``.</doc>
<status status="PASS" start="2025-10-06T19:00:06.265347" elapsed="0.072809"/>
</kw>
<status status="PASS" start="2025-10-06T19:00:05.589582" elapsed="0.748574"/>
</kw>
<kw name="Navigate to Picture Dashboard" owner="keywords">
<kw name="Click Element" owner="SeleniumLibrary">
<msg time="2025-10-06T19:00:06.339153" level="INFO">Clicking element 'id=newsDropdown'.</msg>
<arg>id=newsDropdown</arg>
<doc>Click the element identified by ``locator``.</doc>
<status status="PASS" start="2025-10-06T19:00:06.338156" elapsed="0.053386"/>
</kw>
<kw name="Click Element" owner="SeleniumLibrary">
<msg time="2025-10-06T19:00:06.392540" level="INFO">Clicking element 'xpath=//*[@id="newsDropdownContent"]/a[3]'.</msg>
<arg>xpath=//*[@id="newsDropdownContent"]/a[3]</arg>
<doc>Click the element identified by ``locator``.</doc>
<status status="PASS" start="2025-10-06T19:00:06.391542" elapsed="0.205959"/>
</kw>
<kw name="Wait Until Page Contains Element" owner="SeleniumLibrary">
<arg>xpath=//*[@id="gallery"]</arg>
<doc>Waits until the element ``locator`` appears on the current page.</doc>
<status status="PASS" start="2025-10-06T19:00:06.597501" elapsed="0.006980"/>
</kw>
<status status="PASS" start="2025-10-06T19:00:06.338156" elapsed="0.267323"/>
</kw>
<kw name="Wait Until Location Contains" owner="SeleniumLibrary">
<arg>expected=${URL}views/picture/picture.html</arg>
<doc>Waits until the current URL contains ``expected``.</doc>
<status status="PASS" start="2025-10-06T19:00:06.605479" elapsed="0.001995"/>
</kw>
<kw name="Sleep" owner="BuiltIn">
<msg time="2025-10-06T19:00:08.607767" level="INFO">Slept 2 seconds.</msg>
<arg>2s</arg>
<doc>Pauses the test executed for the given time.</doc>
<status status="PASS" start="2025-10-06T19:00:06.607474" elapsed="2.000293"/>
</kw>
<kw name="Close All Browsers" owner="SeleniumLibrary">
<doc>Closes all open browsers and resets the browser cache.</doc>
<status status="PASS" start="2025-10-06T19:00:08.607767" elapsed="6.157202"/>
</kw>
<status status="PASS" start="2025-10-06T19:00:04.099431" elapsed="10.665538"/>
</test>
<test id="s1-t3" name="TC-SR-006" line="25">
<kw name="Open Browser To Login Page" owner="keywords">
<kw name="Evaluate" owner="BuiltIn">
<msg time="2025-10-06T19:00:14.766964" level="INFO">${options} = &lt;selenium.webdriver.chrome.options.Options object at 0x0000022C18674910&gt;</msg>
<var>${options}</var>
<arg>sys.modules['selenium.webdriver'].ChromeOptions()</arg>
<arg>sys, selenium.webdriver</arg>
<doc>Evaluates the given expression in Python and returns the result.</doc>
<status status="PASS" start="2025-10-06T19:00:14.766964" elapsed="0.000000"/>
</kw>
<kw name="Create List" owner="BuiltIn">
<msg time="2025-10-06T19:00:14.767962" level="INFO">${args} = ['--disable-blink-features=AutomationControlled', '--incognito']</msg>
<var>${args}</var>
<arg>--disable-blink-features=AutomationControlled</arg>
<arg>--incognito</arg>
<doc>Returns a list containing given items.</doc>
<status status="PASS" start="2025-10-06T19:00:14.766964" elapsed="0.000998"/>
</kw>
<for flavor="IN">
<iter>
<kw name="Call Method" owner="BuiltIn">
<arg>${options}</arg>
<arg>add_argument</arg>
<arg>${arg}</arg>
<doc>Calls the named method of the given object with the provided arguments.</doc>
<status status="PASS" start="2025-10-06T19:00:14.767962" elapsed="0.000000"/>
</kw>
<var name="${arg}">--disable-blink-features=AutomationControlled</var>
<status status="PASS" start="2025-10-06T19:00:14.767962" elapsed="0.000000"/>
</iter>
<iter>
<kw name="Call Method" owner="BuiltIn">
<arg>${options}</arg>
<arg>add_argument</arg>
<arg>${arg}</arg>
<doc>Calls the named method of the given object with the provided arguments.</doc>
<status status="PASS" start="2025-10-06T19:00:14.767962" elapsed="0.000000"/>
</kw>
<var name="${arg}">--incognito</var>
<status status="PASS" start="2025-10-06T19:00:14.767962" elapsed="0.000000"/>
</iter>
<var>${arg}</var>
<value>@{args}</value>
<status status="PASS" start="2025-10-06T19:00:14.767962" elapsed="0.000000"/>
</for>
<kw name="Create Dictionary" owner="BuiltIn">
<msg time="2025-10-06T19:00:14.768959" level="INFO">&amp;{prefs} = { credentials_enable_service=False | profile.password_manager_enabled=False }</msg>
<var>&amp;{prefs}</var>
<arg>credentials_enable_service=False</arg>
<arg>profile.password_manager_enabled=False</arg>
<doc>Creates and returns a dictionary based on the given ``items``.</doc>
<status status="PASS" start="2025-10-06T19:00:14.768959" elapsed="0.000000"/>
</kw>
<kw name="Call Method" owner="BuiltIn">
<arg>${options}</arg>
<arg>add_experimental_option</arg>
<arg>prefs</arg>
<arg>${prefs}</arg>
<doc>Calls the named method of the given object with the provided arguments.</doc>
<status status="PASS" start="2025-10-06T19:00:14.768959" elapsed="0.000000"/>
</kw>
<kw name="Create Webdriver" owner="SeleniumLibrary">
<msg time="2025-10-06T19:00:14.768959" level="INFO">Creating an instance of the Chrome WebDriver.</msg>
<arg>Chrome</arg>
<arg>options=${options}</arg>
<doc>Creates an instance of Selenium WebDriver.</doc>
<status status="PASS" start="2025-10-06T19:00:14.768959" elapsed="1.264820"/>
</kw>
<kw name="Maximize Browser Window" owner="SeleniumLibrary">
<doc>Maximizes current browser window.</doc>
<status status="PASS" start="2025-10-06T19:00:16.033779" elapsed="0.020944"/>
</kw>
<kw name="Go To" owner="SeleniumLibrary">
<msg time="2025-10-06T19:00:16.054723" level="INFO">Opening url 'https://co-newsproject.com/'</msg>
<arg>${URL}</arg>
<doc>Navigates the current browser window to the provided ``url``.</doc>
<status status="PASS" start="2025-10-06T19:00:16.054723" elapsed="0.213436"/>
</kw>
<status status="PASS" start="2025-10-06T19:00:14.766964" elapsed="1.501195"/>
</kw>
<kw name="Login As Admin" owner="keywords">
<kw name="Input Text" owner="SeleniumLibrary">
<msg time="2025-10-06T19:00:16.269156" level="INFO">Typing text 'abcd' into text field 'id=login'.</msg>
<arg>id=login</arg>
<arg>${USERNAME}</arg>
<doc>Types the given ``text`` into the text field identified by ``locator``.</doc>
<status status="PASS" start="2025-10-06T19:00:16.269156" elapsed="0.075307"/>
</kw>
<kw name="Input Text" owner="SeleniumLibrary">
<msg time="2025-10-06T19:00:16.345460" level="INFO">Typing text '1234' into text field 'id=password'.</msg>
<arg>id=password</arg>
<arg>${PASSWORD}</arg>
<doc>Types the given ``text`` into the text field identified by ``locator``.</doc>
<status status="PASS" start="2025-10-06T19:00:16.345460" elapsed="0.047872"/>
</kw>
<kw name="Click Button" owner="SeleniumLibrary">
<msg time="2025-10-06T19:00:16.394328" level="INFO">Clicking button 'xpath=//*[@id="loginForm"]/button'.</msg>
<arg>xpath=//*[@id="loginForm"]/button</arg>
<doc>Clicks the button identified by ``locator``.</doc>
<status status="PASS" start="2025-10-06T19:00:16.393332" elapsed="0.051861"/>
</kw>
<kw name="Handle Alert" owner="SeleniumLibrary">
<msg time="2025-10-06T19:00:16.445193" level="INFO">HANDLE::&lt;class 'NoneType'&gt;::None</msg>
<arg>accept</arg>
<doc>Handles the current alert and returns its message.</doc>
<status status="PASS" start="2025-10-06T19:00:16.445193" elapsed="0.504661"/>
</kw>
<kw name="Wait Until Location Contains" owner="SeleniumLibrary">
<arg>dashboard</arg>
<doc>Waits until the current URL contains ``expected``.</doc>
<status status="PASS" start="2025-10-06T19:00:16.950852" elapsed="0.069811"/>
</kw>
<status status="PASS" start="2025-10-06T19:00:16.268159" elapsed="0.752504"/>
</kw>
<kw name="Logout" owner="keywords">
<kw name="Click Button" owner="SeleniumLibrary">
<msg time="2025-10-06T19:00:17.021661" level="INFO">Clicking button 'id=logoutButton'.</msg>
<arg>id=logoutButton</arg>
<doc>Clicks the button identified by ``locator``.</doc>
<status status="PASS" start="2025-10-06T19:00:17.021661" elapsed="0.106310"/>
</kw>
<status status="PASS" start="2025-10-06T19:00:17.021661" elapsed="0.106310"/>
</kw>
<kw name="Wait Until Location Contains" owner="SeleniumLibrary">
<arg>expected=${URL}views/login.html</arg>
<doc>Waits until the current URL contains ``expected``.</doc>
<status status="PASS" start="2025-10-06T19:00:17.128969" elapsed="0.007980"/>
</kw>
<kw name="Execute Javascript" owner="SeleniumLibrary">
<msg time="2025-10-06T19:00:17.137945" level="INFO">Executing JavaScript:
return window.localStorage.getItem("isLoggedIn");
Without any arguments.</msg>
<msg time="2025-10-06T19:00:17.140937" level="INFO">${session} = None</msg>
<var>${session}</var>
<arg>return window.localStorage.getItem("isLoggedIn");</arg>
<doc>Executes the given JavaScript code with possible arguments.</doc>
<status status="PASS" start="2025-10-06T19:00:17.137945" elapsed="0.002992"/>
</kw>
<kw name="Should Be Equal" owner="BuiltIn">
<arg>${session}</arg>
<arg>${None}</arg>
<doc>Fails if the given objects are unequal.</doc>
<status status="PASS" start="2025-10-06T19:00:17.141935" elapsed="0.000000"/>
</kw>
<kw name="Sleep" owner="BuiltIn">
<msg time="2025-10-06T19:00:19.142836" level="INFO">Slept 2 seconds.</msg>
<arg>2s</arg>
<doc>Pauses the test executed for the given time.</doc>
<status status="PASS" start="2025-10-06T19:00:17.141935" elapsed="2.000901"/>
</kw>
<kw name="Close All Browsers" owner="SeleniumLibrary">
<doc>Closes all open browsers and resets the browser cache.</doc>
<status status="PASS" start="2025-10-06T19:00:19.142836" elapsed="7.678731"/>
</kw>
<status status="PASS" start="2025-10-06T19:00:14.765967" elapsed="12.055600"/>
</test>
<doc>Scenario 02 - ตรวจสอบการทำงานของแถบนำทาง (Navigation Bar)</doc>
<status status="PASS" start="2025-10-06T18:59:53.132449" elapsed="33.690114"/>
</suite>
<statistics>
<total>
<stat pass="3" fail="0" skip="0">All Tests</stat>
</total>
<tag>
</tag>
<suite>
<stat pass="3" fail="0" skip="0" id="s1" name="Scenario002">Scenario002</stat>
</suite>
</statistics>
<errors>
</errors>
</robot>
